{"contracts/WorkQuest.sol":{"l":{"115":28,"116":28,"117":28,"118":28,"119":28,"120":28,"121":28,"122":28,"124":28,"145":2,"158":0,"159":0,"160":0,"167":0,"168":0,"169":0,"170":0,"171":0,"172":0,"174":0,"175":0,"183":1,"187":0,"188":0,"189":0,"190":0,"197":1,"198":0,"199":0,"206":0,"207":0,"208":0,"215":0,"219":0,"220":0,"227":0,"228":0,"229":0,"230":0,"237":0,"241":0,"242":0,"243":0,"250":0,"257":0,"258":0,"265":0,"269":0,"270":0,"271":0,"280":0,"284":0,"288":0,"289":0,"290":0,"291":0,"298":0,"302":0,"303":0,"304":0,"311":0,"315":0,"316":0,"317":0,"318":0,"319":0,"323":0,"324":0,"328":0,"329":0,"330":0,"331":0,"332":0,"333":0,"334":0,"338":0,"339":0,"341":0},"path":"/home/des/Documents/WorkQuest/Contracts/contracts/WorkQuest.sol","s":{"1":28,"2":28,"3":28,"4":28,"5":28,"6":28,"7":28,"8":28,"9":28,"10":2,"11":0,"12":0,"13":0,"14":1,"15":0,"16":0,"17":0,"18":0,"19":1,"20":0,"21":0,"22":0,"23":0,"24":0,"25":0,"26":0,"27":0,"28":0,"29":0,"30":0,"31":0,"32":0,"33":0,"34":0,"35":0,"36":0,"37":0,"38":0,"39":0,"40":0,"41":0,"42":0,"43":0,"44":0,"45":0,"46":0,"47":0,"48":0,"49":0,"50":0,"51":0,"52":0,"53":0,"54":0,"55":0,"56":0,"57":0,"58":0,"59":0,"60":0,"61":0,"62":0,"63":0,"64":0,"65":0,"66":0,"67":0,"68":0,"69":0,"70":0},"b":{"1":[0,0],"2":[0,0],"3":[0,0],"4":[0,0],"5":[0,1],"6":[0,0],"7":[0,1],"8":[0,0],"9":[0,0],"10":[0,0],"11":[0,0],"12":[0,0],"13":[0,0],"14":[0,0],"15":[0,0],"16":[0,0],"17":[0,0],"18":[0,0],"19":[0,0],"20":[0,0]},"f":{"1":28,"2":2,"3":0,"4":1,"5":1,"6":0,"7":0,"8":0,"9":0,"10":0,"11":0,"12":0,"13":0,"14":0,"15":0,"16":0},"fnMap":{"1":{"name":"constructor","line":105,"loc":{"start":{"line":105,"column":4},"end":{"line":125,"column":4}}},"2":{"name":"getInfo","line":131,"loc":{"start":{"line":131,"column":4},"end":{"line":155,"column":4}}},"3":{"name":"cancelJob","line":157,"loc":{"start":{"line":157,"column":4},"end":{"line":161,"column":4}}},"4":{"name":"assignJob","line":182,"loc":{"start":{"line":182,"column":4},"end":{"line":191,"column":4}}},"5":{"name":"acceptJob","line":196,"loc":{"start":{"line":196,"column":4},"end":{"line":200,"column":4}}},"6":{"name":"declineJob","line":205,"loc":{"start":{"line":205,"column":4},"end":{"line":209,"column":4}}},"7":{"name":"processJob","line":214,"loc":{"start":{"line":214,"column":4},"end":{"line":221,"column":4}}},"8":{"name":"verificationJob","line":226,"loc":{"start":{"line":226,"column":4},"end":{"line":231,"column":4}}},"9":{"name":"acceptJobResult","line":236,"loc":{"start":{"line":236,"column":4},"end":{"line":244,"column":4}}},"10":{"name":"arbitration","line":249,"loc":{"start":{"line":249,"column":4},"end":{"line":259,"column":4}}},"11":{"name":"arbitrationRework","line":264,"loc":{"start":{"line":264,"column":4},"end":{"line":272,"column":4}}},"12":{"name":"arbitrationDecreaseCost","line":279,"loc":{"start":{"line":279,"column":4},"end":{"line":292,"column":4}}},"13":{"name":"arbitrationAcceptWork","line":297,"loc":{"start":{"line":297,"column":4},"end":{"line":305,"column":4}}},"14":{"name":"arbitrationRejectWork","line":310,"loc":{"start":{"line":310,"column":4},"end":{"line":320,"column":4}}},"15":{"name":"setFeeReceiver","line":322,"loc":{"start":{"line":322,"column":4},"end":{"line":325,"column":4}}},"16":{"name":"_transferFunds","line":327,"loc":{"start":{"line":327,"column":4},"end":{"line":342,"column":4}}}},"statementMap":{"1":{"start":{"line":115,"column":8},"end":{"line":115,"column":25}},"2":{"start":{"line":116,"column":8},"end":{"line":116,"column":17}},"3":{"start":{"line":117,"column":8},"end":{"line":117,"column":19}},"4":{"start":{"line":118,"column":8},"end":{"line":118,"column":27}},"5":{"start":{"line":119,"column":8},"end":{"line":119,"column":33}},"6":{"start":{"line":120,"column":8},"end":{"line":120,"column":33}},"7":{"start":{"line":121,"column":8},"end":{"line":121,"column":27}},"8":{"start":{"line":122,"column":8},"end":{"line":122,"column":25}},"9":{"start":{"line":124,"column":8},"end":{"line":124,"column":38}},"10":{"start":{"line":145,"column":8},"end":{"line":145,"column":4079}},"11":{"start":{"line":158,"column":8},"end":{"line":158,"column":73}},"12":{"start":{"line":159,"column":8},"end":{"line":159,"column":34}},"13":{"start":{"line":160,"column":8},"end":{"line":160,"column":27}},"14":{"start":{"line":183,"column":8},"end":{"line":183,"column":5177}},"15":{"start":{"line":187,"column":8},"end":{"line":187,"column":67}},"16":{"start":{"line":188,"column":8},"end":{"line":188,"column":36}},"17":{"start":{"line":189,"column":8},"end":{"line":189,"column":23}},"18":{"start":{"line":190,"column":8},"end":{"line":190,"column":29}},"19":{"start":{"line":197,"column":8},"end":{"line":197,"column":78}},"20":{"start":{"line":198,"column":8},"end":{"line":198,"column":38}},"21":{"start":{"line":199,"column":8},"end":{"line":199,"column":26}},"22":{"start":{"line":206,"column":8},"end":{"line":206,"column":78}},"23":{"start":{"line":207,"column":8},"end":{"line":207,"column":35}},"24":{"start":{"line":208,"column":8},"end":{"line":208,"column":26}},"25":{"start":{"line":215,"column":8},"end":{"line":215,"column":6046}},"26":{"start":{"line":219,"column":8},"end":{"line":219,"column":36}},"27":{"start":{"line":220,"column":8},"end":{"line":220,"column":25}},"28":{"start":{"line":227,"column":8},"end":{"line":227,"column":78}},"29":{"start":{"line":228,"column":8},"end":{"line":228,"column":39}},"30":{"start":{"line":229,"column":8},"end":{"line":229,"column":33}},"31":{"start":{"line":230,"column":8},"end":{"line":230,"column":22}},"32":{"start":{"line":237,"column":8},"end":{"line":237,"column":6626}},"33":{"start":{"line":241,"column":8},"end":{"line":241,"column":34}},"34":{"start":{"line":242,"column":8},"end":{"line":242,"column":23}},"35":{"start":{"line":243,"column":8},"end":{"line":243,"column":26}},"36":{"start":{"line":250,"column":8},"end":{"line":250,"column":6956}},"37":{"start":{"line":257,"column":8},"end":{"line":257,"column":37}},"38":{"start":{"line":258,"column":8},"end":{"line":258,"column":33}},"39":{"start":{"line":265,"column":8},"end":{"line":265,"column":7420}},"40":{"start":{"line":269,"column":8},"end":{"line":269,"column":42}},"41":{"start":{"line":270,"column":8},"end":{"line":270,"column":36}},"42":{"start":{"line":271,"column":8},"end":{"line":271,"column":32}},"43":{"start":{"line":280,"column":8},"end":{"line":280,"column":7827}},"44":{"start":{"line":284,"column":8},"end":{"line":284,"column":7944}},"45":{"start":{"line":288,"column":8},"end":{"line":288,"column":34}},"46":{"start":{"line":289,"column":8},"end":{"line":289,"column":25}},"47":{"start":{"line":290,"column":8},"end":{"line":290,"column":23}},"48":{"start":{"line":291,"column":8},"end":{"line":291,"column":38}},"49":{"start":{"line":298,"column":8},"end":{"line":298,"column":8312}},"50":{"start":{"line":302,"column":8},"end":{"line":302,"column":34}},"51":{"start":{"line":303,"column":8},"end":{"line":303,"column":23}},"52":{"start":{"line":304,"column":8},"end":{"line":304,"column":36}},"53":{"start":{"line":311,"column":8},"end":{"line":311,"column":8637}},"54":{"start":{"line":315,"column":8},"end":{"line":315,"column":34}},"55":{"start":{"line":316,"column":8},"end":{"line":316,"column":47}},"56":{"start":{"line":317,"column":8},"end":{"line":317,"column":42}},"57":{"start":{"line":318,"column":8},"end":{"line":318,"column":38}},"58":{"start":{"line":319,"column":8},"end":{"line":319,"column":36}},"59":{"start":{"line":323,"column":8},"end":{"line":323,"column":90}},"60":{"start":{"line":324,"column":8},"end":{"line":324,"column":33}},"61":{"start":{"line":328,"column":8},"end":{"line":328,"column":40}},"62":{"start":{"line":329,"column":8},"end":{"line":329,"column":50}},"63":{"start":{"line":330,"column":8},"end":{"line":330,"column":79}},"64":{"start":{"line":331,"column":8},"end":{"line":331,"column":65}},"65":{"start":{"line":332,"column":8},"end":{"line":332,"column":63}},"66":{"start":{"line":333,"column":8},"end":{"line":333,"column":9525}},"67":{"start":{"line":334,"column":12},"end":{"line":334,"column":9563}},"68":{"start":{"line":338,"column":8},"end":{"line":338,"column":9680}},"69":{"start":{"line":339,"column":12},"end":{"line":339,"column":37}},"70":{"start":{"line":341,"column":8},"end":{"line":341,"column":38}}},"branchMap":{"1":{"line":158,"type":"if","locations":[{"start":{"line":158,"column":8},"end":{"line":158,"column":8}},{"start":{"line":158,"column":8},"end":{"line":158,"column":8}}]},"2":{"line":167,"type":"if","locations":[{"start":{"line":167,"column":8},"end":{"line":167,"column":8}},{"start":{"line":167,"column":8},"end":{"line":167,"column":8}}]},"3":{"line":169,"type":"if","locations":[{"start":{"line":169,"column":8},"end":{"line":169,"column":8}},{"start":{"line":169,"column":8},"end":{"line":169,"column":8}}]},"4":{"line":171,"type":"if","locations":[{"start":{"line":171,"column":8},"end":{"line":171,"column":8}},{"start":{"line":171,"column":8},"end":{"line":171,"column":8}}]},"5":{"line":183,"type":"if","locations":[{"start":{"line":183,"column":8},"end":{"line":183,"column":8}},{"start":{"line":183,"column":8},"end":{"line":183,"column":8}}]},"6":{"line":187,"type":"if","locations":[{"start":{"line":187,"column":8},"end":{"line":187,"column":8}},{"start":{"line":187,"column":8},"end":{"line":187,"column":8}}]},"7":{"line":197,"type":"if","locations":[{"start":{"line":197,"column":8},"end":{"line":197,"column":8}},{"start":{"line":197,"column":8},"end":{"line":197,"column":8}}]},"8":{"line":206,"type":"if","locations":[{"start":{"line":206,"column":8},"end":{"line":206,"column":8}},{"start":{"line":206,"column":8},"end":{"line":206,"column":8}}]},"9":{"line":215,"type":"if","locations":[{"start":{"line":215,"column":8},"end":{"line":215,"column":8}},{"start":{"line":215,"column":8},"end":{"line":215,"column":8}}]},"10":{"line":227,"type":"if","locations":[{"start":{"line":227,"column":8},"end":{"line":227,"column":8}},{"start":{"line":227,"column":8},"end":{"line":227,"column":8}}]},"11":{"line":237,"type":"if","locations":[{"start":{"line":237,"column":8},"end":{"line":237,"column":8}},{"start":{"line":237,"column":8},"end":{"line":237,"column":8}}]},"12":{"line":250,"type":"if","locations":[{"start":{"line":250,"column":8},"end":{"line":250,"column":8}},{"start":{"line":250,"column":8},"end":{"line":250,"column":8}}]},"13":{"line":265,"type":"if","locations":[{"start":{"line":265,"column":8},"end":{"line":265,"column":8}},{"start":{"line":265,"column":8},"end":{"line":265,"column":8}}]},"14":{"line":280,"type":"if","locations":[{"start":{"line":280,"column":8},"end":{"line":280,"column":8}},{"start":{"line":280,"column":8},"end":{"line":280,"column":8}}]},"15":{"line":284,"type":"if","locations":[{"start":{"line":284,"column":8},"end":{"line":284,"column":8}},{"start":{"line":284,"column":8},"end":{"line":284,"column":8}}]},"16":{"line":298,"type":"if","locations":[{"start":{"line":298,"column":8},"end":{"line":298,"column":8}},{"start":{"line":298,"column":8},"end":{"line":298,"column":8}}]},"17":{"line":311,"type":"if","locations":[{"start":{"line":311,"column":8},"end":{"line":311,"column":8}},{"start":{"line":311,"column":8},"end":{"line":311,"column":8}}]},"18":{"line":323,"type":"if","locations":[{"start":{"line":323,"column":8},"end":{"line":323,"column":8}},{"start":{"line":323,"column":8},"end":{"line":323,"column":8}}]},"19":{"line":333,"type":"if","locations":[{"start":{"line":333,"column":8},"end":{"line":333,"column":8}},{"start":{"line":333,"column":8},"end":{"line":333,"column":8}}]},"20":{"line":338,"type":"if","locations":[{"start":{"line":338,"column":8},"end":{"line":338,"column":8}},{"start":{"line":338,"column":8},"end":{"line":338,"column":8}}]}}},"contracts/WorkQuestFactory.sol":{"l":{"56":84,"57":84,"58":84,"59":84,"60":84,"67":28,"71":28,"83":28,"97":28,"109":28,"110":28,"111":28,"123":28,"124":28,"125":28,"126":28,"128":28,"132":0,"143":0,"148":0,"155":28,"156":28,"157":28,"158":28,"160":28},"path":"/home/des/Documents/WorkQuest/Contracts/contracts/WorkQuestFactory.sol","s":{"1":84,"2":84,"3":84,"4":84,"5":84,"6":28,"7":28,"8":28,"9":28,"10":28,"11":28,"12":28,"13":28,"14":28,"15":28,"16":28,"17":0,"18":0,"19":28,"20":28,"21":28,"22":28,"23":28},"b":{"1":[28,0],"2":[28,0],"3":[28,0],"4":[28,0]},"f":{"1":84,"2":28,"3":28,"4":28,"5":28,"6":0,"7":0,"8":28},"fnMap":{"1":{"name":"constructor","line":51,"loc":{"start":{"line":51,"column":4},"end":{"line":61,"column":4}}},"2":{"name":"onlyAdmin","line":66,"loc":{"start":{"line":66,"column":4},"end":{"line":72,"column":4}}},"3":{"name":"getWorkQuests","line":78,"loc":{"start":{"line":78,"column":4},"end":{"line":84,"column":4}}},"4":{"name":"newWorkQuest","line":92,"loc":{"start":{"line":92,"column":4},"end":{"line":112,"column":4}}},"5":{"name":"updateArbiter","line":121,"loc":{"start":{"line":119,"column":4},"end":{"line":129,"column":4}}},"6":{"name":"allArbiters","line":131,"loc":{"start":{"line":131,"column":4},"end":{"line":133,"column":4}}},"7":{"name":"updateFeeReceiver","line":141,"loc":{"start":{"line":139,"column":4},"end":{"line":144,"column":4}}},"8":{"name":"getArbiter","line":154,"loc":{"start":{"line":154,"column":4},"end":{"line":161,"column":4}}}},"statementMap":{"1":{"start":{"line":56,"column":8},"end":{"line":56,"column":17}},"2":{"start":{"line":57,"column":8},"end":{"line":57,"column":33}},"3":{"start":{"line":58,"column":8},"end":{"line":58,"column":33}},"4":{"start":{"line":59,"column":8},"end":{"line":59,"column":49}},"5":{"start":{"line":60,"column":8},"end":{"line":60,"column":41}},"6":{"start":{"line":67,"column":8},"end":{"line":67,"column":1782}},"7":{"start":{"line":83,"column":8},"end":{"line":83,"column":35}},"8":{"start":{"line":97,"column":8},"end":{"line":97,"column":2562}},"9":{"start":{"line":109,"column":8},"end":{"line":109,"column":45}},"10":{"start":{"line":110,"column":8},"end":{"line":110,"column":78}},"11":{"start":{"line":111,"column":8},"end":{"line":111,"column":24}},"12":{"start":{"line":123,"column":8},"end":{"line":123,"column":50}},"13":{"start":{"line":124,"column":8},"end":{"line":124,"column":3363}},"14":{"start":{"line":125,"column":12},"end":{"line":125,"column":37}},"15":{"start":{"line":126,"column":12},"end":{"line":126,"column":37}},"16":{"start":{"line":128,"column":8},"end":{"line":128,"column":26}},"17":{"start":{"line":132,"column":8},"end":{"line":132,"column":26}},"18":{"start":{"line":143,"column":8},"end":{"line":143,"column":33}},"19":{"start":{"line":155,"column":8},"end":{"line":155,"column":4178}},"20":{"start":{"line":157,"column":12},"end":{"line":157,"column":66}},"21":{"start":{"line":157,"column":51},"end":{"line":157,"column":65}},"22":{"start":{"line":158,"column":12},"end":{"line":158,"column":64}},"23":{"start":{"line":160,"column":8},"end":{"line":160,"column":39}}},"branchMap":{"1":{"line":67,"type":"if","locations":[{"start":{"line":67,"column":8},"end":{"line":67,"column":8}},{"start":{"line":67,"column":8},"end":{"line":67,"column":8}}]},"2":{"line":124,"type":"if","locations":[{"start":{"line":124,"column":8},"end":{"line":124,"column":8}},{"start":{"line":124,"column":8},"end":{"line":124,"column":8}}]},"3":{"line":157,"type":"if","locations":[{"start":{"line":157,"column":12},"end":{"line":157,"column":12}},{"start":{"line":157,"column":12},"end":{"line":157,"column":12}}]},"4":{"line":158,"type":"if","locations":[{"start":{"line":158,"column":12},"end":{"line":158,"column":12}},{"start":{"line":158,"column":12},"end":{"line":158,"column":12}}]}}},"contracts/WQBorrowing.sol":{"l":{"45":0,"49":0,"58":0,"62":0,"63":0,"64":0,"65":0,"66":0,"68":0,"69":0,"72":0,"73":0,"74":0,"75":0,"76":0,"77":0,"78":0,"81":0,"84":0,"86":0,"87":0,"94":0,"95":0,"99":0,"101":0,"103":0,"105":0,"106":0,"114":0,"118":0,"126":0,"130":0},"path":"/home/des/Documents/WorkQuest/Contracts/contracts/WQBorrowing.sol","s":{"1":0,"2":0,"3":0,"4":0,"5":0,"6":0,"7":0,"8":0,"9":0,"10":0,"11":0,"12":0,"13":0,"14":0,"15":0,"16":0,"17":0,"18":0,"19":0,"20":0,"21":0,"22":0,"23":0,"24":0,"25":0,"26":0,"27":0,"28":0,"29":0,"30":0,"31":0},"b":{"1":[0,0],"2":[0,0],"3":[0,0],"4":[0,0],"5":[0,0],"6":[0,0],"7":[0,0],"8":[0,0],"9":[0,0]},"f":{"1":0,"2":0,"3":0,"4":0,"5":0},"fnMap":{"1":{"name":"initialize","line":44,"loc":{"start":{"line":44,"column":4},"end":{"line":50,"column":4}}},"2":{"name":"borrow","line":57,"loc":{"start":{"line":57,"column":4},"end":{"line":88,"column":4}}},"3":{"name":"refund","line":93,"loc":{"start":{"line":93,"column":4},"end":{"line":107,"column":4}}},"4":{"name":"addFund","line":113,"loc":{"start":{"line":113,"column":4},"end":{"line":119,"column":4}}},"5":{"name":"setFee","line":125,"loc":{"start":{"line":125,"column":4},"end":{"line":131,"column":4}}}},"statementMap":{"1":{"start":{"line":45,"column":8},"end":{"line":45,"column":1087}},"2":{"start":{"line":49,"column":8},"end":{"line":49,"column":26}},"3":{"start":{"line":58,"column":8},"end":{"line":58,"column":1534}},"4":{"start":{"line":62,"column":8},"end":{"line":62,"column":55}},"5":{"start":{"line":63,"column":8},"end":{"line":63,"column":72}},"6":{"start":{"line":64,"column":8},"end":{"line":64,"column":27}},"7":{"start":{"line":65,"column":8},"end":{"line":65,"column":35}},"8":{"start":{"line":66,"column":8},"end":{"line":66,"column":25}},"9":{"start":{"line":68,"column":8},"end":{"line":68,"column":25}},"10":{"start":{"line":69,"column":8},"end":{"line":69,"column":60}},"11":{"start":{"line":72,"column":8},"end":{"line":72,"column":28}},"12":{"start":{"line":73,"column":8},"end":{"line":73,"column":2132}},"13":{"start":{"line":74,"column":12},"end":{"line":74,"column":2193}},"14":{"start":{"line":75,"column":16},"end":{"line":75,"column":43}},"15":{"start":{"line":76,"column":16},"end":{"line":76,"column":29}},"16":{"start":{"line":77,"column":16},"end":{"line":77,"column":35}},"17":{"start":{"line":81,"column":8},"end":{"line":81,"column":68}},"18":{"start":{"line":84,"column":8},"end":{"line":84,"column":73}},"19":{"start":{"line":86,"column":8},"end":{"line":86,"column":48}},"20":{"start":{"line":87,"column":8},"end":{"line":87,"column":65}},"21":{"start":{"line":94,"column":8},"end":{"line":94,"column":55}},"22":{"start":{"line":95,"column":8},"end":{"line":95,"column":2868}},"23":{"start":{"line":99,"column":8},"end":{"line":99,"column":67}},"24":{"start":{"line":101,"column":8},"end":{"line":101,"column":75}},"25":{"start":{"line":103,"column":8},"end":{"line":103,"column":43}},"26":{"start":{"line":105,"column":8},"end":{"line":105,"column":59}},"27":{"start":{"line":106,"column":8},"end":{"line":106,"column":44}},"28":{"start":{"line":114,"column":8},"end":{"line":114,"column":3515}},"29":{"start":{"line":118,"column":8},"end":{"line":118,"column":40}},"30":{"start":{"line":126,"column":8},"end":{"line":126,"column":3825}},"31":{"start":{"line":130,"column":8},"end":{"line":130,"column":17}}},"branchMap":{"1":{"line":45,"type":"if","locations":[{"start":{"line":45,"column":8},"end":{"line":45,"column":8}},{"start":{"line":45,"column":8},"end":{"line":45,"column":8}}]},"2":{"line":58,"type":"if","locations":[{"start":{"line":58,"column":8},"end":{"line":58,"column":8}},{"start":{"line":58,"column":8},"end":{"line":58,"column":8}}]},"3":{"line":63,"type":"if","locations":[{"start":{"line":63,"column":8},"end":{"line":63,"column":8}},{"start":{"line":63,"column":8},"end":{"line":63,"column":8}}]},"4":{"line":74,"type":"if","locations":[{"start":{"line":74,"column":12},"end":{"line":74,"column":12}},{"start":{"line":74,"column":12},"end":{"line":74,"column":12}}]},"5":{"line":81,"type":"if","locations":[{"start":{"line":81,"column":8},"end":{"line":81,"column":8}},{"start":{"line":81,"column":8},"end":{"line":81,"column":8}}]},"6":{"line":95,"type":"if","locations":[{"start":{"line":95,"column":8},"end":{"line":95,"column":8}},{"start":{"line":95,"column":8},"end":{"line":95,"column":8}}]},"7":{"line":101,"type":"if","locations":[{"start":{"line":101,"column":8},"end":{"line":101,"column":8}},{"start":{"line":101,"column":8},"end":{"line":101,"column":8}}]},"8":{"line":114,"type":"if","locations":[{"start":{"line":114,"column":8},"end":{"line":114,"column":8}},{"start":{"line":114,"column":8},"end":{"line":114,"column":8}}]},"9":{"line":126,"type":"if","locations":[{"start":{"line":126,"column":8},"end":{"line":126,"column":8}},{"start":{"line":126,"column":8},"end":{"line":126,"column":8}}]}}},"contracts/WQBridge.sol":{"l":{"90":63,"91":63,"93":63,"95":63,"113":9,"114":8,"115":6,"116":6,"121":6,"124":6,"129":5,"130":5,"131":3,"136":2,"138":4,"169":7,"170":6,"174":5,"175":5,"180":5,"190":5,"195":4,"196":4,"197":4,"202":3,"203":3,"204":1,"206":2,"209":3,"217":0,"226":24,"230":23,"246":26,"250":25,"254":25},"path":"/home/des/Documents/WorkQuest/Contracts/contracts/WQBridge.sol","s":{"1":63,"2":63,"3":63,"4":63,"5":9,"6":8,"7":6,"8":6,"9":6,"10":6,"11":5,"12":5,"13":3,"14":2,"15":4,"16":7,"17":6,"18":5,"19":5,"20":5,"21":5,"22":4,"23":4,"24":4,"25":3,"26":3,"27":1,"28":2,"29":3,"30":0,"31":24,"32":23,"33":26,"34":25,"35":25},"b":{"1":[8,1],"2":[6,2],"3":[6,0],"4":[5,1],"5":[3,2],"6":[2,1],"7":[6,1],"8":[5,1],"9":[5,0],"10":[4,1],"11":[3,1],"12":[1,2],"13":[23,1],"14":[25,1],"15":[25,0]},"f":{"1":63,"2":9,"3":7,"4":0,"5":24,"6":26},"fnMap":{"1":{"name":"constructor","line":87,"loc":{"start":{"line":87,"column":4},"end":{"line":96,"column":4}}},"2":{"name":"swap","line":106,"loc":{"start":{"line":106,"column":4},"end":{"line":146,"column":4}}},"3":{"name":"redeem","line":159,"loc":{"start":{"line":159,"column":4},"end":{"line":210,"column":4}}},"4":{"name":"getSwapState","line":216,"loc":{"start":{"line":216,"column":4},"end":{"line":218,"column":4}}},"5":{"name":"updateChain","line":225,"loc":{"start":{"line":225,"column":4},"end":{"line":231,"column":4}}},"6":{"name":"updateToken","line":240,"loc":{"start":{"line":240,"column":4},"end":{"line":259,"column":4}}}},"statementMap":{"1":{"start":{"line":90,"column":8},"end":{"line":90,"column":49}},"2":{"start":{"line":91,"column":8},"end":{"line":91,"column":41}},"3":{"start":{"line":93,"column":8},"end":{"line":93,"column":48}},"4":{"start":{"line":95,"column":8},"end":{"line":95,"column":25}},"5":{"start":{"line":113,"column":8},"end":{"line":113,"column":74}},"6":{"start":{"line":114,"column":8},"end":{"line":114,"column":78}},"7":{"start":{"line":115,"column":8},"end":{"line":115,"column":52}},"8":{"start":{"line":116,"column":8},"end":{"line":116,"column":3494}},"9":{"start":{"line":121,"column":8},"end":{"line":121,"column":3621}},"10":{"start":{"line":124,"column":8},"end":{"line":124,"column":3749}},"11":{"start":{"line":129,"column":8},"end":{"line":129,"column":74}},"12":{"start":{"line":130,"column":8},"end":{"line":130,"column":3985}},"13":{"start":{"line":131,"column":12},"end":{"line":131,"column":4021}},"14":{"start":{"line":136,"column":12},"end":{"line":136,"column":71}},"15":{"start":{"line":138,"column":8},"end":{"line":138,"column":4270}},"16":{"start":{"line":169,"column":8},"end":{"line":169,"column":78}},"17":{"start":{"line":170,"column":8},"end":{"line":170,"column":5147}},"18":{"start":{"line":174,"column":8},"end":{"line":174,"column":52}},"19":{"start":{"line":175,"column":8},"end":{"line":175,"column":5320}},"20":{"start":{"line":180,"column":8},"end":{"line":180,"column":5447}},"21":{"start":{"line":190,"column":8},"end":{"line":190,"column":5687}},"22":{"start":{"line":195,"column":8},"end":{"line":195,"column":65}},"23":{"start":{"line":196,"column":8},"end":{"line":196,"column":58}},"24":{"start":{"line":197,"column":8},"end":{"line":197,"column":5973}},"25":{"start":{"line":202,"column":8},"end":{"line":202,"column":71}},"26":{"start":{"line":203,"column":8},"end":{"line":203,"column":6204}},"27":{"start":{"line":204,"column":12},"end":{"line":204,"column":37}},"28":{"start":{"line":206,"column":12},"end":{"line":206,"column":70}},"29":{"start":{"line":209,"column":8},"end":{"line":209,"column":61}},"30":{"start":{"line":217,"column":8},"end":{"line":217,"column":35}},"31":{"start":{"line":226,"column":8},"end":{"line":226,"column":6899}},"32":{"start":{"line":230,"column":8},"end":{"line":230,"column":33}},"33":{"start":{"line":246,"column":8},"end":{"line":246,"column":7501}},"34":{"start":{"line":250,"column":8},"end":{"line":250,"column":7629}},"35":{"start":{"line":254,"column":8},"end":{"line":254,"column":7765}}},"branchMap":{"1":{"line":113,"type":"if","locations":[{"start":{"line":113,"column":8},"end":{"line":113,"column":8}},{"start":{"line":113,"column":8},"end":{"line":113,"column":8}}]},"2":{"line":114,"type":"if","locations":[{"start":{"line":114,"column":8},"end":{"line":114,"column":8}},{"start":{"line":114,"column":8},"end":{"line":114,"column":8}}]},"3":{"line":116,"type":"if","locations":[{"start":{"line":116,"column":8},"end":{"line":116,"column":8}},{"start":{"line":116,"column":8},"end":{"line":116,"column":8}}]},"4":{"line":124,"type":"if","locations":[{"start":{"line":124,"column":8},"end":{"line":124,"column":8}},{"start":{"line":124,"column":8},"end":{"line":124,"column":8}}]},"5":{"line":130,"type":"if","locations":[{"start":{"line":130,"column":8},"end":{"line":130,"column":8}},{"start":{"line":130,"column":8},"end":{"line":130,"column":8}}]},"6":{"line":131,"type":"if","locations":[{"start":{"line":131,"column":12},"end":{"line":131,"column":12}},{"start":{"line":131,"column":12},"end":{"line":131,"column":12}}]},"7":{"line":169,"type":"if","locations":[{"start":{"line":169,"column":8},"end":{"line":169,"column":8}},{"start":{"line":169,"column":8},"end":{"line":169,"column":8}}]},"8":{"line":170,"type":"if","locations":[{"start":{"line":170,"column":8},"end":{"line":170,"column":8}},{"start":{"line":170,"column":8},"end":{"line":170,"column":8}}]},"9":{"line":175,"type":"if","locations":[{"start":{"line":175,"column":8},"end":{"line":175,"column":8}},{"start":{"line":175,"column":8},"end":{"line":175,"column":8}}]},"10":{"line":190,"type":"if","locations":[{"start":{"line":190,"column":8},"end":{"line":190,"column":8}},{"start":{"line":190,"column":8},"end":{"line":190,"column":8}}]},"11":{"line":197,"type":"if","locations":[{"start":{"line":197,"column":8},"end":{"line":197,"column":8}},{"start":{"line":197,"column":8},"end":{"line":197,"column":8}}]},"12":{"line":203,"type":"if","locations":[{"start":{"line":203,"column":8},"end":{"line":203,"column":8}},{"start":{"line":203,"column":8},"end":{"line":203,"column":8}}]},"13":{"line":226,"type":"if","locations":[{"start":{"line":226,"column":8},"end":{"line":226,"column":8}},{"start":{"line":226,"column":8},"end":{"line":226,"column":8}}]},"14":{"line":246,"type":"if","locations":[{"start":{"line":246,"column":8},"end":{"line":246,"column":8}},{"start":{"line":246,"column":8},"end":{"line":246,"column":8}}]},"15":{"line":250,"type":"if","locations":[{"start":{"line":250,"column":8},"end":{"line":250,"column":8}},{"start":{"line":250,"column":8},"end":{"line":250,"column":8}}]}}},"contracts/WQBridgeToken.sol":{"l":{"21":0,"22":0,"23":0,"24":0,"25":0,"26":0,"34":0,"46":0,"50":0,"62":0,"66":0,"73":0,"77":0,"84":0,"88":0,"99":0,"103":0,"104":0,"112":0,"116":0,"117":0,"131":0,"132":0,"133":0},"path":"/home/des/Documents/WorkQuest/Contracts/contracts/WQBridgeToken.sol","s":{"1":0,"2":0,"3":0,"4":0,"5":0,"6":0,"7":0,"8":0,"9":0,"10":0,"11":0,"12":0,"13":0,"14":0,"15":0,"16":0,"17":0,"18":0,"19":0,"20":0,"21":0,"22":0,"23":0,"24":0},"b":{"1":[0,0],"2":[0,0],"3":[0,0],"4":[0,0],"5":[0,0],"6":[0,0],"7":[0,0],"8":[0,0]},"f":{"1":0,"2":0,"3":0,"4":0,"5":0,"6":0,"7":0,"8":0,"9":0},"fnMap":{"1":{"name":"constructor","line":20,"loc":{"start":{"line":20,"column":4},"end":{"line":27,"column":4}}},"2":{"name":"getOwner","line":33,"loc":{"start":{"line":33,"column":4},"end":{"line":35,"column":4}}},"3":{"name":"mint","line":45,"loc":{"start":{"line":45,"column":4},"end":{"line":51,"column":4}}},"4":{"name":"burn","line":61,"loc":{"start":{"line":61,"column":4},"end":{"line":67,"column":4}}},"5":{"name":"pause","line":72,"loc":{"start":{"line":72,"column":4},"end":{"line":78,"column":4}}},"6":{"name":"unpause","line":83,"loc":{"start":{"line":83,"column":4},"end":{"line":89,"column":4}}},"7":{"name":"addBlockList","line":98,"loc":{"start":{"line":98,"column":4},"end":{"line":105,"column":4}}},"8":{"name":"removeBlockList","line":111,"loc":{"start":{"line":111,"column":4},"end":{"line":118,"column":4}}},"9":{"name":"_beforeTokenTransfer","line":126,"loc":{"start":{"line":126,"column":4},"end":{"line":134,"column":4}}}},"statementMap":{"1":{"start":{"line":21,"column":8},"end":{"line":21,"column":25}},"2":{"start":{"line":22,"column":8},"end":{"line":22,"column":49}},"3":{"start":{"line":23,"column":8},"end":{"line":23,"column":41}},"4":{"start":{"line":24,"column":8},"end":{"line":24,"column":45}},"5":{"start":{"line":25,"column":8},"end":{"line":25,"column":45}},"6":{"start":{"line":26,"column":8},"end":{"line":26,"column":45}},"7":{"start":{"line":34,"column":8},"end":{"line":34,"column":20}},"8":{"start":{"line":46,"column":8},"end":{"line":46,"column":1448}},"9":{"start":{"line":50,"column":8},"end":{"line":50,"column":24}},"10":{"start":{"line":62,"column":8},"end":{"line":62,"column":1801}},"11":{"start":{"line":66,"column":8},"end":{"line":66,"column":26}},"12":{"start":{"line":73,"column":8},"end":{"line":73,"column":2027}},"13":{"start":{"line":77,"column":8},"end":{"line":77,"column":21}},"14":{"start":{"line":84,"column":8},"end":{"line":84,"column":2263}},"15":{"start":{"line":88,"column":8},"end":{"line":88,"column":23}},"16":{"start":{"line":99,"column":8},"end":{"line":99,"column":2603}},"17":{"start":{"line":103,"column":8},"end":{"line":103,"column":33}},"18":{"start":{"line":104,"column":8},"end":{"line":104,"column":33}},"19":{"start":{"line":112,"column":8},"end":{"line":112,"column":2967}},"20":{"start":{"line":116,"column":8},"end":{"line":116,"column":34}},"21":{"start":{"line":117,"column":8},"end":{"line":117,"column":35}},"22":{"start":{"line":131,"column":8},"end":{"line":131,"column":59}},"23":{"start":{"line":132,"column":8},"end":{"line":132,"column":75}},"24":{"start":{"line":133,"column":8},"end":{"line":133,"column":71}}},"branchMap":{"1":{"line":46,"type":"if","locations":[{"start":{"line":46,"column":8},"end":{"line":46,"column":8}},{"start":{"line":46,"column":8},"end":{"line":46,"column":8}}]},"2":{"line":62,"type":"if","locations":[{"start":{"line":62,"column":8},"end":{"line":62,"column":8}},{"start":{"line":62,"column":8},"end":{"line":62,"column":8}}]},"3":{"line":73,"type":"if","locations":[{"start":{"line":73,"column":8},"end":{"line":73,"column":8}},{"start":{"line":73,"column":8},"end":{"line":73,"column":8}}]},"4":{"line":84,"type":"if","locations":[{"start":{"line":84,"column":8},"end":{"line":84,"column":8}},{"start":{"line":84,"column":8},"end":{"line":84,"column":8}}]},"5":{"line":99,"type":"if","locations":[{"start":{"line":99,"column":8},"end":{"line":99,"column":8}},{"start":{"line":99,"column":8},"end":{"line":99,"column":8}}]},"6":{"line":112,"type":"if","locations":[{"start":{"line":112,"column":8},"end":{"line":112,"column":8}},{"start":{"line":112,"column":8},"end":{"line":112,"column":8}}]},"7":{"line":132,"type":"if","locations":[{"start":{"line":132,"column":8},"end":{"line":132,"column":8}},{"start":{"line":132,"column":8},"end":{"line":132,"column":8}}]},"8":{"line":133,"type":"if","locations":[{"start":{"line":133,"column":8},"end":{"line":133,"column":8}},{"start":{"line":133,"column":8},"end":{"line":133,"column":8}}]}}},"contracts/WQBridgeTokenInterface.sol":{"l":{},"path":"/home/des/Documents/WorkQuest/Contracts/contracts/WQBridgeTokenInterface.sol","s":{},"b":{},"f":{},"fnMap":{},"statementMap":{},"branchMap":{}},"contracts/WQDAOVoting.sol":{"l":{"111":87,"112":87,"113":87,"114":87,"115":87,"129":32,"134":31,"136":31,"137":31,"138":31,"139":31,"140":31,"141":31,"142":31,"143":31,"144":31,"145":31,"147":31,"154":31,"168":1,"181":3,"182":3,"191":4,"192":4,"193":4,"197":0,"214":10,"234":0,"242":0,"245":0,"248":0,"249":0,"250":0,"271":10,"275":10,"276":9,"277":9,"278":9,"279":8,"280":7,"284":6,"286":6,"287":4,"289":2,"292":6,"294":6,"295":6,"296":6,"298":6,"302":7,"306":6,"307":5,"308":5,"309":4,"310":4,"311":4,"315":6,"316":6,"317":6,"321":0,"322":0,"332":29,"333":29,"334":29},"path":"/home/des/Documents/WorkQuest/Contracts/contracts/WQDAOVoting.sol","s":{"1":87,"2":87,"3":87,"4":87,"5":87,"6":32,"7":31,"8":31,"9":31,"10":31,"11":31,"12":31,"13":31,"14":31,"15":31,"16":31,"17":31,"18":31,"19":31,"20":1,"21":3,"22":3,"23":1,"24":2,"25":4,"26":4,"27":4,"28":0,"29":4,"30":10,"31":0,"32":0,"33":0,"34":0,"35":0,"36":0,"37":10,"38":10,"39":9,"40":9,"41":9,"42":8,"43":7,"44":6,"45":6,"46":4,"47":2,"48":6,"49":6,"50":6,"51":6,"52":7,"53":6,"54":5,"55":5,"56":4,"57":4,"58":4,"59":6,"60":6,"61":6,"62":0,"63":0,"64":29,"65":29,"66":29},"b":{"1":[31,1],"2":[3,0],"3":[1,2],"4":[0,4],"5":[0,0],"6":[10,0],"7":[9,1],"8":[8,1],"9":[7,1],"10":[6,1],"11":[4,2],"12":[6,1],"13":[5,1],"14":[4,1],"15":[6,0],"16":[0,0],"17":[29,0]},"f":{"1":87,"2":32,"3":1,"4":3,"5":4,"6":10,"7":0,"8":10,"9":7,"10":6,"11":0,"12":29},"fnMap":{"1":{"name":"constructor","line":110,"loc":{"start":{"line":110,"column":4},"end":{"line":116,"column":4}}},"2":{"name":"addProposal","line":124,"loc":{"start":{"line":124,"column":4},"end":{"line":155,"column":4}}},"3":{"name":"getReceipt","line":163,"loc":{"start":{"line":163,"column":4},"end":{"line":169,"column":4}}},"4":{"name":"state","line":176,"loc":{"start":{"line":176,"column":4},"end":{"line":184,"column":4}}},"5":{"name":"calcState","line":190,"loc":{"start":{"line":190,"column":4},"end":{"line":201,"column":4}}},"6":{"name":"doVote","line":209,"loc":{"start":{"line":209,"column":4},"end":{"line":221,"column":4}}},"7":{"name":"castVoteBySig","line":227,"loc":{"start":{"line":227,"column":4},"end":{"line":257,"column":4}}},"8":{"name":"castVoteInternal","line":266,"loc":{"start":{"line":266,"column":4},"end":{"line":299,"column":4}}},"9":{"name":"executeVoting","line":301,"loc":{"start":{"line":301,"column":4},"end":{"line":312,"column":4}}},"10":{"name":"add256","line":314,"loc":{"start":{"line":314,"column":4},"end":{"line":318,"column":4}}},"11":{"name":"sub256","line":320,"loc":{"start":{"line":320,"column":4},"end":{"line":323,"column":4}}},"12":{"name":"changeVotingRules","line":329,"loc":{"start":{"line":329,"column":4},"end":{"line":335,"column":4}}}},"statementMap":{"1":{"start":{"line":111,"column":8},"end":{"line":111,"column":49}},"2":{"start":{"line":112,"column":8},"end":{"line":112,"column":41}},"3":{"start":{"line":113,"column":8},"end":{"line":113,"column":48}},"4":{"start":{"line":114,"column":8},"end":{"line":114,"column":50}},"5":{"start":{"line":115,"column":8},"end":{"line":115,"column":39}},"6":{"start":{"line":129,"column":8},"end":{"line":129,"column":4105}},"7":{"start":{"line":134,"column":8},"end":{"line":134,"column":62}},"8":{"start":{"line":136,"column":8},"end":{"line":136,"column":34}},"9":{"start":{"line":137,"column":8},"end":{"line":137,"column":37}},"10":{"start":{"line":138,"column":8},"end":{"line":138,"column":29}},"11":{"start":{"line":139,"column":8},"end":{"line":139,"column":28}},"12":{"start":{"line":140,"column":8},"end":{"line":140,"column":32}},"13":{"start":{"line":141,"column":8},"end":{"line":141,"column":29}},"14":{"start":{"line":142,"column":8},"end":{"line":142,"column":67}},"15":{"start":{"line":143,"column":8},"end":{"line":143,"column":38}},"16":{"start":{"line":144,"column":8},"end":{"line":144,"column":36}},"17":{"start":{"line":145,"column":8},"end":{"line":145,"column":42}},"18":{"start":{"line":147,"column":8},"end":{"line":147,"column":4718}},"19":{"start":{"line":154,"column":8},"end":{"line":154,"column":26}},"20":{"start":{"line":168,"column":8},"end":{"line":168,"column":54}},"21":{"start":{"line":181,"column":8},"end":{"line":181,"column":67}},"22":{"start":{"line":182,"column":8},"end":{"line":182,"column":5743}},"23":{"start":{"line":182,"column":43},"end":{"line":182,"column":51}},"24":{"start":{"line":183,"column":13},"end":{"line":183,"column":61}},"25":{"start":{"line":191,"column":8},"end":{"line":191,"column":58}},"26":{"start":{"line":192,"column":8},"end":{"line":192,"column":60}},"27":{"start":{"line":193,"column":8},"end":{"line":193,"column":6131}},"28":{"start":{"line":197,"column":12},"end":{"line":197,"column":6239}},"29":{"start":{"line":200,"column":15},"end":{"line":200,"column":36}},"30":{"start":{"line":214,"column":8},"end":{"line":214,"column":6781}},"31":{"start":{"line":234,"column":8},"end":{"line":234,"column":7292}},"32":{"start":{"line":242,"column":8},"end":{"line":242,"column":7520}},"33":{"start":{"line":245,"column":8},"end":{"line":245,"column":7634}},"34":{"start":{"line":248,"column":8},"end":{"line":248,"column":54}},"35":{"start":{"line":249,"column":8},"end":{"line":249,"column":60}},"36":{"start":{"line":250,"column":8},"end":{"line":250,"column":7870}},"37":{"start":{"line":271,"column":8},"end":{"line":271,"column":8519}},"38":{"start":{"line":275,"column":8},"end":{"line":275,"column":66}},"39":{"start":{"line":276,"column":8},"end":{"line":276,"column":58}},"40":{"start":{"line":277,"column":8},"end":{"line":277,"column":59}},"41":{"start":{"line":278,"column":8},"end":{"line":278,"column":59}},"42":{"start":{"line":279,"column":8},"end":{"line":279,"column":68}},"43":{"start":{"line":280,"column":8},"end":{"line":280,"column":8976}},"44":{"start":{"line":284,"column":8},"end":{"line":284,"column":46}},"45":{"start":{"line":286,"column":8},"end":{"line":286,"column":9143}},"46":{"start":{"line":287,"column":12},"end":{"line":287,"column":63}},"47":{"start":{"line":289,"column":12},"end":{"line":289,"column":71}},"48":{"start":{"line":294,"column":8},"end":{"line":294,"column":30}},"49":{"start":{"line":295,"column":8},"end":{"line":295,"column":33}},"50":{"start":{"line":296,"column":8},"end":{"line":296,"column":28}},"51":{"start":{"line":298,"column":8},"end":{"line":298,"column":20}},"52":{"start":{"line":302,"column":8},"end":{"line":302,"column":9553}},"53":{"start":{"line":306,"column":8},"end":{"line":306,"column":66}},"54":{"start":{"line":307,"column":8},"end":{"line":307,"column":58}},"55":{"start":{"line":308,"column":8},"end":{"line":308,"column":59}},"56":{"start":{"line":309,"column":8},"end":{"line":309,"column":30}},"57":{"start":{"line":310,"column":8},"end":{"line":310,"column":29}},"58":{"start":{"line":311,"column":8},"end":{"line":311,"column":42}},"59":{"start":{"line":315,"column":8},"end":{"line":315,"column":25}},"60":{"start":{"line":316,"column":8},"end":{"line":316,"column":43}},"61":{"start":{"line":317,"column":8},"end":{"line":317,"column":16}},"62":{"start":{"line":321,"column":8},"end":{"line":321,"column":47}},"63":{"start":{"line":322,"column":8},"end":{"line":322,"column":20}},"64":{"start":{"line":332,"column":8},"end":{"line":332,"column":73}},"65":{"start":{"line":333,"column":8},"end":{"line":333,"column":37}},"66":{"start":{"line":334,"column":8},"end":{"line":334,"column":35}}},"branchMap":{"1":{"line":129,"type":"if","locations":[{"start":{"line":129,"column":8},"end":{"line":129,"column":8}},{"start":{"line":129,"column":8},"end":{"line":129,"column":8}}]},"2":{"line":181,"type":"if","locations":[{"start":{"line":181,"column":8},"end":{"line":181,"column":8}},{"start":{"line":181,"column":8},"end":{"line":181,"column":8}}]},"3":{"line":182,"type":"if","locations":[{"start":{"line":182,"column":8},"end":{"line":182,"column":8}},{"start":{"line":182,"column":8},"end":{"line":182,"column":8}}]},"4":{"line":193,"type":"if","locations":[{"start":{"line":193,"column":8},"end":{"line":193,"column":8}},{"start":{"line":193,"column":8},"end":{"line":193,"column":8}}]},"5":{"line":249,"type":"if","locations":[{"start":{"line":249,"column":8},"end":{"line":249,"column":8}},{"start":{"line":249,"column":8},"end":{"line":249,"column":8}}]},"6":{"line":271,"type":"if","locations":[{"start":{"line":271,"column":8},"end":{"line":271,"column":8}},{"start":{"line":271,"column":8},"end":{"line":271,"column":8}}]},"7":{"line":275,"type":"if","locations":[{"start":{"line":275,"column":8},"end":{"line":275,"column":8}},{"start":{"line":275,"column":8},"end":{"line":275,"column":8}}]},"8":{"line":278,"type":"if","locations":[{"start":{"line":278,"column":8},"end":{"line":278,"column":8}},{"start":{"line":278,"column":8},"end":{"line":278,"column":8}}]},"9":{"line":279,"type":"if","locations":[{"start":{"line":279,"column":8},"end":{"line":279,"column":8}},{"start":{"line":279,"column":8},"end":{"line":279,"column":8}}]},"10":{"line":280,"type":"if","locations":[{"start":{"line":280,"column":8},"end":{"line":280,"column":8}},{"start":{"line":280,"column":8},"end":{"line":280,"column":8}}]},"11":{"line":286,"type":"if","locations":[{"start":{"line":286,"column":8},"end":{"line":286,"column":8}},{"start":{"line":286,"column":8},"end":{"line":286,"column":8}}]},"12":{"line":302,"type":"if","locations":[{"start":{"line":302,"column":8},"end":{"line":302,"column":8}},{"start":{"line":302,"column":8},"end":{"line":302,"column":8}}]},"13":{"line":306,"type":"if","locations":[{"start":{"line":306,"column":8},"end":{"line":306,"column":8}},{"start":{"line":306,"column":8},"end":{"line":306,"column":8}}]},"14":{"line":308,"type":"if","locations":[{"start":{"line":308,"column":8},"end":{"line":308,"column":8}},{"start":{"line":308,"column":8},"end":{"line":308,"column":8}}]},"15":{"line":316,"type":"if","locations":[{"start":{"line":316,"column":8},"end":{"line":316,"column":8}},{"start":{"line":316,"column":8},"end":{"line":316,"column":8}}]},"16":{"line":321,"type":"if","locations":[{"start":{"line":321,"column":8},"end":{"line":321,"column":8}},{"start":{"line":321,"column":8},"end":{"line":321,"column":8}}]},"17":{"line":332,"type":"if","locations":[{"start":{"line":332,"column":8},"end":{"line":332,"column":8}},{"start":{"line":332,"column":8},"end":{"line":332,"column":8}}]}}},"contracts/WQFundInterface.sol":{"l":{},"path":"/home/des/Documents/WorkQuest/Contracts/contracts/WQFundInterface.sol","s":{},"b":{},"f":{},"fnMap":{},"statementMap":{},"branchMap":{}},"contracts/WQInsurance.sol":{"l":{"60":43,"61":43,"62":43,"63":43,"64":43,"65":43,"72":0,"80":73,"84":73,"88":73,"92":72,"93":72,"94":72,"95":72,"103":10,"107":9,"108":9,"110":9,"111":19,"112":5,"115":9,"122":36,"123":36,"124":35,"125":0,"130":35,"135":34,"136":34,"137":34,"138":23,"140":34,"147":26,"151":25,"155":24,"162":23,"166":22,"170":21,"171":21,"172":21,"173":21,"174":21,"181":6,"185":5,"189":4,"190":3,"191":3,"194":3,"195":6,"196":4,"199":3,"206":17,"207":16,"211":15,"215":14,"216":14,"217":14,"224":5,"225":4,"229":2,"233":2,"234":2,"235":2,"242":10,"246":9,"250":8,"257":7,"258":7,"259":6,"260":5,"264":4,"265":4,"266":4,"267":4,"274":0,"278":0,"282":0},"path":"/home/des/Documents/WorkQuest/Contracts/contracts/WQInsurance.sol","s":{"1":43,"2":43,"3":43,"4":43,"5":43,"6":43,"7":0,"8":73,"9":73,"10":73,"11":72,"12":72,"13":72,"14":10,"15":9,"16":9,"17":19,"18":5,"19":9,"20":26,"21":25,"22":24,"23":23,"24":22,"25":21,"26":21,"27":21,"28":21,"29":21,"30":6,"31":5,"32":4,"33":3,"34":3,"35":3,"36":6,"37":4,"38":3,"39":17,"40":16,"41":15,"42":14,"43":14,"44":5,"45":4,"46":2,"47":2,"48":2,"49":10,"50":9,"51":8,"52":7,"53":7,"54":6,"55":5,"56":4,"57":4,"58":4,"59":4,"60":0,"61":0,"62":0},"b":{"1":[73,0],"2":[73,0],"3":[72,1],"4":[9,1],"5":[5,14],"6":[35,1],"7":[0,35],"8":[0,0],"9":[34,1],"10":[23,11],"11":[25,1],"12":[24,1],"13":[23,1],"14":[22,1],"15":[21,1],"16":[5,1],"17":[4,1],"18":[3,1],"19":[4,2],"20":[16,1],"21":[15,1],"22":[14,1],"23":[4,1],"24":[2,2],"25":[2,0],"26":[9,1],"27":[8,1],"28":[7,1],"29":[6,1],"30":[5,1],"31":[4,1],"32":[0,0],"33":[0,0]},"f":{"1":43,"2":0,"3":73,"4":10,"5":26,"6":6,"7":17,"8":5,"9":10,"10":0},"fnMap":{"1":{"name":"constructor","line":59,"loc":{"start":{"line":59,"column":4},"end":{"line":66,"column":4}}},"2":{"name":"getMembers","line":71,"loc":{"start":{"line":71,"column":4},"end":{"line":73,"column":4}}},"3":{"name":"addMember","line":79,"loc":{"start":{"line":79,"column":4},"end":{"line":96,"column":4}}},"4":{"name":"removeMember","line":102,"loc":{"start":{"line":102,"column":4},"end":{"line":116,"column":4}}},"5":{"name":"claim","line":146,"loc":{"start":{"line":146,"column":4},"end":{"line":175,"column":4}}},"6":{"name":"unclaim","line":180,"loc":{"start":{"line":180,"column":4},"end":{"line":200,"column":4}}},"7":{"name":"confirmPayment","line":205,"loc":{"start":{"line":205,"column":4},"end":{"line":218,"column":4}}},"8":{"name":"revokeConfirmation","line":223,"loc":{"start":{"line":223,"column":4},"end":{"line":236,"column":4}}},"9":{"name":"executePayment","line":241,"loc":{"start":{"line":241,"column":4},"end":{"line":268,"column":4}}},"10":{"name":"withdraw","line":273,"loc":{"start":{"line":273,"column":4},"end":{"line":285,"column":4}}}},"statementMap":{"1":{"start":{"line":60,"column":8},"end":{"line":60,"column":49}},"2":{"start":{"line":61,"column":8},"end":{"line":61,"column":41}},"3":{"start":{"line":62,"column":8},"end":{"line":62,"column":43}},"4":{"start":{"line":63,"column":8},"end":{"line":63,"column":52}},"5":{"start":{"line":64,"column":8},"end":{"line":64,"column":47}},"6":{"start":{"line":65,"column":8},"end":{"line":65,"column":47}},"7":{"start":{"line":72,"column":8},"end":{"line":72,"column":22}},"8":{"start":{"line":80,"column":8},"end":{"line":80,"column":2328}},"9":{"start":{"line":84,"column":8},"end":{"line":84,"column":2473}},"10":{"start":{"line":88,"column":8},"end":{"line":88,"column":2607}},"11":{"start":{"line":92,"column":8},"end":{"line":92,"column":27}},"12":{"start":{"line":93,"column":8},"end":{"line":93,"column":40}},"13":{"start":{"line":95,"column":8},"end":{"line":95,"column":49}},"14":{"start":{"line":103,"column":8},"end":{"line":103,"column":3030}},"15":{"start":{"line":107,"column":8},"end":{"line":107,"column":45}},"16":{"start":{"line":110,"column":8},"end":{"line":110,"column":3288}},"17":{"start":{"line":111,"column":12},"end":{"line":111,"column":3351}},"18":{"start":{"line":112,"column":16},"end":{"line":112,"column":60}},"19":{"start":{"line":115,"column":8},"end":{"line":115,"column":55}},"20":{"start":{"line":147,"column":8},"end":{"line":147,"column":4500}},"21":{"start":{"line":151,"column":8},"end":{"line":151,"column":4616}},"22":{"start":{"line":155,"column":8},"end":{"line":155,"column":4745}},"23":{"start":{"line":162,"column":8},"end":{"line":162,"column":4995}},"24":{"start":{"line":166,"column":8},"end":{"line":166,"column":5120}},"25":{"start":{"line":170,"column":8},"end":{"line":170,"column":39}},"26":{"start":{"line":171,"column":8},"end":{"line":171,"column":78}},"27":{"start":{"line":172,"column":8},"end":{"line":172,"column":51}},"28":{"start":{"line":173,"column":8},"end":{"line":173,"column":40}},"29":{"start":{"line":174,"column":8},"end":{"line":174,"column":82}},"30":{"start":{"line":181,"column":8},"end":{"line":181,"column":5633}},"31":{"start":{"line":185,"column":8},"end":{"line":185,"column":5749}},"32":{"start":{"line":189,"column":8},"end":{"line":189,"column":80}},"33":{"start":{"line":190,"column":8},"end":{"line":190,"column":40}},"34":{"start":{"line":191,"column":8},"end":{"line":191,"column":40}},"35":{"start":{"line":194,"column":8},"end":{"line":194,"column":6079}},"36":{"start":{"line":195,"column":12},"end":{"line":195,"column":6142}},"37":{"start":{"line":196,"column":16},"end":{"line":196,"column":60}},"38":{"start":{"line":199,"column":8},"end":{"line":199,"column":54}},"39":{"start":{"line":206,"column":8},"end":{"line":206,"column":75}},"40":{"start":{"line":207,"column":8},"end":{"line":207,"column":6548}},"41":{"start":{"line":211,"column":8},"end":{"line":211,"column":6668}},"42":{"start":{"line":216,"column":8},"end":{"line":216,"column":47}},"43":{"start":{"line":217,"column":8},"end":{"line":217,"column":66}},"44":{"start":{"line":224,"column":8},"end":{"line":224,"column":75}},"45":{"start":{"line":225,"column":8},"end":{"line":225,"column":7158}},"46":{"start":{"line":229,"column":8},"end":{"line":229,"column":7278}},"47":{"start":{"line":234,"column":8},"end":{"line":234,"column":48}},"48":{"start":{"line":235,"column":8},"end":{"line":235,"column":69}},"49":{"start":{"line":242,"column":8},"end":{"line":242,"column":7704}},"50":{"start":{"line":246,"column":8},"end":{"line":246,"column":7824}},"51":{"start":{"line":250,"column":8},"end":{"line":250,"column":7953}},"52":{"start":{"line":257,"column":8},"end":{"line":257,"column":50}},"53":{"start":{"line":258,"column":8},"end":{"line":258,"column":73}},"54":{"start":{"line":259,"column":8},"end":{"line":259,"column":63}},"55":{"start":{"line":260,"column":8},"end":{"line":260,"column":8397}},"56":{"start":{"line":264,"column":8},"end":{"line":264,"column":26}},"57":{"start":{"line":265,"column":8},"end":{"line":265,"column":25}},"58":{"start":{"line":266,"column":8},"end":{"line":266,"column":46}},"59":{"start":{"line":267,"column":8},"end":{"line":267,"column":68}},"60":{"start":{"line":274,"column":8},"end":{"line":274,"column":8789}},"61":{"start":{"line":278,"column":8},"end":{"line":278,"column":8909}},"62":{"start":{"line":282,"column":8},"end":{"line":282,"column":9073}}},"branchMap":{"1":{"line":80,"type":"if","locations":[{"start":{"line":80,"column":8},"end":{"line":80,"column":8}},{"start":{"line":80,"column":8},"end":{"line":80,"column":8}}]},"2":{"line":84,"type":"if","locations":[{"start":{"line":84,"column":8},"end":{"line":84,"column":8}},{"start":{"line":84,"column":8},"end":{"line":84,"column":8}}]},"3":{"line":88,"type":"if","locations":[{"start":{"line":88,"column":8},"end":{"line":88,"column":8}},{"start":{"line":88,"column":8},"end":{"line":88,"column":8}}]},"4":{"line":103,"type":"if","locations":[{"start":{"line":103,"column":8},"end":{"line":103,"column":8}},{"start":{"line":103,"column":8},"end":{"line":103,"column":8}}]},"5":{"line":111,"type":"if","locations":[{"start":{"line":111,"column":12},"end":{"line":111,"column":12}},{"start":{"line":111,"column":12},"end":{"line":111,"column":12}}]},"6":{"line":123,"type":"if","locations":[{"start":{"line":123,"column":8},"end":{"line":123,"column":8}},{"start":{"line":123,"column":8},"end":{"line":123,"column":8}}]},"7":{"line":124,"type":"if","locations":[{"start":{"line":124,"column":8},"end":{"line":124,"column":8}},{"start":{"line":124,"column":8},"end":{"line":124,"column":8}}]},"8":{"line":125,"type":"if","locations":[{"start":{"line":125,"column":12},"end":{"line":125,"column":12}},{"start":{"line":125,"column":12},"end":{"line":125,"column":12}}]},"9":{"line":130,"type":"if","locations":[{"start":{"line":130,"column":12},"end":{"line":130,"column":12}},{"start":{"line":130,"column":12},"end":{"line":130,"column":12}}]},"10":{"line":137,"type":"if","locations":[{"start":{"line":137,"column":8},"end":{"line":137,"column":8}},{"start":{"line":137,"column":8},"end":{"line":137,"column":8}}]},"11":{"line":147,"type":"if","locations":[{"start":{"line":147,"column":8},"end":{"line":147,"column":8}},{"start":{"line":147,"column":8},"end":{"line":147,"column":8}}]},"12":{"line":151,"type":"if","locations":[{"start":{"line":151,"column":8},"end":{"line":151,"column":8}},{"start":{"line":151,"column":8},"end":{"line":151,"column":8}}]},"13":{"line":155,"type":"if","locations":[{"start":{"line":155,"column":8},"end":{"line":155,"column":8}},{"start":{"line":155,"column":8},"end":{"line":155,"column":8}}]},"14":{"line":162,"type":"if","locations":[{"start":{"line":162,"column":8},"end":{"line":162,"column":8}},{"start":{"line":162,"column":8},"end":{"line":162,"column":8}}]},"15":{"line":166,"type":"if","locations":[{"start":{"line":166,"column":8},"end":{"line":166,"column":8}},{"start":{"line":166,"column":8},"end":{"line":166,"column":8}}]},"16":{"line":181,"type":"if","locations":[{"start":{"line":181,"column":8},"end":{"line":181,"column":8}},{"start":{"line":181,"column":8},"end":{"line":181,"column":8}}]},"17":{"line":185,"type":"if","locations":[{"start":{"line":185,"column":8},"end":{"line":185,"column":8}},{"start":{"line":185,"column":8},"end":{"line":185,"column":8}}]},"18":{"line":189,"type":"if","locations":[{"start":{"line":189,"column":8},"end":{"line":189,"column":8}},{"start":{"line":189,"column":8},"end":{"line":189,"column":8}}]},"19":{"line":195,"type":"if","locations":[{"start":{"line":195,"column":12},"end":{"line":195,"column":12}},{"start":{"line":195,"column":12},"end":{"line":195,"column":12}}]},"20":{"line":206,"type":"if","locations":[{"start":{"line":206,"column":8},"end":{"line":206,"column":8}},{"start":{"line":206,"column":8},"end":{"line":206,"column":8}}]},"21":{"line":207,"type":"if","locations":[{"start":{"line":207,"column":8},"end":{"line":207,"column":8}},{"start":{"line":207,"column":8},"end":{"line":207,"column":8}}]},"22":{"line":211,"type":"if","locations":[{"start":{"line":211,"column":8},"end":{"line":211,"column":8}},{"start":{"line":211,"column":8},"end":{"line":211,"column":8}}]},"23":{"line":224,"type":"if","locations":[{"start":{"line":224,"column":8},"end":{"line":224,"column":8}},{"start":{"line":224,"column":8},"end":{"line":224,"column":8}}]},"24":{"line":225,"type":"if","locations":[{"start":{"line":225,"column":8},"end":{"line":225,"column":8}},{"start":{"line":225,"column":8},"end":{"line":225,"column":8}}]},"25":{"line":229,"type":"if","locations":[{"start":{"line":229,"column":8},"end":{"line":229,"column":8}},{"start":{"line":229,"column":8},"end":{"line":229,"column":8}}]},"26":{"line":242,"type":"if","locations":[{"start":{"line":242,"column":8},"end":{"line":242,"column":8}},{"start":{"line":242,"column":8},"end":{"line":242,"column":8}}]},"27":{"line":246,"type":"if","locations":[{"start":{"line":246,"column":8},"end":{"line":246,"column":8}},{"start":{"line":246,"column":8},"end":{"line":246,"column":8}}]},"28":{"line":250,"type":"if","locations":[{"start":{"line":250,"column":8},"end":{"line":250,"column":8}},{"start":{"line":250,"column":8},"end":{"line":250,"column":8}}]},"29":{"line":258,"type":"if","locations":[{"start":{"line":258,"column":8},"end":{"line":258,"column":8}},{"start":{"line":258,"column":8},"end":{"line":258,"column":8}}]},"30":{"line":259,"type":"if","locations":[{"start":{"line":259,"column":8},"end":{"line":259,"column":8}},{"start":{"line":259,"column":8},"end":{"line":259,"column":8}}]},"31":{"line":260,"type":"if","locations":[{"start":{"line":260,"column":8},"end":{"line":260,"column":8}},{"start":{"line":260,"column":8},"end":{"line":260,"column":8}}]},"32":{"line":274,"type":"if","locations":[{"start":{"line":274,"column":8},"end":{"line":274,"column":8}},{"start":{"line":274,"column":8},"end":{"line":274,"column":8}}]},"33":{"line":278,"type":"if","locations":[{"start":{"line":278,"column":8},"end":{"line":278,"column":8}},{"start":{"line":278,"column":8},"end":{"line":278,"column":8}}]}}},"contracts/WQInsuranceFactory.sol":{"l":{"43":73,"44":73,"45":73,"46":43,"47":43,"48":43,"49":43,"50":43,"51":43,"52":43,"54":30,"55":29,"60":43,"61":43,"62":40,"64":3,"66":43,"67":43,"68":39,"70":2,"72":2,"74":43,"77":43,"81":43},"path":"/home/des/Documents/WorkQuest/Contracts/contracts/WQInsuranceFactory.sol","s":{"1":73,"2":73,"3":73,"4":43,"5":43,"6":43,"7":43,"8":43,"9":43,"10":43,"11":30,"12":43,"13":43,"14":40,"15":3,"16":3,"17":43,"18":43,"19":39,"20":4,"21":2,"22":2,"23":2,"24":43,"25":43,"26":43},"b":{"1":[43,30],"2":[40,3],"3":[3,0],"4":[39,4],"5":[2,2],"6":[2,0]},"f":{"1":114,"2":73,"3":43,"4":43},"fnMap":{"1":{"name":"constructor","line":36,"loc":{"start":{"line":36,"column":4},"end":{"line":36,"column":19}}},"2":{"name":"addUserToInsuarance","line":38,"loc":{"start":{"line":38,"column":4},"end":{"line":57,"column":4}}},"3":{"name":"_newInsurance","line":59,"loc":{"start":{"line":59,"column":4},"end":{"line":78,"column":4}}},"4":{"name":"getInsurances","line":80,"loc":{"start":{"line":80,"column":4},"end":{"line":82,"column":4}}}},"statementMap":{"1":{"start":{"line":43,"column":8},"end":{"line":43,"column":87}},"2":{"start":{"line":44,"column":8},"end":{"line":44,"column":63}},"3":{"start":{"line":45,"column":8},"end":{"line":45,"column":1151}},"4":{"start":{"line":46,"column":12},"end":{"line":46,"column":67}},"5":{"start":{"line":47,"column":12},"end":{"line":47,"column":62}},"6":{"start":{"line":48,"column":12},"end":{"line":48,"column":72}},"7":{"start":{"line":49,"column":12},"end":{"line":49,"column":35}},"8":{"start":{"line":50,"column":12},"end":{"line":50,"column":35}},"9":{"start":{"line":51,"column":12},"end":{"line":51,"column":31}},"10":{"start":{"line":52,"column":12},"end":{"line":52,"column":67}},"11":{"start":{"line":54,"column":12},"end":{"line":54,"column":51}},"12":{"start":{"line":60,"column":8},"end":{"line":60,"column":35}},"13":{"start":{"line":61,"column":8},"end":{"line":61,"column":1875}},"14":{"start":{"line":62,"column":12},"end":{"line":62,"column":38}},"15":{"start":{"line":63,"column":15},"end":{"line":63,"column":1976}},"16":{"start":{"line":64,"column":12},"end":{"line":64,"column":37}},"17":{"start":{"line":66,"column":8},"end":{"line":66,"column":35}},"18":{"start":{"line":67,"column":8},"end":{"line":67,"column":2115}},"19":{"start":{"line":68,"column":12},"end":{"line":68,"column":52}},"20":{"start":{"line":69,"column":15},"end":{"line":69,"column":2225}},"21":{"start":{"line":70,"column":12},"end":{"line":70,"column":51}},"22":{"start":{"line":71,"column":15},"end":{"line":71,"column":2333}},"23":{"start":{"line":72,"column":12},"end":{"line":72,"column":52}},"24":{"start":{"line":74,"column":8},"end":{"line":74,"column":2446}},"25":{"start":{"line":77,"column":8},"end":{"line":77,"column":51}},"26":{"start":{"line":81,"column":8},"end":{"line":81,"column":25}}},"branchMap":{"1":{"line":45,"type":"if","locations":[{"start":{"line":45,"column":8},"end":{"line":45,"column":8}},{"start":{"line":45,"column":8},"end":{"line":45,"column":8}}]},"2":{"line":61,"type":"if","locations":[{"start":{"line":61,"column":8},"end":{"line":61,"column":8}},{"start":{"line":61,"column":8},"end":{"line":61,"column":8}}]},"3":{"line":63,"type":"if","locations":[{"start":{"line":63,"column":15},"end":{"line":63,"column":15}},{"start":{"line":63,"column":15},"end":{"line":63,"column":15}}]},"4":{"line":67,"type":"if","locations":[{"start":{"line":67,"column":8},"end":{"line":67,"column":8}},{"start":{"line":67,"column":8},"end":{"line":67,"column":8}}]},"5":{"line":69,"type":"if","locations":[{"start":{"line":69,"column":15},"end":{"line":69,"column":15}},{"start":{"line":69,"column":15},"end":{"line":69,"column":15}}]},"6":{"line":71,"type":"if","locations":[{"start":{"line":71,"column":15},"end":{"line":71,"column":15}},{"start":{"line":71,"column":15},"end":{"line":71,"column":15}}]}}},"contracts/WQPensionFund.sol":{"l":{"38":84,"39":84,"50":0,"51":0,"52":0,"53":0,"54":0,"56":0,"57":0,"58":0,"66":0,"67":0,"68":0,"69":0,"70":0,"71":0,"72":0,"73":0,"74":0,"75":0,"85":0,"86":0,"87":0,"88":0,"90":0,"94":0,"98":0,"102":0,"106":0,"107":0,"108":0,"112":0,"116":0,"117":0,"118":0,"119":0,"126":0},"path":"/home/des/Documents/WorkQuest/Contracts/contracts/WQPensionFund.sol","s":{"1":84,"2":84,"3":0,"4":0,"5":0,"6":0,"7":0,"8":0,"9":0,"10":0,"11":0,"12":0,"13":0,"14":0,"15":0,"16":0,"17":0,"18":0,"19":0,"20":0,"21":0,"22":0,"23":0,"24":0,"25":0,"26":0,"27":0,"28":0,"29":0,"30":0,"31":0,"32":0,"33":0,"34":0,"35":0,"36":0},"b":{"1":[0,0],"2":[0,0],"3":[0,0],"4":[0,0],"5":[0,0],"6":[0,0],"7":[0,0],"8":[0,0],"9":[0,0]},"f":{"1":84,"2":0,"3":0,"4":0,"5":0,"6":0,"7":0,"8":0},"fnMap":{"1":{"name":"constructor","line":37,"loc":{"start":{"line":37,"column":4},"end":{"line":40,"column":4}}},"2":{"name":"contribute","line":49,"loc":{"start":{"line":49,"column":4},"end":{"line":59,"column":4}}},"3":{"name":"withdraw","line":65,"loc":{"start":{"line":65,"column":4},"end":{"line":76,"column":4}}},"4":{"name":"updateFee","line":84,"loc":{"start":{"line":84,"column":4},"end":{"line":91,"column":4}}},"5":{"name":"updateDefaultFee","line":93,"loc":{"start":{"line":93,"column":4},"end":{"line":99,"column":4}}},"6":{"name":"balanceOf","line":101,"loc":{"start":{"line":101,"column":4},"end":{"line":103,"column":4}}},"7":{"name":"borrow","line":105,"loc":{"start":{"line":105,"column":4},"end":{"line":120,"column":4}}},"8":{"name":"refund","line":123,"loc":{"start":{"line":123,"column":4},"end":{"line":123,"column":49}}}},"statementMap":{"1":{"start":{"line":38,"column":8},"end":{"line":38,"column":27}},"2":{"start":{"line":39,"column":8},"end":{"line":39,"column":31}},"3":{"start":{"line":50,"column":8},"end":{"line":50,"column":54}},"4":{"start":{"line":51,"column":8},"end":{"line":51,"column":1628}},"5":{"start":{"line":52,"column":12},"end":{"line":52,"column":45}},"6":{"start":{"line":53,"column":12},"end":{"line":53,"column":57}},"7":{"start":{"line":54,"column":12},"end":{"line":54,"column":34}},"8":{"start":{"line":56,"column":8},"end":{"line":56,"column":33}},"9":{"start":{"line":57,"column":8},"end":{"line":57,"column":31}},"10":{"start":{"line":58,"column":8},"end":{"line":58,"column":40}},"11":{"start":{"line":66,"column":8},"end":{"line":66,"column":56}},"12":{"start":{"line":67,"column":8},"end":{"line":67,"column":22}},"13":{"start":{"line":68,"column":8},"end":{"line":68,"column":58}},"14":{"start":{"line":69,"column":8},"end":{"line":69,"column":52}},"15":{"start":{"line":70,"column":8},"end":{"line":70,"column":39}},"16":{"start":{"line":71,"column":8},"end":{"line":71,"column":30}},"17":{"start":{"line":72,"column":8},"end":{"line":72,"column":28}},"18":{"start":{"line":73,"column":8},"end":{"line":73,"column":43}},"19":{"start":{"line":74,"column":8},"end":{"line":74,"column":41}},"20":{"start":{"line":75,"column":8},"end":{"line":75,"column":23}},"21":{"start":{"line":85,"column":8},"end":{"line":85,"column":58}},"22":{"start":{"line":86,"column":8},"end":{"line":86,"column":2864}},"23":{"start":{"line":87,"column":12},"end":{"line":87,"column":45}},"24":{"start":{"line":88,"column":12},"end":{"line":88,"column":57}},"25":{"start":{"line":90,"column":8},"end":{"line":90,"column":23}},"26":{"start":{"line":94,"column":8},"end":{"line":94,"column":3114}},"27":{"start":{"line":98,"column":8},"end":{"line":98,"column":31}},"28":{"start":{"line":102,"column":8},"end":{"line":102,"column":37}},"29":{"start":{"line":106,"column":8},"end":{"line":106,"column":56}},"30":{"start":{"line":107,"column":8},"end":{"line":107,"column":22}},"31":{"start":{"line":108,"column":8},"end":{"line":108,"column":3538}},"32":{"start":{"line":112,"column":8},"end":{"line":112,"column":3670}},"33":{"start":{"line":116,"column":8},"end":{"line":116,"column":25}},"34":{"start":{"line":117,"column":8},"end":{"line":117,"column":43}},"35":{"start":{"line":118,"column":8},"end":{"line":118,"column":29}},"36":{"start":{"line":119,"column":8},"end":{"line":119,"column":23}}},"branchMap":{"1":{"line":51,"type":"if","locations":[{"start":{"line":51,"column":8},"end":{"line":51,"column":8}},{"start":{"line":51,"column":8},"end":{"line":51,"column":8}}]},"2":{"line":66,"type":"if","locations":[{"start":{"line":66,"column":8},"end":{"line":66,"column":8}},{"start":{"line":66,"column":8},"end":{"line":66,"column":8}}]},"3":{"line":69,"type":"if","locations":[{"start":{"line":69,"column":8},"end":{"line":69,"column":8}},{"start":{"line":69,"column":8},"end":{"line":69,"column":8}}]},"4":{"line":70,"type":"if","locations":[{"start":{"line":70,"column":8},"end":{"line":70,"column":8}},{"start":{"line":70,"column":8},"end":{"line":70,"column":8}}]},"5":{"line":86,"type":"if","locations":[{"start":{"line":86,"column":8},"end":{"line":86,"column":8}},{"start":{"line":86,"column":8},"end":{"line":86,"column":8}}]},"6":{"line":94,"type":"if","locations":[{"start":{"line":94,"column":8},"end":{"line":94,"column":8}},{"start":{"line":94,"column":8},"end":{"line":94,"column":8}}]},"7":{"line":106,"type":"if","locations":[{"start":{"line":106,"column":8},"end":{"line":106,"column":8}},{"start":{"line":106,"column":8},"end":{"line":106,"column":8}}]},"8":{"line":108,"type":"if","locations":[{"start":{"line":108,"column":8},"end":{"line":108,"column":8}},{"start":{"line":108,"column":8},"end":{"line":108,"column":8}}]},"9":{"line":112,"type":"if","locations":[{"start":{"line":112,"column":8},"end":{"line":112,"column":8}},{"start":{"line":112,"column":8},"end":{"line":112,"column":8}}]}}},"contracts/WQPriceOracle.sol":{"l":{},"path":"/home/des/Documents/WorkQuest/Contracts/contracts/WQPriceOracle.sol","s":{},"b":{},"f":{},"fnMap":{},"statementMap":{},"branchMap":{}},"contracts/WQReferal.sol":{"l":{"37":0,"41":0,"42":0,"43":0,"47":0,"51":0,"55":0,"56":0,"60":0,"61":0,"62":0,"64":0,"65":0,"72":0,"80":0,"84":0,"85":0,"86":0,"90":0,"91":0,"92":0},"path":"/home/des/Documents/WorkQuest/Contracts/contracts/WQReferal.sol","s":{"1":0,"2":0,"3":0,"4":0,"5":0,"6":0,"7":0,"8":0,"9":0,"10":0,"11":0,"12":0,"13":0,"14":0,"15":0,"16":0,"17":0,"18":0,"19":0,"20":0},"b":{"1":[0,0],"2":[0,0],"3":[0,0],"4":[0,0],"5":[0,0],"6":[0,0],"7":[0,0]},"f":{"1":0,"2":0,"3":0,"4":0},"fnMap":{"1":{"name":"initialize","line":36,"loc":{"start":{"line":36,"column":4},"end":{"line":44,"column":4}}},"2":{"name":"addReferrer","line":46,"loc":{"start":{"line":46,"column":4},"end":{"line":66,"column":4}}},"3":{"name":"hasReferrer","line":71,"loc":{"start":{"line":71,"column":4},"end":{"line":73,"column":4}}},"4":{"name":"payReferral","line":79,"loc":{"start":{"line":79,"column":4},"end":{"line":93,"column":4}}}},"statementMap":{"1":{"start":{"line":37,"column":8},"end":{"line":37,"column":1135}},"2":{"start":{"line":41,"column":8},"end":{"line":41,"column":35}},"3":{"start":{"line":42,"column":8},"end":{"line":42,"column":37}},"4":{"start":{"line":43,"column":8},"end":{"line":43,"column":26}},"5":{"start":{"line":47,"column":8},"end":{"line":47,"column":1445}},"6":{"start":{"line":51,"column":8},"end":{"line":51,"column":1566}},"7":{"start":{"line":55,"column":8},"end":{"line":55,"column":58}},"8":{"start":{"line":56,"column":8},"end":{"line":56,"column":1749}},"9":{"start":{"line":60,"column":8},"end":{"line":60,"column":58}},"10":{"start":{"line":61,"column":8},"end":{"line":61,"column":38}},"11":{"start":{"line":64,"column":8},"end":{"line":64,"column":52}},"12":{"start":{"line":65,"column":8},"end":{"line":65,"column":19}},"13":{"start":{"line":72,"column":8},"end":{"line":72,"column":52}},"14":{"start":{"line":80,"column":8},"end":{"line":80,"column":2423}},"15":{"start":{"line":84,"column":8},"end":{"line":84,"column":58}},"16":{"start":{"line":85,"column":8},"end":{"line":85,"column":66}},"17":{"start":{"line":86,"column":8},"end":{"line":86,"column":2693}},"18":{"start":{"line":90,"column":8},"end":{"line":90,"column":61}},"19":{"start":{"line":91,"column":8},"end":{"line":91,"column":58}},"20":{"start":{"line":92,"column":8},"end":{"line":92,"column":74}}},"branchMap":{"1":{"line":37,"type":"if","locations":[{"start":{"line":37,"column":8},"end":{"line":37,"column":8}},{"start":{"line":37,"column":8},"end":{"line":37,"column":8}}]},"2":{"line":47,"type":"if","locations":[{"start":{"line":47,"column":8},"end":{"line":47,"column":8}},{"start":{"line":47,"column":8},"end":{"line":47,"column":8}}]},"3":{"line":51,"type":"if","locations":[{"start":{"line":51,"column":8},"end":{"line":51,"column":8}},{"start":{"line":51,"column":8},"end":{"line":51,"column":8}}]},"4":{"line":56,"type":"if","locations":[{"start":{"line":56,"column":8},"end":{"line":56,"column":8}},{"start":{"line":56,"column":8},"end":{"line":56,"column":8}}]},"5":{"line":80,"type":"if","locations":[{"start":{"line":80,"column":8},"end":{"line":80,"column":8}},{"start":{"line":80,"column":8},"end":{"line":80,"column":8}}]},"6":{"line":85,"type":"if","locations":[{"start":{"line":85,"column":8},"end":{"line":85,"column":8}},{"start":{"line":85,"column":8},"end":{"line":85,"column":8}}]},"7":{"line":86,"type":"if","locations":[{"start":{"line":86,"column":8},"end":{"line":86,"column":8}},{"start":{"line":86,"column":8},"end":{"line":86,"column":8}}]}}},"contracts/WQStaking.sol":{"l":{"91":48,"95":48,"96":48,"97":48,"98":48,"99":48,"100":48,"101":48,"102":48,"103":48,"104":48,"106":48,"107":48,"109":48,"120":9,"124":9,"128":9,"132":8,"133":8,"137":7,"138":6,"142":6,"144":7,"148":6,"149":0,"152":6,"153":6,"154":6,"155":6,"156":6,"157":6,"169":3,"173":2,"174":2,"175":2,"176":2,"180":2,"185":1,"187":1,"188":1,"189":1,"191":1,"193":1,"194":1,"201":1,"205":1,"206":1,"207":1,"208":1,"213":1,"214":1,"217":1,"218":1,"219":1,"220":1,"221":1,"223":1,"224":1,"225":1,"226":1,"237":2,"239":2,"246":2,"253":1,"254":1,"255":1,"256":1,"257":1,"258":1,"261":1,"263":1,"271":4,"276":2,"277":2,"278":2,"279":2,"280":2,"282":2,"290":1,"291":1,"292":1,"303":1,"304":1,"305":1,"318":1,"320":1,"321":1,"322":1,"323":1,"338":1,"339":1,"340":1,"341":1,"348":4,"361":4,"367":0,"368":0,"372":0,"373":0},"path":"/home/des/Documents/WorkQuest/Contracts/contracts/WQStaking.sol","s":{"1":48,"2":48,"3":48,"4":48,"5":48,"6":48,"7":48,"8":48,"9":48,"10":48,"11":48,"12":48,"13":48,"14":48,"15":9,"16":9,"17":9,"18":8,"19":8,"20":7,"21":6,"22":6,"23":7,"24":6,"25":0,"26":6,"27":6,"28":6,"29":6,"30":6,"31":6,"32":3,"33":2,"34":2,"35":2,"36":2,"37":2,"38":1,"39":1,"40":1,"41":1,"42":1,"43":1,"44":1,"45":1,"46":1,"47":1,"48":1,"49":1,"50":1,"51":1,"52":1,"53":1,"54":1,"55":1,"56":1,"57":1,"58":1,"59":1,"60":1,"61":2,"62":2,"63":2,"64":1,"65":1,"66":1,"67":1,"68":1,"69":1,"70":1,"71":1,"72":4,"73":2,"74":2,"75":2,"76":2,"77":2,"78":2,"79":1,"80":1,"81":1,"82":1,"83":1,"84":1,"85":1,"86":1,"87":1,"88":1,"89":1,"90":1,"91":1,"92":1,"93":1,"94":4,"95":4,"96":0,"97":0,"98":0,"99":0},"b":{"1":[48,0],"2":[9,0],"3":[9,0],"4":[8,1],"5":[7,1],"6":[6,1],"7":[6,0],"8":[6,1],"9":[0,6],"10":[2,1],"11":[2,0],"12":[2,0],"13":[1,1],"14":[1,0],"15":[1,0],"16":[1,0],"17":[1,0],"18":[1,0],"19":[1,0],"20":[1,0],"21":[2,0],"22":[2,0],"23":[0,0],"24":[0,0]},"f":{"1":48,"2":9,"3":3,"4":1,"5":2,"6":1,"7":4,"8":2,"9":1,"10":1,"11":1,"12":1,"13":4,"14":0,"15":0},"fnMap":{"1":{"name":"initialize","line":80,"loc":{"start":{"line":80,"column":4},"end":{"line":110,"column":4}}},"2":{"name":"stake","line":119,"loc":{"start":{"line":119,"column":4},"end":{"line":158,"column":4}}},"3":{"name":"unstake","line":168,"loc":{"start":{"line":168,"column":4},"end":{"line":195,"column":4}}},"4":{"name":"claim","line":200,"loc":{"start":{"line":200,"column":4},"end":{"line":227,"column":4}}},"5":{"name":"calcReward","line":232,"loc":{"start":{"line":232,"column":4},"end":{"line":247,"column":4}}},"6":{"name":"getClaim","line":252,"loc":{"start":{"line":252,"column":4},"end":{"line":264,"column":4}}},"7":{"name":"produced","line":270,"loc":{"start":{"line":270,"column":4},"end":{"line":273,"column":4}}},"8":{"name":"update","line":275,"loc":{"start":{"line":275,"column":4},"end":{"line":284,"column":4}}},"9":{"name":"setReward","line":289,"loc":{"start":{"line":289,"column":4},"end":{"line":293,"column":4}}},"10":{"name":"updateStakingInfo","line":302,"loc":{"start":{"line":298,"column":4},"end":{"line":306,"column":4}}},"11":{"name":"updateStakerInfo","line":317,"loc":{"start":{"line":311,"column":4},"end":{"line":324,"column":4}}},"12":{"name":"getInfoByAddress","line":329,"loc":{"start":{"line":329,"column":4},"end":{"line":342,"column":4}}},"13":{"name":"getStakingInfo","line":347,"loc":{"start":{"line":347,"column":4},"end":{"line":362,"column":4}}},"14":{"name":"updateStartTime","line":366,"loc":{"start":{"line":366,"column":4},"end":{"line":369,"column":4}}},"15":{"name":"updateProducedTime","line":371,"loc":{"start":{"line":371,"column":4},"end":{"line":374,"column":4}}}},"statementMap":{"1":{"start":{"line":91,"column":8},"end":{"line":91,"column":2929}},"2":{"start":{"line":95,"column":8},"end":{"line":95,"column":29}},"3":{"start":{"line":96,"column":8},"end":{"line":96,"column":33}},"4":{"start":{"line":97,"column":8},"end":{"line":97,"column":43}},"5":{"start":{"line":98,"column":8},"end":{"line":98,"column":33}},"6":{"start":{"line":99,"column":8},"end":{"line":99,"column":33}},"7":{"start":{"line":100,"column":8},"end":{"line":100,"column":27}},"8":{"start":{"line":101,"column":8},"end":{"line":101,"column":27}},"9":{"start":{"line":102,"column":8},"end":{"line":102,"column":41}},"10":{"start":{"line":103,"column":8},"end":{"line":103,"column":39}},"11":{"start":{"line":104,"column":8},"end":{"line":104,"column":32}},"12":{"start":{"line":106,"column":8},"end":{"line":106,"column":49}},"13":{"start":{"line":107,"column":8},"end":{"line":107,"column":41}},"14":{"start":{"line":109,"column":8},"end":{"line":109,"column":26}},"15":{"start":{"line":120,"column":8},"end":{"line":120,"column":3758}},"16":{"start":{"line":124,"column":8},"end":{"line":124,"column":3882}},"17":{"start":{"line":128,"column":8},"end":{"line":128,"column":4050}},"18":{"start":{"line":132,"column":8},"end":{"line":132,"column":50}},"19":{"start":{"line":133,"column":8},"end":{"line":133,"column":4232}},"20":{"start":{"line":137,"column":8},"end":{"line":137,"column":4375}},"21":{"start":{"line":138,"column":12},"end":{"line":138,"column":4436}},"22":{"start":{"line":142,"column":12},"end":{"line":142,"column":63}},"23":{"start":{"line":144,"column":8},"end":{"line":144,"column":4746}},"24":{"start":{"line":148,"column":8},"end":{"line":148,"column":4888}},"25":{"start":{"line":149,"column":12},"end":{"line":149,"column":19}},"26":{"start":{"line":152,"column":8},"end":{"line":152,"column":70}},"27":{"start":{"line":153,"column":8},"end":{"line":153,"column":61}},"28":{"start":{"line":154,"column":8},"end":{"line":154,"column":29}},"29":{"start":{"line":155,"column":8},"end":{"line":155,"column":31}},"30":{"start":{"line":156,"column":8},"end":{"line":156,"column":40}},"31":{"start":{"line":157,"column":8},"end":{"line":157,"column":63}},"32":{"start":{"line":169,"column":8},"end":{"line":169,"column":5516}},"33":{"start":{"line":173,"column":8},"end":{"line":173,"column":56}},"34":{"start":{"line":174,"column":8},"end":{"line":174,"column":22}},"35":{"start":{"line":175,"column":8},"end":{"line":175,"column":50}},"36":{"start":{"line":176,"column":8},"end":{"line":176,"column":5820}},"37":{"start":{"line":180,"column":8},"end":{"line":180,"column":5953}},"38":{"start":{"line":185,"column":8},"end":{"line":185,"column":15}},"39":{"start":{"line":187,"column":8},"end":{"line":187,"column":64}},"40":{"start":{"line":188,"column":8},"end":{"line":188,"column":31}},"41":{"start":{"line":189,"column":8},"end":{"line":189,"column":29}},"42":{"start":{"line":191,"column":8},"end":{"line":191,"column":51}},"43":{"start":{"line":193,"column":8},"end":{"line":193,"column":65}},"44":{"start":{"line":194,"column":8},"end":{"line":194,"column":23}},"45":{"start":{"line":201,"column":8},"end":{"line":201,"column":6481}},"46":{"start":{"line":205,"column":8},"end":{"line":205,"column":56}},"47":{"start":{"line":206,"column":8},"end":{"line":206,"column":22}},"48":{"start":{"line":207,"column":8},"end":{"line":207,"column":50}},"49":{"start":{"line":208,"column":8},"end":{"line":208,"column":6785}},"50":{"start":{"line":213,"column":8},"end":{"line":213,"column":6929}},"51":{"start":{"line":214,"column":12},"end":{"line":214,"column":19}},"52":{"start":{"line":217,"column":8},"end":{"line":217,"column":63}},"53":{"start":{"line":218,"column":8},"end":{"line":218,"column":57}},"54":{"start":{"line":219,"column":8},"end":{"line":219,"column":35}},"55":{"start":{"line":220,"column":8},"end":{"line":220,"column":41}},"56":{"start":{"line":221,"column":8},"end":{"line":221,"column":33}},"57":{"start":{"line":223,"column":8},"end":{"line":223,"column":59}},"58":{"start":{"line":224,"column":8},"end":{"line":224,"column":63}},"59":{"start":{"line":225,"column":8},"end":{"line":225,"column":23}},"60":{"start":{"line":226,"column":8},"end":{"line":226,"column":19}},"61":{"start":{"line":237,"column":8},"end":{"line":237,"column":47}},"62":{"start":{"line":239,"column":8},"end":{"line":239,"column":7680}},"63":{"start":{"line":246,"column":8},"end":{"line":246,"column":21}},"64":{"start":{"line":253,"column":8},"end":{"line":253,"column":37}},"65":{"start":{"line":254,"column":8},"end":{"line":254,"column":8059}},"66":{"start":{"line":255,"column":12},"end":{"line":255,"column":52}},"67":{"start":{"line":256,"column":12},"end":{"line":256,"column":8152}},"68":{"start":{"line":257,"column":16},"end":{"line":257,"column":74}},"69":{"start":{"line":258,"column":16},"end":{"line":258,"column":57}},"70":{"start":{"line":261,"column":8},"end":{"line":261,"column":41}},"71":{"start":{"line":263,"column":8},"end":{"line":263,"column":21}},"72":{"start":{"line":271,"column":8},"end":{"line":271,"column":8656}},"73":{"start":{"line":276,"column":8},"end":{"line":276,"column":48}},"74":{"start":{"line":277,"column":8},"end":{"line":277,"column":8769}},"75":{"start":{"line":278,"column":12},"end":{"line":278,"column":70}},"76":{"start":{"line":279,"column":12},"end":{"line":279,"column":8901}},"77":{"start":{"line":280,"column":16},"end":{"line":280,"column":67}},"78":{"start":{"line":282,"column":12},"end":{"line":282,"column":47}},"79":{"start":{"line":290,"column":8},"end":{"line":290,"column":31}},"80":{"start":{"line":291,"column":8},"end":{"line":291,"column":37}},"81":{"start":{"line":292,"column":8},"end":{"line":292,"column":33}},"82":{"start":{"line":303,"column":8},"end":{"line":303,"column":28}},"83":{"start":{"line":304,"column":8},"end":{"line":304,"column":33}},"84":{"start":{"line":305,"column":8},"end":{"line":305,"column":43}},"85":{"start":{"line":318,"column":8},"end":{"line":318,"column":45}},"86":{"start":{"line":320,"column":8},"end":{"line":320,"column":30}},"87":{"start":{"line":321,"column":8},"end":{"line":321,"column":44}},"88":{"start":{"line":322,"column":8},"end":{"line":322,"column":38}},"89":{"start":{"line":323,"column":8},"end":{"line":323,"column":40}},"90":{"start":{"line":338,"column":8},"end":{"line":338,"column":44}},"91":{"start":{"line":339,"column":8},"end":{"line":339,"column":30}},"92":{"start":{"line":340,"column":8},"end":{"line":340,"column":30}},"93":{"start":{"line":341,"column":8},"end":{"line":341,"column":60}},"94":{"start":{"line":348,"column":8},"end":{"line":348,"column":10832}},"95":{"start":{"line":361,"column":8},"end":{"line":361,"column":20}},"96":{"start":{"line":367,"column":8},"end":{"line":367,"column":94}},"97":{"start":{"line":368,"column":8},"end":{"line":368,"column":32}},"98":{"start":{"line":372,"column":8},"end":{"line":372,"column":97}},"99":{"start":{"line":373,"column":8},"end":{"line":373,"column":35}}},"branchMap":{"1":{"line":91,"type":"if","locations":[{"start":{"line":91,"column":8},"end":{"line":91,"column":8}},{"start":{"line":91,"column":8},"end":{"line":91,"column":8}}]},"2":{"line":120,"type":"if","locations":[{"start":{"line":120,"column":8},"end":{"line":120,"column":8}},{"start":{"line":120,"column":8},"end":{"line":120,"column":8}}]},"3":{"line":124,"type":"if","locations":[{"start":{"line":124,"column":8},"end":{"line":124,"column":8}},{"start":{"line":124,"column":8},"end":{"line":124,"column":8}}]},"4":{"line":128,"type":"if","locations":[{"start":{"line":128,"column":8},"end":{"line":128,"column":8}},{"start":{"line":128,"column":8},"end":{"line":128,"column":8}}]},"5":{"line":133,"type":"if","locations":[{"start":{"line":133,"column":8},"end":{"line":133,"column":8}},{"start":{"line":133,"column":8},"end":{"line":133,"column":8}}]},"6":{"line":137,"type":"if","locations":[{"start":{"line":137,"column":8},"end":{"line":137,"column":8}},{"start":{"line":137,"column":8},"end":{"line":137,"column":8}}]},"7":{"line":138,"type":"if","locations":[{"start":{"line":138,"column":12},"end":{"line":138,"column":12}},{"start":{"line":1
[...]
ne":234,"column":8}}]},"17":{"line":236,"type":"if","locations":[{"start":{"line":236,"column":12},"end":{"line":236,"column":12}},{"start":{"line":236,"column":12},"end":{"line":236,"column":12}}]},"18":{"line":257,"type":"if","locations":[{"start":{"line":257,"column":8},"end":{"line":257,"column":8}},{"start":{"line":257,"column":8},"end":{"line":257,"column":8}}]},"19":{"line":259,"type":"if","locations":[{"start":{"line":259,"column":12},"end":{"line":259,"column":12}},{"start":{"line":259,"column":12},"end":{"line":259,"column":12}}]}}},"contracts/WQTInterface.sol":{"l":{},"path":"/home/des/Documents/WorkQuest/Contracts/contracts/WQTInterface.sol","s":{},"b":{},"f":{},"fnMap":{},"statementMap":{},"branchMap":{}},"contracts/WQToken.sol":{"l":{"91":246,"95":246,"96":246,"97":246,"98":246,"99":246,"100":246,"101":246,"108":64,"115":15,"125":139,"126":138,"141":2,"152":11,"153":11,"170":9,"172":8,"173":8,"177":7,"181":7,"193":4,"198":4,"211":2,"212":2,"216":1,"220":1,"231":2,"232":2,"241":2,"242":2,"253":0,"260":0,"267":18,"274":6,"275":6,"288":0,"289":0,"296":16,"300":3,"301":3,"305":3,"306":3,"307":3,"325":0,"329":0,"339":0,"343":0,"353":0,"357":0,"368":0,"372":0,"373":0,"381":148,"382":148,"384":148,"386":148,"387":148,"391":146,"394":146,"396":146,"404":23,"405":23,"407":23,"408":23,"419":16,"423":16,"427":16,"431":16,"432":16,"433":16,"434":16,"436":16,"438":16,"450":19,"451":16,"452":3,"457":3,"460":16,"461":16,"466":16,"479":0,"480":0,"481":0,"482":0,"483":0,"484":0,"486":0,"490":0,"498":19,"499":19,"500":19,"502":19,"503":0,"505":19,"515":16,"519":3,"523":0,"524":0,"527":0,"534":248,"547":248,"548":248,"553":248,"555":248,"556":248,"557":248,"572":2,"574":2,"576":2,"577":2,"578":2,"581":2,"583":2,"605":398},"path":"/home/des/Documents/WorkQuest/Contracts/contracts/WQToken.sol","s":{"1":246,"2":246,"3":246,"4":246,"5":246,"6":246,"7":246,"8":246,"9":64,"10":15,"11":139,"12":138,"13":2,"14":11,"15":11,"16":9,"17":8,"18":8,"19":7,"20":4,"21":4,"22":2,"23":2,"24":1,"25":2,"26":2,"27":2,"28":2,"29":0,"30":0,"31":18,"32":6,"33":6,"34":0,"35":0,"36":16,"37":3,"38":3,"39":3,"40":3,"41":3,"42":0,"43":0,"44":0,"45":0,"46":0,"47":0,"48":0,"49":0,"50":0,"51":148,"52":148,"53":148,"54":148,"55":148,"56":146,"57":146,"58":23,"59":23,"60":23,"61":23,"62":16,"63":16,"64":16,"65":16,"66":16,"67":16,"68":16,"69":16,"70":16,"71":19,"72":16,"73":3,"74":3,"75":16,"76":16,"77":16,"78":0,"79":0,"80":0,"81":0,"82":0,"83":0,"84":0,"85":0,"86":19,"87":19,"88":19,"89":19,"90":0,"91":19,"92":16,"93":3,"94":0,"95":0,"96":248,"97":248,"98":248,"99":248,"100":248,"101":248,"102":248,"103":2,"104":2,"105":2,"106":2,"107":2,"108":2,"109":398},"b":{"1":[246,0],"2":[7,1],"3":[1,1],"4":[2,0],"5":[2,0],"6":[0,0],"7":[3,0],"8":[3,0],"9":[0,0],"10":[0,0],"11":[0,0],"12":[0,0],"13":[148,0],"14":[148,0],"15":[146,2],"16":[23,0],"17":[23,0],"18":[16,0],"19":[16,0],"20":[16,0],"21":[16,3],"22":[3,13],"23":[16,0],"24":[0,0],"25":[0,19],"26":[248,0],"27":[248,0],"28":[2,0],"29":[2,0],"30":[398,0]},"f":{"1":246,"2":64,"3":15,"4":139,"5":2,"6":11,"7":9,"8":4,"9":2,"10":2,"11":2,"12":0,"13":0,"14":18,"15":6,"16":0,"17":16,"18":3,"19":0,"20":0,"21":0,"22":0,"23":148,"24":23,"25":16,"26":19,"27":0,"28":19,"29":16,"30":3,"31":0,"32":248,"33":248,"34":2,"35":398},"fnMap":{"1":{"name":"initialize","line":90,"loc":{"start":{"line":90,"column":4},"end":{"line":102,"column":4}}},"2":{"name":"balanceOf","line":107,"loc":{"start":{"line":107,"column":4},"end":{"line":109,"column":4}}},"3":{"name":"votePowerOf","line":114,"loc":{"start":{"line":114,"column":4},"end":{"line":116,"column":4}}},"4":{"name":"transfer","line":124,"loc":{"start":{"line":124,"column":4},"end":{"line":127,"column":4}}},"5":{"name":"allowance","line":136,"loc":{"start":{"line":136,"column":4},"end":{"line":142,"column":4}}},"6":{"name":"approve","line":151,"loc":{"start":{"line":151,"column":4},"end":{"line":154,"column":4}}},"7":{"name":"transferFrom","line":165,"loc":{"start":{"line":165,"column":4},"end":{"line":182,"column":4}}},"8":{"name":"increaseAllowance","line":189,"loc":{"start":{"line":189,"column":4},"end":{"line":199,"column":4}}},"9":{"name":"decreaseAllowance","line":207,"loc":{"start":{"line":207,"column":4},"end":{"line":221,"column":4}}},"10":{"name":"mint","line":230,"loc":{"start":{"line":230,"column":4},"end":{"line":233,"column":4}}},"11":{"name":"burn","line":240,"loc":{"start":{"line":240,"column":4},"end":{"line":243,"column":4}}},"12":{"name":"checkpoints","line":248,"loc":{"start":{"line":248,"column":4},"end":{"line":254,"column":4}}},"13":{"name":"numCheckpoints","line":259,"loc":{"start":{"line":259,"column":4},"end":{"line":261,"column":4}}},"14":{"name":"delegates","line":266,"loc":{"start":{"line":266,"column":4},"end":{"line":268,"column":4}}},"15":{"name":"getVotes","line":273,"loc":{"start":{"line":273,"column":4},"end":{"line":276,"column":4}}},"16":{"name":"getPastVotes","line":283,"loc":{"start":{"line":283,"column":4},"end":{"line":290,"column":4}}},"17":{"name":"delegate","line":295,"loc":{"start":{"line":295,"column":4},"end":{"line":297,"column":4}}},"18":{"name":"withdrawVotingRights","line":299,"loc":{"start":{"line":299,"column":4},"end":{"line":312,"column":4}}},"19":{"name":"setSaleContract","line":324,"loc":{"start":{"line":324,"column":4},"end":{"line":330,"column":4}}},"20":{"name":"lockTransfers","line":338,"loc":{"start":{"line":338,"column":4},"end":{"line":344,"column":4}}},"21":{"name":"unlockTransfers","line":352,"loc":{"start":{"line":352,"column":4},"end":{"line":358,"column":4}}},"22":{"name":"unlockTransfersPermanent","line":367,"loc":{"start":{"line":367,"column":4},"end":{"line":374,"column":4}}},"23":{"name":"_transfer","line":376,"loc":{"start":{"line":376,"column":4},"end":{"line":397,"column":4}}},"24":{"name":"_approve","line":399,"loc":{"start":{"line":399,"column":4},"end":{"line":409,"column":4}}},"25":{"name":"_delegate","line":414,"loc":{"start":{"line":414,"column":4},"end":{"line":443,"column":4}}},"26":{"name":"_moveVotingPower","line":445,"loc":{"start":{"line":445,"column":4},"end":{"line":469,"column":4}}},"27":{"name":"_checkpointsLookup","line":474,"loc":{"start":{"line":474,"column":4},"end":{"line":491,"column":4}}},"28":{"name":"_writeCheckpoint","line":493,"loc":{"start":{"line":493,"column":4},"end":{"line":512,"column":4}}},"29":{"name":"_add","line":514,"loc":{"start":{"line":514,"column":4},"end":{"line":516,"column":4}}},"30":{"name":"_subtract","line":518,"loc":{"start":{"line":518,"column":4},"end":{"line":520,"column":4}}},"31":{"name":"getChainId","line":522,"loc":{"start":{"line":522,"column":4},"end":{"line":528,"column":4}}},"32":{"name":"_maxSupply","line":533,"loc":{"start":{"line":533,"column":4},"end":{"line":535,"column":4}}},"33":{"name":"_mint","line":546,"loc":{"start":{"line":546,"column":4},"end":{"line":558,"column":4}}},"34":{"name":"_burn","line":571,"loc":{"start":{"line":571,"column":4},"end":{"line":584,"column":4}}},"35":{"name":"_beforeTokenTransfer","line":604,"loc":{"start":{"line":604,"column":4},"end":{"line":609,"column":4}}}},"statementMap":{"1":{"start":{"line":91,"column":8},"end":{"line":91,"column":2671}},"2":{"start":{"line":95,"column":8},"end":{"line":95,"column":26}},"3":{"start":{"line":96,"column":8},"end":{"line":96,"column":25}},"4":{"start":{"line":97,"column":8},"end":{"line":97,"column":34}},"5":{"start":{"line":98,"column":8},"end":{"line":98,"column":44}},"6":{"start":{"line":99,"column":8},"end":{"line":99,"column":36}},"7":{"start":{"line":100,"column":8},"end":{"line":100,"column":45}},"8":{"start":{"line":101,"column":8},"end":{"line":101,"column":45}},"9":{"start":{"line":108,"column":8},"end":{"line":108,"column":33}},"10":{"start":{"line":115,"column":8},"end":{"line":115,"column":47}},"11":{"start":{"line":125,"column":8},"end":{"line":125,"column":47}},"12":{"start":{"line":126,"column":8},"end":{"line":126,"column":19}},"13":{"start":{"line":141,"column":8},"end":{"line":141,"column":44}},"14":{"start":{"line":152,"column":8},"end":{"line":152,"column":44}},"15":{"start":{"line":153,"column":8},"end":{"line":153,"column":19}},"16":{"start":{"line":170,"column":8},"end":{"line":170,"column":43}},"17":{"start":{"line":172,"column":8},"end":{"line":172,"column":66}},"18":{"start":{"line":173,"column":8},"end":{"line":173,"column":5479}},"19":{"start":{"line":181,"column":8},"end":{"line":181,"column":19}},"20":{"start":{"line":193,"column":8},"end":{"line":193,"column":6083}},"21":{"start":{"line":198,"column":8},"end":{"line":198,"column":19}},"22":{"start":{"line":211,"column":8},"end":{"line":211,"column":67}},"23":{"start":{"line":212,"column":8},"end":{"line":212,"column":6759}},"24":{"start":{"line":220,"column":8},"end":{"line":220,"column":19}},"25":{"start":{"line":231,"column":8},"end":{"line":231,"column":82}},"26":{"start":{"line":232,"column":8},"end":{"line":232,"column":29}},"27":{"start":{"line":241,"column":8},"end":{"line":241,"column":82}},"28":{"start":{"line":242,"column":8},"end":{"line":242,"column":29}},"29":{"start":{"line":253,"column":8},"end":{"line":253,"column":41}},"30":{"start":{"line":260,"column":8},"end":{"line":260,"column":62}},"31":{"start":{"line":267,"column":8},"end":{"line":267,"column":34}},"32":{"start":{"line":274,"column":8},"end":{"line":274,"column":50}},"33":{"start":{"line":275,"column":8},"end":{"line":275,"column":66}},"34":{"start":{"line":288,"column":8},"end":{"line":288,"column":70}},"35":{"start":{"line":289,"column":8},"end":{"line":289,"column":69}},"36":{"start":{"line":296,"column":8},"end":{"line":296,"column":55}},"37":{"start":{"line":300,"column":8},"end":{"line":300,"column":60}},"38":{"start":{"line":301,"column":8},"end":{"line":301,"column":9550}},"39":{"start":{"line":305,"column":8},"end":{"line":305,"column":51}},"40":{"start":{"line":306,"column":8},"end":{"line":306,"column":38}},"41":{"start":{"line":307,"column":8},"end":{"line":307,"column":9767}},"42":{"start":{"line":325,"column":8},"end":{"line":325,"column":10277}},"43":{"start":{"line":329,"column":8},"end":{"line":329,"column":35}},"44":{"start":{"line":339,"column":8},"end":{"line":339,"column":10631}},"45":{"start":{"line":343,"column":8},"end":{"line":343,"column":21}},"46":{"start":{"line":353,"column":8},"end":{"line":353,"column":10956}},"47":{"start":{"line":357,"column":8},"end":{"line":357,"column":22}},"48":{"start":{"line":368,"column":8},"end":{"line":368,"column":11353}},"49":{"start":{"line":372,"column":8},"end":{"line":372,"column":22}},"50":{"start":{"line":373,"column":8},"end":{"line":373,"column":26}},"51":{"start":{"line":381,"column":8},"end":{"line":381,"column":75}},"52":{"start":{"line":382,"column":8},"end":{"line":382,"column":76}},"53":{"start":{"line":384,"column":8},"end":{"line":384,"column":29}},"54":{"start":{"line":386,"column":8},"end":{"line":386,"column":49}},"55":{"start":{"line":387,"column":8},"end":{"line":387,"column":11924}},"56":{"start":{"line":394,"column":8},"end":{"line":394,"column":37}},"57":{"start":{"line":396,"column":8},"end":{"line":396,"column":48}},"58":{"start":{"line":404,"column":8},"end":{"line":404,"column":75}},"59":{"start":{"line":405,"column":8},"end":{"line":405,"column":73}},"60":{"start":{"line":407,"column":8},"end":{"line":407,"column":45}},"61":{"start":{"line":408,"column":8},"end":{"line":408,"column":47}},"62":{"start":{"line":419,"column":8},"end":{"line":419,"column":12792}},"63":{"start":{"line":423,"column":8},"end":{"line":423,"column":12915}},"64":{"start":{"line":427,"column":8},"end":{"line":427,"column":13035}},"65":{"start":{"line":431,"column":8},"end":{"line":431,"column":54}},"66":{"start":{"line":432,"column":8},"end":{"line":432,"column":51}},"67":{"start":{"line":433,"column":8},"end":{"line":433,"column":37}},"68":{"start":{"line":434,"column":8},"end":{"line":434,"column":40}},"69":{"start":{"line":436,"column":8},"end":{"line":436,"column":67}},"70":{"start":{"line":438,"column":8},"end":{"line":438,"column":13421}},"71":{"start":{"line":450,"column":8},"end":{"line":450,"column":13676}},"72":{"start":{"line":451,"column":12},"end":{"line":451,"column":13724}},"73":{"start":{"line":452,"column":16},"end":{"line":452,"column":13770}},"74":{"start":{"line":457,"column":16},"end":{"line":457,"column":68}},"75":{"start":{"line":460,"column":12},"end":{"line":460,"column":14037}},"76":{"start":{"line":461,"column":16},"end":{"line":461,"column":14083}},"77":{"start":{"line":466,"column":16},"end":{"line":466,"column":68}},"78":{"start":{"line":479,"column":8},"end":{"line":479,"column":35}},"79":{"start":{"line":480,"column":8},"end":{"line":480,"column":23}},"80":{"start":{"line":481,"column":8},"end":{"line":481,"column":14635}},"81":{"start":{"line":482,"column":12},"end":{"line":482,"column":49}},"82":{"start":{"line":483,"column":12},"end":{"line":483,"column":14723}},"83":{"start":{"line":484,"column":16},"end":{"line":484,"column":25}},"84":{"start":{"line":486,"column":16},"end":{"line":486,"column":28}},"85":{"start":{"line":490,"column":8},"end":{"line":490,"column":52}},"86":{"start":{"line":498,"column":8},"end":{"line":498,"column":34}},"87":{"start":{"line":499,"column":8},"end":{"line":499,"column":54}},"88":{"start":{"line":500,"column":8},"end":{"line":500,"column":39}},"89":{"start":{"line":502,"column":8},"end":{"line":502,"column":15285}},"90":{"start":{"line":503,"column":12},"end":{"line":503,"column":63}},"91":{"start":{"line":505,"column":12},"end":{"line":505,"column":15443}},"92":{"start":{"line":515,"column":8},"end":{"line":515,"column":20}},"93":{"start":{"line":519,"column":8},"end":{"line":519,"column":20}},"94":{"start":{"line":523,"column":8},"end":{"line":523,"column":23}},"95":{"start":{"line":527,"column":8},"end":{"line":527,"column":22}},"96":{"start":{"line":534,"column":8},"end":{"line":534,"column":32}},"97":{"start":{"line":547,"column":8},"end":{"line":547,"column":70}},"98":{"start":{"line":548,"column":8},"end":{"line":548,"column":16653}},"99":{"start":{"line":553,"column":8},"end":{"line":553,"column":29}},"100":{"start":{"line":555,"column":8},"end":{"line":555,"column":28}},"101":{"start":{"line":556,"column":8},"end":{"line":556,"column":35}},"102":{"start":{"line":557,"column":8},"end":{"line":557,"column":50}},"103":{"start":{"line":572,"column":8},"end":{"line":572,"column":72}},"104":{"start":{"line":574,"column":8},"end":{"line":574,"column":29}},"105":{"start":{"line":576,"column":8},"end":{"line":576,"column":51}},"106":{"start":{"line":577,"column":8},"end":{"line":577,"column":76}},"107":{"start":{"line":581,"column":8},"end":{"line":581,"column":28}},"108":{"start":{"line":583,"column":8},"end":{"line":583,"column":50}},"109":{"start":{"line":605,"column":8},"end":{"line":605,"column":18442}}},"branchMap":{"1":{"line":91,"type":"if","locations":[{"start":{"line":91,"column":8},"end":{"line":91,"column":8}},{"start":{"line":91,"column":8},"end":{"line":91,"column":8}}]},"2":{"line":173,"type":"if","locations":[{"start":{"line":173,"column":8},"end":{"line":173,"column":8}},{"start":{"line":173,"column":8},"end":{"line":173,"column":8}}]},"3":{"line":212,"type":"if","locations":[{"start":{"line":212,"column":8},"end":{"line":212,"column":8}},{"start":{"line":212,"column":8},"end":{"line":212,"column":8}}]},"4":{"line":231,"type":"if","locations":[{"start":{"line":231,"column":8},"end":{"line":231,"column":8}},{"start":{"line":231,"column":8},"end":{"line":231,"column":8}}]},"5":{"line":241,"type":"if","locations":[{"start":{"line":241,"column":8},"end":{"line":241,"column":8}},{"start":{"line":241,"column":8},"end":{"line":241,"column":8}}]},"6":{"line":288,"type":"if","locations":[{"start":{"line":288,"column":8},"end":{"line":288,"column":8}},{"start":{"line":288,"column":8},"end":{"line":288,"column":8}}]},"7":{"line":300,"type":"if","locations":[{"start":{"line":300,"column":8},"end":{"line":300,"column":8}},{"start":{"line":300,"column":8},"end":{"line":300,"column":8}}]},"8":{"line":301,"type":"if","locations":[{"start":{"line":301,"column":8},"end":{"line":301,"column":8}},{"start":{"line":301,"column":8},"end":{"line":301,"column":8}}]},"9":{"line":325,"type":"if","locations":[{"start":{"line":325,"column":8},"end":{"line":325,"column":8}},{"start":{"line":325,"column":8},"end":{"line":325,"column":8}}]},"10":{"line":339,"type":"if","locations":[{"start":{"line":339,"column":8},"end":{"line":339,"column":8}},{"start":{"line":339,"column":8},"end":{"line":339,"column":8}}]},"11":{"line":353,"type":"if","locations":[{"start":{"line":353,"column":8},"end":{"line":353,"column":8}},{"start":{"line":353,"column":8},"end":{"line":353,"column":8}}]},"12":{"line":368,"type":"if","locations":[{"start":{"line":368,"column":8},"end":{"line":368,"column":8}},{"start":{"line":368,"column":8},"end":{"line":368,"column":8}}]},"13":{"line":381,"type":"if","locations":[{"start":{"line":381,"column":8},"end":{"line":381,"column":8}},{"start":{"line":381,"column":8},"end":{"line":381,"column":8}}]},"14":{"line":382,"type":"if","locations":[{"start":{"line":382,"column":8},"end":{"line":382,"column":8}},{"start":{"line":382,"column":8},"end":{"line":382,"column":8}}]},"15":{"line":387,"type":"if","locations":[{"start":{"line":387,"column":8},"end":{"line":387,"column":8}},{"start":{"line":387,"column":8},"end":{"line":387,"column":8}}]},"16":{"line":404,"type":"if","locations":[{"start":{"line":404,"column":8},"end":{"line":404,"column":8}},{"start":{"line":404,"column":8},"end":{"line":404,"column":8}}]},"17":{"line":405,"type":"if","locations":[{"start":{"line":405,"column":8},"end":{"line":405,"column":8}},{"start":{"line":405,"column":8},"end":{"line":405,"column":8}}]},"18":{"line":419,"type":"if","locations":[{"start":{"line":419,"column":8},"end":{"line":419,"column":8}},{"start":{"line":419,"column":8},"end":{"line":419,"column":8}}]},"19":{"line":423,"type":"if","locations":[{"start":{"line":423,"column":8},"end":{"line":423,"column":8}},{"start":{"line":423,"column":8},"end":{"line":423,"column":8}}]},"20":{"line":427,"type":"if","locations":[{"start":{"line":427,"column":8},"end":{"line":427,"column":8}},{"start":{"line":427,"column":8},"end":{"line":427,"column":8}}]},"21":{"line":450,"type":"if","locations":[{"start":{"line":450,"column":8},"end":{"line":450,"column":8}},{"start":{"line":450,"column":8},"end":{"line":450,"column":8}}]},"22":{"line":451,"type":"if","locations":[{"start":{"line":451,"column":12},"end":{"line":451,"column":12}},{"start":{"line":451,"column":12},"end":{"line":451,"column":12}}]},"23":{"line":460,"type":"if","locations":[{"start":{"line":460,"column":12},"end":{"line":460,"column":12}},{"start":{"line":460,"column":12},"end":{"line":460,"column":12}}]},"24":{"line":483,"type":"if","locations":[{"start":{"line":483,"column":12},"end":{"line":483,"column":12}},{"start":{"line":483,"column":12},"end":{"line":483,"column":12}}]},"25":{"line":502,"type":"if","locations":[{"start":{"line":502,"column":8},"end":{"line":502,"column":8}},{"start":{"line":502,"column":8},"end":{"line":502,"column":8}}]},"26":{"line":547,"type":"if","locations":[{"start":{"line":547,"column":8},"end":{"line":547,"column":8}},{"start":{"line":547,"column":8},"end":{"line":547,"column":8}}]},"27":{"line":548,"type":"if","locations":[{"start":{"line":548,"column":8},"end":{"line":548,"column":8}},{"start":{"line":548,"column":8},"end":{"line":548,"column":8}}]},"28":{"line":572,"type":"if","locations":[{"start":{"line":572,"column":8},"end":{"line":572,"column":8}},{"start":{"line":572,"column":8},"end":{"line":572,"column":8}}]},"29":{"line":577,"type":"if","locations":[{"start":{"line":577,"column":8},"end":{"line":577,"column":8}},{"start":{"line":577,"column":8},"end":{"line":577,"column":8}}]},"30":{"line":605,"type":"if","locations":[{"start":{"line":605,"column":8},"end":{"line":605,"column":8}},{"start":{"line":605,"column":8},"end":{"line":605,"column":8}}]}}}}