{"contracts/WorkQuest.sol":{"l":{"119":28,"120":28,"121":28,"122":28,"123":28,"124":28,"125":28,"126":28,"127":28,"129":28,"130":28,"131":28,"133":28,"154":2,"167":0,"168":0,"169":0,"176":0,"177":0,"178":0,"179":0,"180":0,"181":0,"183":0,"184":0,"192":1,"196":0,"197":0,"198":0,"199":0,"206":1,"207":0,"208":0,"215":0,"216":0,"217":0,"224":0,"228":0,"229":0,"236":0,"237":0,"238":0,"239":0,"246":0,"250":0,"251":0,"252":0,"259":0,"266":0,"267":0,"274":0,"278":0,"279":0,"280":0,"289":0,"293":0,"297":0,"298":0,"299":0,"300":0,"307":0,"311":0,"312":0,"313":0,"320":0,"324":0,"325":0,"326":0,"327":0,"328":0,"332":0,"336":0,"340":0,"341":0,"342":0,"343":0,"344":0,"345":0,"346":0,"350":0,"351":0,"353":0,"354":0},"path":"/home/des/Documents/WorkQuest/Contracts/contracts/WorkQuest.sol","s":{"1":28,"2":28,"3":28,"4":28,"5":28,"6":28,"7":28,"8":28,"9":28,"10":28,"11":28,"12":28,"13":28,"14":2,"15":0,"16":0,"17":0,"18":1,"19":0,"20":0,"21":0,"22":0,"23":1,"24":0,"25":0,"26":0,"27":0,"28":0,"29":0,"30":0,"31":0,"32":0,"33":0,"34":0,"35":0,"36":0,"37":0,"38":0,"39":0,"40":0,"41":0,"42":0,"43":0,"44":0,"45":0,"46":0,"47":0,"48":0,"49":0,"50":0,"51":0,"52":0,"53":0,"54":0,"55":0,"56":0,"57":0,"58":0,"59":0,"60":0,"61":0,"62":0,"63":0,"64":0,"65":0,"66":0,"67":0,"68":0,"69":0,"70":0,"71":0,"72":0,"73":0,"74":0,"75":0},"b":{"1":[0,0],"2":[0,0],"3":[0,0],"4":[0,0],"5":[0,1],"6":[0,0],"7":[0,1],"8":[0,0],"9":[0,0],"10":[0,0],"11":[0,0],"12":[0,0],"13":[0,0],"14":[0,0],"15":[0,0],"16":[0,0],"17":[0,0],"18":[0,0],"19":[0,0],"20":[0,0]},"f":{"1":28,"2":2,"3":0,"4":1,"5":1,"6":0,"7":0,"8":0,"9":0,"10":0,"11":0,"12":0,"13":0,"14":0,"15":0,"16":0},"fnMap":{"1":{"name":"constructor","line":108,"loc":{"start":{"line":108,"column":4},"end":{"line":134,"column":4}}},"2":{"name":"getInfo","line":140,"loc":{"start":{"line":140,"column":4},"end":{"line":164,"column":4}}},"3":{"name":"cancelJob","line":166,"loc":{"start":{"line":166,"column":4},"end":{"line":170,"column":4}}},"4":{"name":"assignJob","line":191,"loc":{"start":{"line":191,"column":4},"end":{"line":200,"column":4}}},"5":{"name":"acceptJob","line":205,"loc":{"start":{"line":205,"column":4},"end":{"line":209,"column":4}}},"6":{"name":"declineJob","line":214,"loc":{"start":{"line":214,"column":4},"end":{"line":218,"column":4}}},"7":{"name":"processJob","line":223,"loc":{"start":{"line":223,"column":4},"end":{"line":230,"column":4}}},"8":{"name":"verificationJob","line":235,"loc":{"start":{"line":235,"column":4},"end":{"line":240,"column":4}}},"9":{"name":"acceptJobResult","line":245,"loc":{"start":{"line":245,"column":4},"end":{"line":253,"column":4}}},"10":{"name":"arbitration","line":258,"loc":{"start":{"line":258,"column":4},"end":{"line":268,"column":4}}},"11":{"name":"arbitrationRework","line":273,"loc":{"start":{"line":273,"column":4},"end":{"line":281,"column":4}}},"12":{"name":"arbitrationDecreaseCost","line":288,"loc":{"start":{"line":288,"column":4},"end":{"line":301,"column":4}}},"13":{"name":"arbitrationAcceptWork","line":306,"loc":{"start":{"line":306,"column":4},"end":{"line":314,"column":4}}},"14":{"name":"arbitrationRejectWork","line":319,"loc":{"start":{"line":319,"column":4},"end":{"line":329,"column":4}}},"15":{"name":"setFeeReceiver","line":331,"loc":{"start":{"line":331,"column":4},"end":{"line":337,"column":4}}},"16":{"name":"_transferFunds","line":339,"loc":{"start":{"line":339,"column":4},"end":{"line":355,"column":4}}}},"statementMap":{"1":{"start":{"line":119,"column":8},"end":{"line":119,"column":25}},"2":{"start":{"line":120,"column":8},"end":{"line":120,"column":17}},"3":{"start":{"line":121,"column":8},"end":{"line":121,"column":19}},"4":{"start":{"line":122,"column":8},"end":{"line":122,"column":27}},"5":{"start":{"line":123,"column":8},"end":{"line":123,"column":33}},"6":{"start":{"line":124,"column":8},"end":{"line":124,"column":33}},"7":{"start":{"line":125,"column":8},"end":{"line":125,"column":27}},"8":{"start":{"line":126,"column":8},"end":{"line":126,"column":25}},"9":{"start":{"line":127,"column":8},"end":{"line":127,"column":25}},"10":{"start":{"line":129,"column":8},"end":{"line":129,"column":49}},"11":{"start":{"line":130,"column":8},"end":{"line":130,"column":41}},"12":{"start":{"line":131,"column":8},"end":{"line":131,"column":52}},"13":{"start":{"line":133,"column":8},"end":{"line":133,"column":38}},"14":{"start":{"line":154,"column":8},"end":{"line":154,"column":4420}},"15":{"start":{"line":167,"column":8},"end":{"line":167,"column":73}},"16":{"start":{"line":168,"column":8},"end":{"line":168,"column":34}},"17":{"start":{"line":169,"column":8},"end":{"line":169,"column":27}},"18":{"start":{"line":192,"column":8},"end":{"line":192,"column":5518}},"19":{"start":{"line":196,"column":8},"end":{"line":196,"column":67}},"20":{"start":{"line":197,"column":8},"end":{"line":197,"column":36}},"21":{"start":{"line":198,"column":8},"end":{"line":198,"column":23}},"22":{"start":{"line":199,"column":8},"end":{"line":199,"column":29}},"23":{"start":{"line":206,"column":8},"end":{"line":206,"column":78}},"24":{"start":{"line":207,"column":8},"end":{"line":207,"column":38}},"25":{"start":{"line":208,"column":8},"end":{"line":208,"column":26}},"26":{"start":{"line":215,"column":8},"end":{"line":215,"column":78}},"27":{"start":{"line":216,"column":8},"end":{"line":216,"column":35}},"28":{"start":{"line":217,"column":8},"end":{"line":217,"column":26}},"29":{"start":{"line":224,"column":8},"end":{"line":224,"column":6387}},"30":{"start":{"line":228,"column":8},"end":{"line":228,"column":36}},"31":{"start":{"line":229,"column":8},"end":{"line":229,"column":25}},"32":{"start":{"line":236,"column":8},"end":{"line":236,"column":78}},"33":{"start":{"line":237,"column":8},"end":{"line":237,"column":39}},"34":{"start":{"line":238,"column":8},"end":{"line":238,"column":33}},"35":{"start":{"line":239,"column":8},"end":{"line":239,"column":22}},"36":{"start":{"line":246,"column":8},"end":{"line":246,"column":6967}},"37":{"start":{"line":250,"column":8},"end":{"line":250,"column":34}},"38":{"start":{"line":251,"column":8},"end":{"line":251,"column":23}},"39":{"start":{"line":252,"column":8},"end":{"line":252,"column":26}},"40":{"start":{"line":259,"column":8},"end":{"line":259,"column":7297}},"41":{"start":{"line":266,"column":8},"end":{"line":266,"column":37}},"42":{"start":{"line":267,"column":8},"end":{"line":267,"column":33}},"43":{"start":{"line":274,"column":8},"end":{"line":274,"column":7761}},"44":{"start":{"line":278,"column":8},"end":{"line":278,"column":42}},"45":{"start":{"line":279,"column":8},"end":{"line":279,"column":36}},"46":{"start":{"line":280,"column":8},"end":{"line":280,"column":32}},"47":{"start":{"line":289,"column":8},"end":{"line":289,"column":8168}},"48":{"start":{"line":293,"column":8},"end":{"line":293,"column":8285}},"49":{"start":{"line":297,"column":8},"end":{"line":297,"column":34}},"50":{"start":{"line":298,"column":8},"end":{"line":298,"column":25}},"51":{"start":{"line":299,"column":8},"end":{"line":299,"column":23}},"52":{"start":{"line":300,"column":8},"end":{"line":300,"column":38}},"53":{"start":{"line":307,"column":8},"end":{"line":307,"column":8653}},"54":{"start":{"line":311,"column":8},"end":{"line":311,"column":34}},"55":{"start":{"line":312,"column":8},"end":{"line":312,"column":23}},"56":{"start":{"line":313,"column":8},"end":{"line":313,"column":36}},"57":{"start":{"line":320,"column":8},"end":{"line":320,"column":8978}},"58":{"start":{"line":324,"column":8},"end":{"line":324,"column":34}},"59":{"start":{"line":325,"column":8},"end":{"line":325,"column":47}},"60":{"start":{"line":326,"column":8},"end":{"line":326,"column":42}},"61":{"start":{"line":327,"column":8},"end":{"line":327,"column":38}},"62":{"start":{"line":328,"column":8},"end":{"line":328,"column":36}},"63":{"start":{"line":332,"column":8},"end":{"line":332,"column":9381}},"64":{"start":{"line":336,"column":8},"end":{"line":336,"column":33}},"65":{"start":{"line":340,"column":8},"end":{"line":340,"column":40}},"66":{"start":{"line":341,"column":8},"end":{"line":341,"column":50}},"67":{"start":{"line":342,"column":8},"end":{"line":342,"column":79}},"68":{"start":{"line":343,"column":8},"end":{"line":343,"column":65}},"69":{"start":{"line":344,"column":8},"end":{"line":344,"column":63}},"70":{"start":{"line":345,"column":8},"end":{"line":345,"column":9900}},"71":{"start":{"line":346,"column":12},"end":{"line":346,"column":9938}},"72":{"start":{"line":350,"column":8},"end":{"line":350,"column":10055}},"73":{"start":{"line":351,"column":12},"end":{"line":351,"column":37}},"74":{"start":{"line":353,"column":8},"end":{"line":353,"column":50}},"75":{"start":{"line":354,"column":8},"end":{"line":354,"column":38}}},"branchMap":{"1":{"line":167,"type":"if","locations":[{"start":{"line":167,"column":8},"end":{"line":167,"column":8}},{"start":{"line":167,"column":8},"end":{"line":167,"column":8}}]},"2":{"line":176,"type":"if","locations":[{"start":{"line":176,"column":8},"end":{"line":176,"column":8}},{"start":{"line":176,"column":8},"end":{"line":176,"column":8}}]},"3":{"line":178,"type":"if","locations":[{"start":{"line":178,"column":8},"end":{"line":178,"column":8}},{"start":{"line":178,"column":8},"end":{"line":178,"column":8}}]},"4":{"line":180,"type":"if","locations":[{"start":{"line":180,"column":8},"end":{"line":180,"column":8}},{"start":{"line":180,"column":8},"end":{"line":180,"column":8}}]},"5":{"line":192,"type":"if","locations":[{"start":{"line":192,"column":8},"end":{"line":192,"column":8}},{"start":{"line":192,"column":8},"end":{"line":192,"column":8}}]},"6":{"line":196,"type":"if","locations":[{"start":{"line":196,"column":8},"end":{"line":196,"column":8}},{"start":{"line":196,"column":8},"end":{"line":196,"column":8}}]},"7":{"line":206,"type":"if","locations":[{"start":{"line":206,"column":8},"end":{"line":206,"column":8}},{"start":{"line":206,"column":8},"end":{"line":206,"column":8}}]},"8":{"line":215,"type":"if","locations":[{"start":{"line":215,"column":8},"end":{"line":215,"column":8}},{"start":{"line":215,"column":8},"end":{"line":215,"column":8}}]},"9":{"line":224,"type":"if","locations":[{"start":{"line":224,"column":8},"end":{"line":224,"column":8}},{"start":{"line":224,"column":8},"end":{"line":224,"column":8}}]},"10":{"line":236,"type":"if","locations":[{"start":{"line":236,"column":8},"end":{"line":236,"column":8}},{"start":{"line":236,"column":8},"end":{"line":236,"column":8}}]},"11":{"line":246,"type":"if","locations":[{"start":{"line":246,"column":8},"end":{"line":246,"column":8}},{"start":{"line":246,"column":8},"end":{"line":246,"column":8}}]},"12":{"line":259,"type":"if","locations":[{"start":{"line":259,"column":8},"end":{"line":259,"column":8}},{"start":{"line":259,"column":8},"end":{"line":259,"column":8}}]},"13":{"line":274,"type":"if","locations":[{"start":{"line":274,"column":8},"end":{"line":274,"column":8}},{"start":{"line":274,"column":8},"end":{"line":274,"column":8}}]},"14":{"line":289,"type":"if","locations":[{"start":{"line":289,"column":8},"end":{"line":289,"column":8}},{"start":{"line":289,"column":8},"end":{"line":289,"column":8}}]},"15":{"line":293,"type":"if","locations":[{"start":{"line":293,"column":8},"end":{"line":293,"column":8}},{"start":{"line":293,"column":8},"end":{"line":293,"column":8}}]},"16":{"line":307,"type":"if","locations":[{"start":{"line":307,"column":8},"end":{"line":307,"column":8}},{"start":{"line":307,"column":8},"end":{"line":307,"column":8}}]},"17":{"line":320,"type":"if","locations":[{"start":{"line":320,"column":8},"end":{"line":320,"column":8}},{"start":{"line":320,"column":8},"end":{"line":320,"column":8}}]},"18":{"line":332,"type":"if","locations":[{"start":{"line":332,"column":8},"end":{"line":332,"column":8}},{"start":{"line":332,"column":8},"end":{"line":332,"column":8}}]},"19":{"line":345,"type":"if","locations":[{"start":{"line":345,"column":8},"end":{"line":345,"column":8}},{"start":{"line":345,"column":8},"end":{"line":345,"column":8}}]},"20":{"line":350,"type":"if","locations":[{"start":{"line":350,"column":8},"end":{"line":350,"column":8}},{"start":{"line":350,"column":8},"end":{"line":350,"column":8}}]}}},"contracts/WorkQuestFactory.sol":{"l":{"68":84,"69":84,"71":84,"72":84,"73":84,"74":84,"75":84,"76":84,"77":84,"90":28,"94":28,"106":28,"120":28,"133":28,"134":28,"135":28,"147":28,"148":28,"149":28,"150":28,"152":28,"156":0,"167":0,"172":0,"179":28,"180":28,"181":28,"182":28,"184":28},"path":"/home/des/Documents/WorkQuest/Contracts/contracts/WorkQuestFactory.sol","s":{"1":84,"2":84,"3":84,"4":84,"5":84,"6":84,"7":84,"8":84,"9":84,"10":28,"11":28,"12":28,"13":28,"14":28,"15":28,"16":28,"17":28,"18":28,"19":28,"20":28,"21":0,"22":0,"23":28,"24":28,"25":28,"26":28,"27":28},"b":{"1":[28,0],"2":[28,0],"3":[28,0],"4":[28,0]},"f":{"1":84,"2":0,"3":28,"4":28,"5":28,"6":28,"7":0,"8":0,"9":28},"fnMap":{"1":{"name":"initialize","line":67,"loc":{"start":{"line":62,"column":4},"end":{"line":78,"column":4}}},"2":{"name":"_authorizeUpgrade","line":83,"loc":{"start":{"line":80,"column":4},"end":{"line":84,"column":5}}},"3":{"name":"onlyAdmin","line":89,"loc":{"start":{"line":89,"column":4},"end":{"line":95,"column":4}}},"4":{"name":"getWorkQuests","line":101,"loc":{"start":{"line":101,"column":4},"end":{"line":107,"column":4}}},"5":{"name":"newWorkQuest","line":115,"loc":{"start":{"line":115,"column":4},"end":{"line":136,"column":4}}},"6":{"name":"updateArbiter","line":145,"loc":{"start":{"line":143,"column":4},"end":{"line":153,"column":4}}},"7":{"name":"allArbiters","line":155,"loc":{"start":{"line":155,"column":4},"end":{"line":157,"column":4}}},"8":{"name":"updateFeeReceiver","line":165,"loc":{"start":{"line":163,"column":4},"end":{"line":168,"column":4}}},"9":{"name":"getArbiter","line":178,"loc":{"start":{"line":178,"column":4},"end":{"line":185,"column":4}}}},"statementMap":{"1":{"start":{"line":68,"column":8},"end":{"line":68,"column":29}},"2":{"start":{"line":69,"column":8},"end":{"line":69,"column":31}},"3":{"start":{"line":71,"column":8},"end":{"line":71,"column":17}},"4":{"start":{"line":72,"column":8},"end":{"line":72,"column":33}},"5":{"start":{"line":73,"column":8},"end":{"line":73,"column":33}},"6":{"start":{"line":74,"column":8},"end":{"line":74,"column":27}},"7":{"start":{"line":75,"column":8},"end":{"line":75,"column":49}},"8":{"start":{"line":76,"column":8},"end":{"line":76,"column":41}},"9":{"start":{"line":77,"column":8},"end":{"line":77,"column":44}},"10":{"start":{"line":90,"column":8},"end":{"line":90,"column":2489}},"11":{"start":{"line":106,"column":8},"end":{"line":106,"column":35}},"12":{"start":{"line":120,"column":8},"end":{"line":120,"column":3269}},"13":{"start":{"line":133,"column":8},"end":{"line":133,"column":45}},"14":{"start":{"line":134,"column":8},"end":{"line":134,"column":78}},"15":{"start":{"line":135,"column":8},"end":{"line":135,"column":24}},"16":{"start":{"line":147,"column":8},"end":{"line":147,"column":50}},"17":{"start":{"line":148,"column":8},"end":{"line":148,"column":4096}},"18":{"start":{"line":149,"column":12},"end":{"line":149,"column":37}},"19":{"start":{"line":150,"column":12},"end":{"line":150,"column":37}},"20":{"start":{"line":152,"column":8},"end":{"line":152,"column":26}},"21":{"start":{"line":156,"column":8},"end":{"line":156,"column":26}},"22":{"start":{"line":167,"column":8},"end":{"line":167,"column":33}},"23":{"start":{"line":179,"column":8},"end":{"line":179,"column":4911}},"24":{"start":{"line":181,"column":12},"end":{"line":181,"column":66}},"25":{"start":{"line":181,"column":51},"end":{"line":181,"column":65}},"26":{"start":{"line":182,"column":12},"end":{"line":182,"column":64}},"27":{"start":{"line":184,"column":8},"end":{"line":184,"column":39}}},"branchMap":{"1":{"line":90,"type":"if","locations":[{"start":{"line":90,"column":8},"end":{"line":90,"column":8}},{"start":{"line":90,"column":8},"end":{"line":90,"column":8}}]},"2":{"line":148,"type":"if","locations":[{"start":{"line":148,"column":8},"end":{"line":148,"column":8}},{"start":{"line":148,"column":8},"end":{"line":148,"column":8}}]},"3":{"line":181,"type":"if","locations":[{"start":{"line":181,"column":12},"end":{"line":181,"column":12}},{"start":{"line":181,"column":12},"end":{"line":181,"column":12}}]},"4":{"line":182,"type":"if","locations":[{"start":{"line":182,"column":12},"end":{"line":182,"column":12}},{"start":{"line":182,"column":12},"end":{"line":182,"column":12}}]}}},"contracts/WQBorrowing.sol":{"l":{"45":0,"49":0,"58":0,"62":0,"63":0,"64":0,"65":0,"66":0,"68":0,"69":0,"72":0,"73":0,"74":0,"75":0,"76":0,"77":0,"78":0,"81":0,"84":0,"86":0,"87":0,"94":0,"95":0,"99":0,"101":0,"103":0,"105":0,"106":0,"114":0,"118":0,"126":0,"130":0},"path":"/home/des/Documents/WorkQuest/Contracts/contracts/WQBorrowing.sol","s":{"1":0,"2":0,"3":0,"4":0,"5":0,"6":0,"7":0,"8":0,"9":0,"10":0,"11":0,"12":0,"13":0,"14":0,"15":0,"16":0,"17":0,"18":0,"19":0,"20":0,"21":0,"22":0,"23":0,"24":0,"25":0,"26":0,"27":0,"28":0,"29":0,"30":0,"31":0},"b":{"1":[0,0],"2":[0,0],"3":[0,0],"4":[0,0],"5":[0,0],"6":[0,0],"7":[0,0],"8":[0,0],"9":[0,0]},"f":{"1":0,"2":0,"3":0,"4":0,"5":0},"fnMap":{"1":{"name":"initialize","line":44,"loc":{"start":{"line":44,"column":4},"end":{"line":50,"column":4}}},"2":{"name":"borrow","line":57,"loc":{"start":{"line":57,"column":4},"end":{"line":88,"column":4}}},"3":{"name":"refund","line":93,"loc":{"start":{"line":93,"column":4},"end":{"line":107,"column":4}}},"4":{"name":"addFund","line":113,"loc":{"start":{"line":113,"column":4},"end":{"line":119,"column":4}}},"5":{"name":"setFee","line":125,"loc":{"start":{"line":125,"column":4},"end":{"line":131,"column":4}}}},"statementMap":{"1":{"start":{"line":45,"column":8},"end":{"line":45,"column":1087}},"2":{"start":{"line":49,"column":8},"end":{"line":49,"column":26}},"3":{"start":{"line":58,"column":8},"end":{"line":58,"column":1534}},"4":{"start":{"line":62,"column":8},"end":{"line":62,"column":55}},"5":{"start":{"line":63,"column":8},"end":{"line":63,"column":72}},"6":{"start":{"line":64,"column":8},"end":{"line":64,"column":27}},"7":{"start":{"line":65,"column":8},"end":{"line":65,"column":35}},"8":{"start":{"line":66,"column":8},"end":{"line":66,"column":25}},"9":{"start":{"line":68,"column":8},"end":{"line":68,"column":25}},"10":{"start":{"line":69,"column":8},"end":{"line":69,"column":60}},"11":{"start":{"line":72,"column":8},"end":{"line":72,"column":28}},"12":{"start":{"line":73,"column":8},"end":{"line":73,"column":2132}},"13":{"start":{"line":74,"column":12},"end":{"line":74,"column":2193}},"14":{"start":{"line":75,"column":16},"end":{"line":75,"column":43}},"15":{"start":{"line":76,"column":16},"end":{"line":76,"column":29}},"16":{"start":{"line":77,"column":16},"end":{"line":77,"column":35}},"17":{"start":{"line":81,"column":8},"end":{"line":81,"column":68}},"18":{"start":{"line":84,"column":8},"end":{"line":84,"column":73}},"19":{"start":{"line":86,"column":8},"end":{"line":86,"column":48}},"20":{"start":{"line":87,"column":8},"end":{"line":87,"column":65}},"21":{"start":{"line":94,"column":8},"end":{"line":94,"column":55}},"22":{"start":{"line":95,"column":8},"end":{"line":95,"column":2868}},"23":{"start":{"line":99,"column":8},"end":{"line":99,"column":67}},"24":{"start":{"line":101,"column":8},"end":{"line":101,"column":75}},"25":{"start":{"line":103,"column":8},"end":{"line":103,"column":43}},"26":{"start":{"line":105,"column":8},"end":{"line":105,"column":59}},"27":{"start":{"line":106,"column":8},"end":{"line":106,"column":44}},"28":{"start":{"line":114,"column":8},"end":{"line":114,"column":3515}},"29":{"start":{"line":118,"column":8},"end":{"line":118,"column":40}},"30":{"start":{"line":126,"column":8},"end":{"line":126,"column":3825}},"31":{"start":{"line":130,"column":8},"end":{"line":130,"column":17}}},"branchMap":{"1":{"line":45,"type":"if","locations":[{"start":{"line":45,"column":8},"end":{"line":45,"column":8}},{"start":{"line":45,"column":8},"end":{"line":45,"column":8}}]},"2":{"line":58,"type":"if","locations":[{"start":{"line":58,"column":8},"end":{"line":58,"column":8}},{"start":{"line":58,"column":8},"end":{"line":58,"column":8}}]},"3":{"line":63,"type":"if","locations":[{"start":{"line":63,"column":8},"end":{"line":63,"column":8}},{"start":{"line":63,"column":8},"end":{"line":63,"column":8}}]},"4":{"line":74,"type":"if","locations":[{"start":{"line":74,"column":12},"end":{"line":74,"column":12}},{"start":{"line":74,"column":12},"end":{"line":74,"column":12}}]},"5":{"line":81,"type":"if","locations":[{"start":{"line":81,"column":8},"end":{"line":81,"column":8}},{"start":{"line":81,"column":8},"end":{"line":81,"column":8}}]},"6":{"line":95,"type":"if","locations":[{"start":{"line":95,"column":8},"end":{"line":95,"column":8}},{"start":{"line":95,"column":8},"end":{"line":95,"column":8}}]},"7":{"line":101,"type":"if","locations":[{"start":{"line":101,"column":8},"end":{"line":101,"column":8}},{"start":{"line":101,"column":8},"end":{"line":101,"column":8}}]},"8":{"line":114,"type":"if","locations":[{"start":{"line":114,"column":8},"end":{"line":114,"column":8}},{"start":{"line":114,"column":8},"end":{"line":114,"column":8}}]},"9":{"line":126,"type":"if","locations":[{"start":{"line":126,"column":8},"end":{"line":126,"column":8}},{"start":{"line":126,"column":8},"end":{"line":126,"column":8}}]}}},"contracts/WQBridge.sol":{"l":{"114":0,"115":0,"116":0,"117":0,"118":0,"119":0,"120":0,"138":0,"139":0,"140":0,"141":0,"146":0,"149":0,"154":0,"155":0,"156":0,"162":0,"166":0,"168":0,"170":0,"203":0,"204":0,"208":0,"213":0,"223":0,"228":0,"236":0,"237":0,"238":0,"244":0,"246":0,"252":0,"269":0,"281":0,"289":0,"306":0,"310":0,"319":0,"323":0,"331":0,"332":0,"334":0,"336":0},"path":"/home/des/Documents/WorkQuest/Contracts/contracts/WQBridge.sol","s":{"1":0,"2":0,"3":0,"4":0,"5":0,"6":0,"7":0,"8":0,"9":0,"10":0,"11":0,"12":0,"13":0,"14":0,"15":0,"16":0,"17":0,"18":0,"19":0,"20":0,"21":0,"22":0,"23":0,"24":0,"25":0,"26":0,"27":0,"28":0,"29":0,"30":0,"31":0,"32":0,"33":0,"34":0,"35":0,"36":0,"37":0,"38":0,"39":0,"40":0,"41":0,"42":0,"43":0,"44":0,"45":0},"b":{"1":[0,0],"2":[0,0],"3":[0,0],"4":[0,0],"5":[0,0],"6":[0,0],"7":[0,0],"8":[0,0],"9":[0,0],"10":[0,0],"11":[0,0],"12":[0,0],"13":[0,0],"14":[0,0],"15":[0,0],"16":[0,0]},"f":{"1":0,"2":0,"3":0,"4":0,"5":0,"6":0,"7":0,"8":0,"9":0,"10":0},"fnMap":{"1":{"name":"initialize","line":113,"loc":{"start":{"line":113,"column":4},"end":{"line":121,"column":4}}},"2":{"name":"swap","line":137,"loc":{"start":{"line":131,"column":4},"end":{"line":180,"column":4}}},"3":{"name":"redeem","line":202,"loc":{"start":{"line":193,"column":4},"end":{"line":262,"column":4}}},"4":{"name":"getSwapState","line":268,"loc":{"start":{"line":268,"column":4},"end":{"line":270,"column":4}}},"5":{"name":"updateChain","line":279,"loc":{"start":{"line":277,"column":4},"end":{"line":282,"column":4}}},"6":{"name":"updatePool","line":288,"loc":{"start":{"line":288,"column":4},"end":{"line":290,"column":4}}},"7":{"name":"updateToken","line":305,"loc":{"start":{"line":299,"column":4},"end":{"line":316,"column":4}}},"8":{"name":"pause","line":318,"loc":{"start":{"line":318,"column":4},"end":{"line":320,"column":4}}},"9":{"name":"unpause","line":322,"loc":{"start":{"line":322,"column":4},"end":{"line":324,"column":4}}},"10":{"name":"removeLiquidity","line":330,"loc":{"start":{"line":326,"column":4},"end":{"line":337,"column":4}}}},"statementMap":{"1":{"start":{"line":114,"column":8},"end":{"line":114,"column":29}},"2":{"start":{"line":115,"column":8},"end":{"line":115,"column":24}},"3":{"start":{"line":116,"column":8},"end":{"line":116,"column":49}},"4":{"start":{"line":117,"column":8},"end":{"line":117,"column":41}},"5":{"start":{"line":118,"column":8},"end":{"line":118,"column":48}},"6":{"start":{"line":119,"column":8},"end":{"line":119,"column":25}},"7":{"start":{"line":120,"column":8},"end":{"line":120,"column":19}},"8":{"start":{"line":138,"column":8},"end":{"line":138,"column":74}},"9":{"start":{"line":139,"column":8},"end":{"line":139,"column":78}},"10":{"start":{"line":140,"column":8},"end":{"line":140,"column":52}},"11":{"start":{"line":141,"column":8},"end":{"line":141,"column":4474}},"12":{"start":{"line":146,"column":8},"end":{"line":146,"column":4601}},"13":{"start":{"line":149,"column":8},"end":{"line":149,"column":4729}},"14":{"start":{"line":154,"column":8},"end":{"line":154,"column":74}},"15":{"start":{"line":155,"column":8},"end":{"line":155,"column":4965}},"16":{"start":{"line":156,"column":12},"end":{"line":156,"column":5003}},"17":{"start":{"line":161,"column":15},"end":{"line":161,"column":5151}},"18":{"start":{"line":162,"column":12},"end":{"line":162,"column":5187}},"19":{"start":{"line":166,"column":12},"end":{"line":166,"column":32}},"20":{"start":{"line":168,"column":12},"end":{"line":168,"column":71}},"21":{"start":{"line":170,"column":8},"end":{"line":170,"column":5471}},"22":{"start":{"line":203,"column":8},"end":{"line":203,"column":78}},"23":{"start":{"line":204,"column":8},"end":{"line":204,"column":6403}},"24":{"start":{"line":208,"column":8},"end":{"line":208,"column":6522}},"25":{"start":{"line":213,"column":8},"end":{"line":213,"column":6658}},"26":{"start":{"line":223,"column":8},"end":{"line":223,"column":6898}},"27":{"start":{"line":228,"column":8},"end":{"line":228,"column":7057}},"28":{"start":{"line":236,"column":8},"end":{"line":236,"column":71}},"29":{"start":{"line":237,"column":8},"end":{"line":237,"column":7377}},"30":{"start":{"line":238,"column":12},"end":{"line":238,"column":7424}},"31":{"start":{"line":243,"column":15},"end":{"line":243,"column":7577}},"32":{"start":{"line":244,"column":12},"end":{"line":244,"column":79}},"33":{"start":{"line":246,"column":12},"end":{"line":246,"column":7721}},"34":{"start":{"line":252,"column":8},"end":{"line":252,"column":7853}},"35":{"start":{"line":269,"column":8},"end":{"line":269,"column":35}},"36":{"start":{"line":281,"column":8},"end":{"line":281,"column":33}},"37":{"start":{"line":289,"column":8},"end":{"line":289,"column":19}},"38":{"start":{"line":306,"column":8},"end":{"line":306,"column":9285}},"39":{"start":{"line":310,"column":8},"end":{"line":310,"column":9421}},"40":{"start":{"line":319,"column":8},"end":{"line":319,"column":15}},"41":{"start":{"line":323,"column":8},"end":{"line":323,"column":17}},"42":{"start":{"line":331,"column":8},"end":{"line":331,"column":9896}},"43":{"start":{"line":332,"column":12},"end":{"line":332,"column":67}},"44":{"start":{"line":334,"column":12},"end":{"line":334,"column":46}},"45":{"start":{"line":336,"column":8},"end":{"line":336,"column":50}}},"branchMap":{"1":{"line":138,"type":"if","locations":[{"start":{"line":138,"column":8},"end":{"line":138,"column":8}},{"start":{"line":138,"column":8},"end":{"line":138,"column":8}}]},"2":{"line":139,"type":"if","locations":[{"start":{"line":139,"column":8},"end":{"line":139,"column":8}},{"start":{"line":139,"column":8},"end":{"line":139,"column":8}}]},"3":{"line":141,"type":"if","locations":[{"start":{"line":141,"column":8},"end":{"line":141,"column":8}},{"start":{"line":141,"column":8},"end":{"line":141,"column":8}}]},"4":{"line":149,"type":"if","locations":[{"start":{"line":149,"column":8},"end":{"line":149,"column":8}},{"start":{"line":149,"column":8},"end":{"line":149,"column":8}}]},"5":{"line":155,"type":"if","locations":[{"start":{"line":155,"column":8},"end":{"line":155,"column":8}},{"start":{"line":155,"column":8},"end":{"line":155,"column":8}}]},"6":{"line":161,"type":"if","locations":[{"start":{"line":161,"column":15},"end":{"line":161,"column":15}},{"start":{"line":161,"column":15},"end":{"line":161,"column":15}}]},"7":{"line":162,"type":"if","locations":[{"start":{"line":162,"column":12},"end":{"line":162,"column":12}},{"start":{"line":162,"column":12},"end":{"line":162,"column":12}}]},"8":{"line":203,"type":"if","locations":[{"start":{"line":203,"column":8},"end":{"line":203,"column":8}},{"start":{"line":203,"column":8},"end":{"line":203,"column":8}}]},"9":{"line":204,"type":"if","locations":[{"start":{"line":204,"column":8},"end":{"line":204,"column":8}},{"start":{"line":204,"column":8},"end":{"line":204,"column":8}}]},"10":{"line":208,"type":"if","locations":[{"start":{"line":208,"column":8},"end":{"line":208,"column":8}},{"start":{"line":208,"column":8},"end":{"line":208,"column":8}}]},"11":{"line":223,"type":"if","locations":[{"start":{"line":223,"column":8},"end":{"line":223,"column":8}},{"start":{"line":223,"column":8},"end":{"line":223,"column":8}}]},"12":{"line":228,"type":"if","locations":[{"start":{"line":228,"column":8},"end":{"line":228,"column":8}},{"start":{"line":228,"column":8},"end":{"line":228,"column":8}}]},"13":{"line":237,"type":"if","locations":[{"start":{"line":237,"column":8},"end":{"line":237,"column":8}},{"start":{"line":237,"column":8},"end":{"line":237,"column":8}}]},"14":{"line":243,"type":"if","locations":[{"start":{"line":243,"column":15},"end":{"line":243,"column":15}},{"start":{"line":243,"column":15},"end":{"line":243,"column":15}}]},"15":{"line":306,"type":"if","locations":[{"start":{"line":306,"column":8},"end":{"line":306,"column":8}},{"start":{"line":306,"column":8},"end":{"line":306,"column":8}}]},"16":{"line":331,"type":"if","locations":[{"start":{"line":331,"column":8},"end":{"line":331,"column":8}},{"start":{"line":331,"column":8},"end":{"line":331,"column":8}}]}}},"contracts/WQBridgePool.sol":{"l":{"30":0,"31":0,"32":0,"33":0,"34":0,"42":0,"46":0,"47":0,"49":0,"51":0,"55":0,"63":0,"64":0,"66":0,"68":0,"72":0,"76":0,"87":0,"88":0,"96":0,"97":0},"path":"/home/des/Documents/WorkQuest/Contracts/contracts/WQBridgePool.sol","s":{"1":0,"2":0,"3":0,"4":0,"5":0,"6":0,"7":0,"8":0,"9":0,"10":0,"11":0,"12":0,"13":0,"14":0,"15":0,"16":0,"17":0,"18":0,"19":0,"20":0},"b":{"1":[0,0],"2":[0,0],"3":[0,0]},"f":{"1":0,"2":0,"3":0,"4":0,"5":0,"6":0,"7":0},"fnMap":{"1":{"name":"initialize","line":29,"loc":{"start":{"line":29,"column":4},"end":{"line":35,"column":4}}},"2":{"name":"transfer","line":41,"loc":{"start":{"line":37,"column":4},"end":{"line":52,"column":4}}},"3":{"name":"removeLiquidity","line":62,"loc":{"start":{"line":58,"column":4},"end":{"line":69,"column":4}}},"4":{"name":"pause","line":71,"loc":{"start":{"line":71,"column":4},"end":{"line":73,"column":4}}},"5":{"name":"unpause","line":75,"loc":{"start":{"line":75,"column":4},"end":{"line":77,"column":4}}},"6":{"name":"addBlockList","line":86,"loc":{"start":{"line":86,"column":4},"end":{"line":89,"column":4}}},"7":{"name":"removeBlockList","line":95,"loc":{"start":{"line":95,"column":4},"end":{"line":98,"column":4}}}},"statementMap":{"1":{"start":{"line":30,"column":8},"end":{"line":30,"column":29}},"2":{"start":{"line":31,"column":8},"end":{"line":31,"column":24}},"3":{"start":{"line":32,"column":8},"end":{"line":32,"column":49}},"4":{"start":{"line":33,"column":8},"end":{"line":33,"column":41}},"5":{"start":{"line":34,"column":8},"end":{"line":34,"column":45}},"6":{"start":{"line":42,"column":8},"end":{"line":42,"column":1487}},"7":{"start":{"line":46,"column":8},"end":{"line":46,"column":1609}},"8":{"start":{"line":47,"column":12},"end":{"line":47,"column":67}},"9":{"start":{"line":49,"column":12},"end":{"line":49,"column":37}},"10":{"start":{"line":51,"column":8},"end":{"line":51,"column":50}},"11":{"start":{"line":63,"column":8},"end":{"line":63,"column":2084}},"12":{"start":{"line":64,"column":12},"end":{"line":64,"column":67}},"13":{"start":{"line":66,"column":12},"end":{"line":66,"column":37}},"14":{"start":{"line":68,"column":8},"end":{"line":68,"column":50}},"15":{"start":{"line":72,"column":8},"end":{"line":72,"column":15}},"16":{"start":{"line":76,"column":8},"end":{"line":76,"column":17}},"17":{"start":{"line":87,"column":8},"end":{"line":87,"column":33}},"18":{"start":{"line":88,"column":8},"end":{"line":88,"column":33}},"19":{"start":{"line":96,"column":8},"end":{"line":96,"column":34}},"20":{"start":{"line":97,"column":8},"end":{"line":97,"column":35}}},"branchMap":{"1":{"line":42,"type":"if","locations":[{"start":{"line":42,"column":8},"end":{"line":42,"column":8}},{"start":{"line":42,"column":8},"end":{"line":42,"column":8}}]},"2":{"line":46,"type":"if","locations":[{"start":{"line":46,"column":8},"end":{"line":46,"column":8}},{"start":{"line":46,"column":8},"end":{"line":46,"column":8}}]},"3":{"line":63,"type":"if","locations":[{"start":{"line":63,"column":8},"end":{"line":63,"column":8}},{"start":{"line":63,"column":8},"end":{"line":63,"column":8}}]}}},"contracts/WQBridgeToken.sol":{"l":{"29":0,"30":0,"31":0,"32":0,"33":0,"34":0,"35":0,"36":0,"37":0,"45":0,"57":0,"61":0,"73":0,"77":0,"84":0,"88":0,"95":0,"99":0,"110":0,"114":0,"115":0,"123":0,"127":0,"128":0,"142":0,"143":0,"144":0},"path":"/home/des/Documents/WorkQuest/Contracts/contracts/WQBridgeToken.sol","s":{"1":0,"2":0,"3":0,"4":0,"5":0,"6":0,"7":0,"8":0,"9":0,"10":0,"11":0,"12":0,"13":0,"14":0,"15":0,"16":0,"17":0,"18":0,"19":0,"20":0,"21":0,"22":0,"23":0,"24":0,"25":0,"26":0,"27":0},"b":{"1":[0,0],"2":[0,0],"3":[0,0],"4":[0,0],"5":[0,0],"6":[0,0],"7":[0,0],"8":[0,0]},"f":{"1":0,"2":0,"3":0,"4":0,"5":0,"6":0,"7":0,"8":0,"9":0},"fnMap":{"1":{"name":"initialize","line":27,"loc":{"start":{"line":25,"column":4},"end":{"line":38,"column":4}}},"2":{"name":"getOwner","line":44,"loc":{"start":{"line":44,"column":4},"end":{"line":46,"column":4}}},"3":{"name":"mint","line":56,"loc":{"start":{"line":56,"column":4},"end":{"line":62,"column":4}}},"4":{"name":"burn","line":72,"loc":{"start":{"line":72,"column":4},"end":{"line":78,"column":4}}},"5":{"name":"pause","line":83,"loc":{"start":{"line":83,"column":4},"end":{"line":89,"column":4}}},"6":{"name":"unpause","line":94,"loc":{"start":{"line":94,"column":4},"end":{"line":100,"column":4}}},"7":{"name":"addBlockList","line":109,"loc":{"start":{"line":109,"column":4},"end":{"line":116,"column":4}}},"8":{"name":"removeBlockList","line":122,"loc":{"start":{"line":122,"column":4},"end":{"line":129,"column":4}}},"9":{"name":"_beforeTokenTransfer","line":137,"loc":{"start":{"line":137,"column":4},"end":{"line":145,"column":4}}}},"statementMap":{"1":{"start":{"line":29,"column":8},"end":{"line":29,"column":33}},"2":{"start":{"line":30,"column":8},"end":{"line":30,"column":29}},"3":{"start":{"line":31,"column":8},"end":{"line":31,"column":29}},"4":{"start":{"line":32,"column":8},"end":{"line":32,"column":49}},"5":{"start":{"line":33,"column":8},"end":{"line":33,"column":41}},"6":{"start":{"line":34,"column":8},"end":{"line":34,"column":45}},"7":{"start":{"line":35,"column":8},"end":{"line":35,"column":45}},"8":{"start":{"line":36,"column":8},"end":{"line":36,"column":45}},"9":{"start":{"line":37,"column":8},"end":{"line":37,"column":25}},"10":{"start":{"line":45,"column":8},"end":{"line":45,"column":20}},"11":{"start":{"line":57,"column":8},"end":{"line":57,"column":1748}},"12":{"start":{"line":61,"column":8},"end":{"line":61,"column":24}},"13":{"start":{"line":73,"column":8},"end":{"line":73,"column":2114}},"14":{"start":{"line":77,"column":8},"end":{"line":77,"column":26}},"15":{"start":{"line":84,"column":8},"end":{"line":84,"column":2353}},"16":{"start":{"line":88,"column":8},"end":{"line":88,"column":21}},"17":{"start":{"line":95,"column":8},"end":{"line":95,"column":2589}},"18":{"start":{"line":99,"column":8},"end":{"line":99,"column":23}},"19":{"start":{"line":110,"column":8},"end":{"line":110,"column":2929}},"20":{"start":{"line":114,"column":8},"end":{"line":114,"column":33}},"21":{"start":{"line":115,"column":8},"end":{"line":115,"column":33}},"22":{"start":{"line":123,"column":8},"end":{"line":123,"column":3293}},"23":{"start":{"line":127,"column":8},"end":{"line":127,"column":34}},"24":{"start":{"line":128,"column":8},"end":{"line":128,"column":35}},"25":{"start":{"line":142,"column":8},"end":{"line":142,"column":70}},"26":{"start":{"line":143,"column":8},"end":{"line":143,"column":75}},"27":{"start":{"line":144,"column":8},"end":{"line":144,"column":71}}},"branchMap":{"1":{"line":57,"type":"if","locations":[{"start":{"line":57,"column":8},"end":{"line":57,"column":8}},{"start":{"line":57,"column":8},"end":{"line":57,"column":8}}]},"2":{"line":73,"type":"if","locations":[{"start":{"line":73,"column":8},"end":{"line":73,"column":8}},{"start":{"line":73,"column":8},"end":{"line":73,"column":8}}]},"3":{"line":84,"type":"if","locations":[{"start":{"line":84,"column":8},"end":{"line":84,"column":8}},{"start":{"line":84,"column":8},"end":{"line":84,"column":8}}]},"4":{"line":95,"type":"if","locations":[{"start":{"line":95,"column":8},"end":{"line":95,"column":8}},{"start":{"line":95,"column":8},"end":{"line":95,"column":8}}]},"5":{"line":110,"type":"if","locations":[{"start":{"line":110,"column":8},"end":{"line":110,"column":8}},{"start":{"line":110,"column":8},"end":{"line":110,"column":8}}]},"6":{"line":123,"type":"if","locations":[{"start":{"line":123,"column":8},"end":{"line":123,"column":8}},{"start":{"line":123,"column":8},"end":{"line":123,"column":8}}]},"7":{"line":143,"type":"if","locations":[{"start":{"line":143,"column":8},"end":{"line":143,"column":8}},{"start":{"line":143,"column":8},"end":{"line":143,"column":8}}]},"8":{"line":144,"type":"if","locations":[{"start":{"line":144,"column":8},"end":{"line":144,"column":8}},{"start":{"line":144,"column":8},"end":{"line":144,"column":8}}]}}},"contracts/WQBridgeTokenInterface.sol":{"l":{},"path":"/home/des/Documents/WorkQuest/Contracts/contracts/WQBridgeTokenInterface.sol","s":{},"b":{},"f":{},"fnMap":{},"statementMap":{},"branchMap":{}},"contracts/WQDAOVoting.sol":{"l":{"112":0,"113":0,"115":0,"116":0,"118":0,"119":0,"120":0,"121":0,"122":0,"123":0,"143":0,"148":0,"150":0,"151":0,"152":0,"153":0,"154":0,"155":0,"156":0,"157":0,"158":0,"159":0,"161":0,"168":0,"182":0,"195":0,"196":0,"205":0,"206":0,"207":0,"211":0,"228":0,"249":0,"253":0,"254":0,"255":0,"256":0,"257":0,"258":0,"262":0,"264":0,"265":0,"267":0,"270":0,"272":0,"273":0,"274":0,"276":0,"280":0,"284":0,"285":0,"286":0,"287":0,"288":0,"289":0,"293":0,"294":0,"295":0,"299":0,"300":0,"310":0,"311":0,"312":0},"path":"/home/des/Documents/WorkQuest/Contracts/contracts/WQDAOVoting.sol","s":{"1":0,"2":0,"3":0,"4":0,"5":0,"6":0,"7":0,"8":0,"9":0,"10":0,"11":0,"12":0,"13":0,"14":0,"15":0,"16":0,"17":0,"18":0,"19":0,"20":0,"21":0,"22":0,"23":0,"24":0,"25":0,"26":0,"27":0,"28":0,"29":0,"30":0,"31":0,"32":0,"33":0,"34":0,"35":0,"36":0,"37":0,"38":0,"39":0,"40":0,"41":0,"42":0,"43":0,"44":0,"45":0,"46":0,"47":0,"48":0,"49":0,"50":0,"51":0,"52":0,"53":0,"54":0,"55":0,"56":0,"57":0,"58":0,"59":0,"60":0,"61":0,"62":0,"63":0,"64":0,"65":0},"b":{"1":[0,0],"2":[0,0],"3":[0,0],"4":[0,0],"5":[0,0],"6":[0,0],"7":[0,0],"8":[0,0],"9":[0,0],"10":[0,0],"11":[0,0],"12":[0,0],"13":[0,0],"14":[0,0],"15":[0,0],"16":[0,0]},"f":{"1":0,"2":0,"3":0,"4":0,"5":0,"6":0,"7":0,"8":0,"9":0,"10":0,"11":0,"12":0},"fnMap":{"1":{"name":"initialize","line":110,"loc":{"start":{"line":108,"column":4},"end":{"line":124,"column":4}}},"2":{"name":"_authorizeUpgrade","line":129,"loc":{"start":{"line":126,"column":4},"end":{"line":130,"column":5}}},"3":{"name":"addProposal","line":138,"loc":{"start":{"line":138,"column":4},"end":{"line":169,"column":4}}},"4":{"name":"getReceipt","line":177,"loc":{"start":{"line":177,"column":4},"end":{"line":183,"column":4}}},"5":{"name":"state","line":190,"loc":{"start":{"line":190,"column":4},"end":{"line":198,"column":4}}},"6":{"name":"calcState","line":204,"loc":{"start":{"line":204,"column":4},"end":{"line":215,"column":4}}},"7":{"name":"doVote","line":223,"loc":{"start":{"line":223,"column":4},"end":{"line":235,"column":4}}},"8":{"name":"castVoteInternal","line":244,"loc":{"start":{"line":244,"column":4},"end":{"line":277,"column":4}}},"9":{"name":"executeVoting","line":279,"loc":{"start":{"line":279,"column":4},"end":{"line":290,"column":4}}},"10":{"name":"add256","line":292,"loc":{"start":{"line":292,"column":4},"end":{"line":296,"column":4}}},"11":{"name":"sub256","line":298,"loc":{"start":{"line":298,"column":4},"end":{"line":301,"column":4}}},"12":{"name":"changeVotingRules","line":307,"loc":{"start":{"line":307,"column":4},"end":{"line":313,"column":4}}}},"statementMap":{"1":{"start":{"line":112,"column":8},"end":{"line":112,"column":29}},"2":{"start":{"line":113,"column":8},"end":{"line":113,"column":31}},"3":{"start":{"line":115,"column":8},"end":{"line":115,"column":35}},"4":{"start":{"line":116,"column":8},"end":{"line":116,"column":29}},"5":{"start":{"line":118,"column":8},"end":{"line":118,"column":49}},"6":{"start":{"line":119,"column":8},"end":{"line":119,"column":41}},"7":{"start":{"line":120,"column":8},"end":{"line":120,"column":44}},"8":{"start":{"line":121,"column":8},"end":{"line":121,"column":48}},"9":{"start":{"line":122,"column":8},"end":{"line":122,"column":50}},"10":{"start":{"line":123,"column":8},"end":{"line":123,"column":39}},"11":{"start":{"line":143,"column":8},"end":{"line":143,"column":4342}},"12":{"start":{"line":148,"column":8},"end":{"line":148,"column":62}},"13":{"start":{"line":150,"column":8},"end":{"line":150,"column":34}},"14":{"start":{"line":151,"column":8},"end":{"line":151,"column":37}},"15":{"start":{"line":152,"column":8},"end":{"line":152,"column":29}},"16":{"start":{"line":153,"column":8},"end":{"line":153,"column":28}},"17":{"start":{"line":154,"column":8},"end":{"line":154,"column":32}},"18":{"start":{"line":155,"column":8},"end":{"line":155,"column":29}},"19":{"start":{"line":156,"column":8},"end":{"line":156,"column":67}},"20":{"start":{"line":157,"column":8},"end":{"line":157,"column":38}},"21":{"start":{"line":158,"column":8},"end":{"line":158,"column":36}},"22":{"start":{"line":159,"column":8},"end":{"line":159,"column":42}},"23":{"start":{"line":161,"column":8},"end":{"line":161,"column":4955}},"24":{"start":{"line":168,"column":8},"end":{"line":168,"column":26}},"25":{"start":{"line":182,"column":8},"end":{"line":182,"column":54}},"26":{"start":{"line":195,"column":8},"end":{"line":195,"column":67}},"27":{"start":{"line":196,"column":8},"end":{"line":196,"column":5980}},"28":{"start":{"line":196,"column":43},"end":{"line":196,"column":51}},"29":{"start":{"line":197,"column":13},"end":{"line":197,"column":61}},"30":{"start":{"line":205,"column":8},"end":{"line":205,"column":58}},"31":{"start":{"line":206,"column":8},"end":{"line":206,"column":60}},"32":{"start":{"line":207,"column":8},"end":{"line":207,"column":6368}},"33":{"start":{"line":211,"column":12},"end":{"line":211,"column":6476}},"34":{"start":{"line":214,"column":15},"end":{"line":214,"column":36}},"35":{"start":{"line":228,"column":8},"end":{"line":228,"column":7018}},"36":{"start":{"line":249,"column":8},"end":{"line":249,"column":7681}},"37":{"start":{"line":253,"column":8},"end":{"line":253,"column":66}},"38":{"start":{"line":254,"column":8},"end":{"line":254,"column":58}},"39":{"start":{"line":255,"column":8},"end":{"line":255,"column":59}},"40":{"start":{"line":256,"column":8},"end":{"line":256,"column":59}},"41":{"start":{"line":257,"column":8},"end":{"line":257,"column":68}},"42":{"start":{"line":258,"column":8},"end":{"line":258,"column":8138}},"43":{"start":{"line":262,"column":8},"end":{"line":262,"column":46}},"44":{"start":{"line":264,"column":8},"end":{"line":264,"column":8305}},"45":{"start":{"line":265,"column":12},"end":{"line":265,"column":63}},"46":{"start":{"line":267,"column":12},"end":{"line":267,"column":71}},"47":{"start":{"line":272,"column":8},"end":{"line":272,"column":30}},"48":{"start":{"line":273,"column":8},"end":{"line":273,"column":33}},"49":{"start":{"line":274,"column":8},"end":{"line":274,"column":28}},"50":{"start":{"line":276,"column":8},"end":{"line":276,"column":20}},"51":{"start":{"line":280,"column":8},"end":{"line":280,"column":8715}},"52":{"start":{"line":284,"column":8},"end":{"line":284,"column":66}},"53":{"start":{"line":285,"column":8},"end":{"line":285,"column":58}},"54":{"start":{"line":286,"column":8},"end":{"line":286,"column":59}},"55":{"start":{"line":287,"column":8},"end":{"line":287,"column":30}},"56":{"start":{"line":288,"column":8},"end":{"line":288,"column":29}},"57":{"start":{"line":289,"column":8},"end":{"line":289,"column":42}},"58":{"start":{"line":293,"column":8},"end":{"line":293,"column":25}},"59":{"start":{"line":294,"column":8},"end":{"line":294,"column":43}},"60":{"start":{"line":295,"column":8},"end":{"line":295,"column":16}},"61":{"start":{"line":299,"column":8},"end":{"line":299,"column":47}},"62":{"start":{"line":300,"column":8},"end":{"line":300,"column":20}},"63":{"start":{"line":310,"column":8},"end":{"line":310,"column":73}},"64":{"start":{"line":311,"column":8},"end":{"line":311,"column":37}},"65":{"start":{"line":312,"column":8},"end":{"line":312,"column":35}}},"branchMap":{"1":{"line":143,"type":"if","locations":[{"start":{"line":143,"column":8},"end":{"line":143,"column":8}},{"start":{"line":143,"column":8},"end":{"line":143,"column":8}}]},"2":{"line":195,"type":"if","locations":[{"start":{"line":195,"column":8},"end":{"line":195,"column":8}},{"start":{"line":195,"column":8},"end":{"line":195,"column":8}}]},"3":{"line":196,"type":"if","locations":[{"start":{"line":196,"column":8},"end":{"line":196,"column":8}},{"start":{"line":196,"column":8},"end":{"line":196,"column":8}}]},"4":{"line":207,"type":"if","locations":[{"start":{"line":207,"column":8},"end":{"line":207,"column":8}},{"start":{"line":207,"column":8},"end":{"line":207,"column":8}}]},"5":{"line":249,"type":"if","locations":[{"start":{"line":249,"column":8},"end":{"line":249,"column":8}},{"start":{"line":249,"column":8},"end":{"line":249,"column":8}}]},"6":{"line":253,"type":"if","locations":[{"start":{"line":253,"column":8},"end":{"line":253,"column":8}},{"start":{"line":253,"column":8},"end":{"line":253,"column":8}}]},"7":{"line":256,"type":"if","locations":[{"start":{"line":256,"column":8},"end":{"line":256,"column":8}},{"start":{"line":256,"column":8},"end":{"line":256,"column":8}}]},"8":{"line":257,"type":"if","locations":[{"start":{"line":257,"column":8},"end":{"line":257,"column":8}},{"start":{"line":257,"column":8},"end":{"line":257,"column":8}}]},"9":{"line":258,"type":"if","locations":[{"start":{"line":258,"column":8},"end":{"line":258,"column":8}},{"start":{"line":258,"column":8},"end":{"line":258,"column":8}}]},"10":{"line":264,"type":"if","locations":[{"start":{"line":264,"column":8},"end":{"line":264,"column":8}},{"start":{"line":264,"column":8},"end":{"line":264,"column":8}}]},"11":{"line":280,"type":"if","locations":[{"start":{"line":280,"column":8},"end":{"line":280,"column":8}},{"start":{"line":280,"column":8},"end":{"line":280,"column":8}}]},"12":{"line":284,"type":"if","locations":[{"start":{"line":284,"column":8},"end":{"line":284,"column":8}},{"start":{"line":284,"column":8},"end":{"line":284,"column":8}}]},"13":{"line":286,"type":"if","locations":[{"start":{"line":286,"column":8},"end":{"line":286,"column":8}},{"start":{"line":286,"column":8},"end":{"line":286,"column":8}}]},"14":{"line":294,"type":"if","locations":[{"start":{"line":294,"column":8},"end":{"line":294,"column":8}},{"start":{"line":294,"column":8},"end":{"line":294,"column":8}}]},"15":{"line":299,"type":"if","locations":[{"start":{"line":299,"column":8},"end":{"line":299,"column":8}},{"start":{"line":299,"column":8},"end":{"line":299,"column":8}}]},"16":{"line":310,"type":"if","locations":[{"start":{"line":310,"column":8},"end":{"line":310,"column":8}},{"start":{"line":310,"column":8},"end":{"line":310,"column":8}}]}}},"contracts/WQFundInterface.sol":{"l":{},"path":"/home/des/Documents/WorkQuest/Contracts/contracts/WQFundInterface.sol","s":{},"b":{},"f":{},"fnMap":{},"statementMap":{},"branchMap":{}},"contracts/WQInsurance.sol":{"l":{"66":0,"67":0,"68":0,"69":0,"70":0,"71":0,"78":0,"86":0,"90":0,"94":0,"98":0,"99":0,"100":0,"101":0,"109":0,"113":0,"114":0,"116":0,"117":0,"118":0,"121":0,"128":0,"129":0,"130":0,"131":0,"136":0,"141":0,"142":0,"143":0,"144":0,"146":0,"153":0,"157":0,"161":0,"168":0,"172":0,"176":0,"177":0,"178":0,"179":0,"180":0,"187":0,"191":0,"195":0,"196":0,"197":0,"200":0,"201":0,"202":0,"205":0,"212":0,"213":0,"217":0,"221":0,"222":0,"223":0,"230":0,"231":0,"235":0,"239":0,"240":0,"241":0,"248":0,"252":0,"256":0,"263":0,"264":0,"265":0,"266":0,"270":0,"271":0,"272":0,"273":0,"280":0,"284":0,"288":0},"path":"/home/des/Documents/WorkQuest/Contracts/contracts/WQInsurance.sol","s":{"1":0,"2":0,"3":0,"4":0,"5":0,"6":0,"7":0,"8":0,"9":0,"10":0,"11":0,"12":0,"13":0,"14":0,"15":0,"16":0,"17":0,"18":0,"19":0,"20":0,"21":0,"22":0,"23":0,"24":0,"25":0,"26":0,"27":0,"28":0,"29":0,"30":0,"31":0,"32":0,"33":0,"34":0,"35":0,"36":0,"37":0,"38":0,"39":0,"40":0,"41":0,"42":0,"43":0,"44":0,"45":0,"46":0,"47":0,"48":0,"49":0,"50":0,"51":0,"52":0,"53":0,"54":0,"55":0,"56":0,"57":0,"58":0,"59":0,"60":0,"61":0,"62":0},"b":{"1":[0,0],"2":[0,0],"3":[0,0],"4":[0,0],"5":[0,0],"6":[0,0],"7":[0,0],"8":[0,0],"9":[0,0],"10":[0,0],"11":[0,0],"12":[0,0],"13":[0,0],"14":[0,0],"15":[0,0],"16":[0,0],"17":[0,0],"18":[0,0],"19":[0,0],"20":[0,0],"21":[0,0],"22":[0,0],"23":[0,0],"24":[0,0],"25":[0,0],"26":[0,0],"27":[0,0],"28":[0,0],"29":[0,0],"30":[0,0],"31":[0,0],"32":[0,0],"33":[0,0]},"f":{"1":0,"2":0,"3":0,"4":0,"5":0,"6":0,"7":0,"8":0,"9":0,"10":0},"fnMap":{"1":{"name":"constructor","line":62,"loc":{"start":{"line":62,"column":4},"end":{"line":72,"column":4}}},"2":{"name":"getMembers","line":77,"loc":{"start":{"line":77,"column":4},"end":{"line":79,"column":4}}},"3":{"name":"addMember","line":85,"loc":{"start":{"line":85,"column":4},"end":{"line":102,"column":4}}},"4":{"name":"removeMember","line":108,"loc":{"start":{"line":108,"column":4},"end":{"line":122,"column":4}}},"5":{"name":"claim","line":152,"loc":{"start":{"line":152,"column":4},"end":{"line":181,"column":4}}},"6":{"name":"unclaim","line":186,"loc":{"start":{"line":186,"column":4},"end":{"line":206,"column":4}}},"7":{"name":"confirmPayment","line":211,"loc":{"start":{"line":211,"column":4},"end":{"line":224,"column":4}}},"8":{"name":"revokeConfirmation","line":229,"loc":{"start":{"line":229,"column":4},"end":{"line":242,"column":4}}},"9":{"name":"executePayment","line":247,"loc":{"start":{"line":247,"column":4},"end":{"line":274,"column":4}}},"10":{"name":"withdraw","line":279,"loc":{"start":{"line":279,"column":4},"end":{"line":291,"column":4}}}},"statementMap":{"1":{"start":{"line":66,"column":8},"end":{"line":66,"column":49}},"2":{"start":{"line":67,"column":8},"end":{"line":67,"column":41}},"3":{"start":{"line":68,"column":8},"end":{"line":68,"column":43}},"4":{"start":{"line":69,"column":8},"end":{"line":69,"column":52}},"5":{"start":{"line":70,"column":8},"end":{"line":70,"column":47}},"6":{"start":{"line":71,"column":8},"end":{"line":71,"column":47}},"7":{"start":{"line":78,"column":8},"end":{"line":78,"column":22}},"8":{"start":{"line":86,"column":8},"end":{"line":86,"column":2493}},"9":{"start":{"line":90,"column":8},"end":{"line":90,"column":2638}},"10":{"start":{"line":94,"column":8},"end":{"line":94,"column":2772}},"11":{"start":{"line":98,"column":8},"end":{"line":98,"column":27}},"12":{"start":{"line":99,"column":8},"end":{"line":99,"column":40}},"13":{"start":{"line":101,"column":8},"end":{"line":101,"column":49}},"14":{"start":{"line":109,"column":8},"end":{"line":109,"column":3195}},"15":{"start":{"line":113,"column":8},"end":{"line":113,"column":45}},"16":{"start":{"line":116,"column":8},"end":{"line":116,"column":3453}},"17":{"start":{"line":117,"column":12},"end":{"line":117,"column":3516}},"18":{"start":{"line":118,"column":16},"end":{"line":118,"column":60}},"19":{"start":{"line":121,"column":8},"end":{"line":121,"column":55}},"20":{"start":{"line":153,"column":8},"end":{"line":153,"column":4665}},"21":{"start":{"line":157,"column":8},"end":{"line":157,"column":4781}},"22":{"start":{"line":161,"column":8},"end":{"line":161,"column":4910}},"23":{"start":{"line":168,"column":8},"end":{"line":168,"column":5160}},"24":{"start":{"line":172,"column":8},"end":{"line":172,"column":5285}},"25":{"start":{"line":176,"column":8},"end":{"line":176,"column":39}},"26":{"start":{"line":177,"column":8},"end":{"line":177,"column":78}},"27":{"start":{"line":178,"column":8},"end":{"line":178,"column":51}},"28":{"start":{"line":179,"column":8},"end":{"line":179,"column":40}},"29":{"start":{"line":180,"column":8},"end":{"line":180,"column":82}},"30":{"start":{"line":187,"column":8},"end":{"line":187,"column":5798}},"31":{"start":{"line":191,"column":8},"end":{"line":191,"column":5914}},"32":{"start":{"line":195,"column":8},"end":{"line":195,"column":80}},"33":{"start":{"line":196,"column":8},"end":{"line":196,"column":40}},"34":{"start":{"line":197,"column":8},"end":{"line":197,"column":40}},"35":{"start":{"line":200,"column":8},"end":{"line":200,"column":6244}},"36":{"start":{"line":201,"column":12},"end":{"line":201,"column":6307}},"37":{"start":{"line":202,"column":16},"end":{"line":202,"column":60}},"38":{"start":{"line":205,"column":8},"end":{"line":205,"column":54}},"39":{"start":{"line":212,"column":8},"end":{"line":212,"column":75}},"40":{"start":{"line":213,"column":8},"end":{"line":213,"column":6713}},"41":{"start":{"line":217,"column":8},"end":{"line":217,"column":6833}},"42":{"start":{"line":222,"column":8},"end":{"line":222,"column":47}},"43":{"start":{"line":223,"column":8},"end":{"line":223,"column":66}},"44":{"start":{"line":230,"column":8},"end":{"line":230,"column":75}},"45":{"start":{"line":231,"column":8},"end":{"line":231,"column":7323}},"46":{"start":{"line":235,"column":8},"end":{"line":235,"column":7443}},"47":{"start":{"line":240,"column":8},"end":{"line":240,"column":48}},"48":{"start":{"line":241,"column":8},"end":{"line":241,"column":69}},"49":{"start":{"line":248,"column":8},"end":{"line":248,"column":7869}},"50":{"start":{"line":252,"column":8},"end":{"line":252,"column":7989}},"51":{"start":{"line":256,"column":8},"end":{"line":256,"column":8118}},"52":{"start":{"line":263,"column":8},"end":{"line":263,"column":50}},"53":{"start":{"line":264,"column":8},"end":{"line":264,"column":73}},"54":{"start":{"line":265,"column":8},"end":{"line":265,"column":63}},"55":{"start":{"line":266,"column":8},"end":{"line":266,"column":8562}},"56":{"start":{"line":270,"column":8},"end":{"line":270,"column":26}},"57":{"start":{"line":271,"column":8},"end":{"line":271,"column":25}},"58":{"start":{"line":272,"column":8},"end":{"line":272,"column":46}},"59":{"start":{"line":273,"column":8},"end":{"line":273,"column":68}},"60":{"start":{"line":280,"column":8},"end":{"line":280,"column":8954}},"61":{"start":{"line":284,"column":8},"end":{"line":284,"column":9074}},"62":{"start":{"line":288,"column":8},"end":{"line":288,"column":9238}}},"branchMap":{"1":{"line":86,"type":"if","locations":[{"start":{"line":86,"column":8},"end":{"line":86,"column":8}},{"start":{"line":86,"column":8},"end":{"line":86,"column":8}}]},"2":{"line":90,"type":"if","locations":[{"start":{"line":90,"column":8},"end":{"line":90,"column":8}},{"start":{"line":90,"column":8},"end":{"line":90,"column":8}}]},"3":{"line":94,"type":"if","locations":[{"start":{"line":94,"column":8},"end":{"line":94,"column":8}},{"start":{"line":94,"column":8},"end":{"line":94,"column":8}}]},"4":{"line":109,"type":"if","locations":[{"start":{"line":109,"column":8},"end":{"line":109,"column":8}},{"start":{"line":109,"column":8},"end":{"line":109,"column":8}}]},"5":{"line":117,"type":"if","locations":[{"start":{"line":117,"column":12},"end":{"line":117,"column":12}},{"start":{"line":117,"column":12},"end":{"line":117,"column":12}}]},"6":{"line":129,"type":"if","locations":[{"start":{"line":129,"column":8},"end":{"line":129,"column":8}},{"start":{"line":129,"column":8},"end":{"line":129,"column":8}}]},"7":{"line":130,"type":"if","locations":[{"start":{"line":130,"column":8},"end":{"line":130,"column":8}},{"start":{"line":130,"column":8},"end":{"line":130,"column":8}}]},"8":{"line":131,"type":"if","locations":[{"start":{"line":131,"column":12},"end":{"line":131,"column":12}},{"start":{"line":131,"column":12},"end":{"line":131,"column":12}}]},"9":{"line":136,"type":"if","locations":[{"start":{"line":136,"column":12},"end":{"line":136,"column":12}},{"start":{"line":136,"column":12},"end":{"line":136,"column":12}}]},"10":{"line":143,"type":"if","locations":[{"start":{"line":143,"column":8},"end":{"line":143,"column":8}},{"start":{"line":143,"column":8},"end":{"line":143,"column":8}}]},"11":{"line":153,"type":"if","locations":[{"start":{"line":153,"column":8},"end":{"line":153,"column":8}},{"start":{"line":153,"column":8},"end":{"line":153,"column":8}}]},"12":{"line":157,"type":"if","locations":[{"start":{"line":157,"column":8},"end":{"line":157,"column":8}},{"start":{"line":157,"column":8},"end":{"line":157,"column":8}}]},"13":{"line":161,"type":"if","locations":[{"start":{"line":161,"column":8},"end":{"line":161,"column":8}},{"start":{"line":161,"column":8},"end":{"line":161,"column":8}}]},"14":{"line":168,"type":"if","locations":[{"start":{"line":168,"column":8},"end":{"line":168,"column":8}},{"start":{"line":168,"column":8},"end":{"line":168,"column":8}}]},"15":{"line":172,"type":"if","locations":[{"start":{"line":172,"column":8},"end":{"line":172,"column":8}},{"start":{"line":172,"column":8},"end":{"line":172,"column":8}}]},"16":{"line":187,"type":"if","locations":[{"start":{"line":187,"column":8},"end":{"line":187,"column":8}},{"start":{"line":187,"column":8},"end":{"line":187,"column":8}}]},"17":{"line":191,"type":"if","locations":[{"start":{"line":191,"column":8},"end":{"line":191,"column":8}},{"start":{"line":191,"column":8},"end":{"line":191,"column":8}}]},"18":{"line":195,"type":"if","locations":[{"start":{"line":195,"column":8},"end":{"line":195,"column":8}},{"start":{"line":195,"column":8},"end":{"line":195,"column":8}}]},"19":{"line":201,"type":"if","locations":[{"start":{"line":201,"column":12},"end":{"line":201,"column":12}},{"start":{"line":201,"column":12},"end":{"line":201,"column":12}}]},"20":{"line":212,"type":"if","locations":[{"start":{"line":212,"column":8},"end":{"line":212,"column":8}},{"start":{"line":212,"column":8},"end":{"line":212,"column":8}}]},"21":{"line":213,"type":"if","locations":[{"start":{"line":213,"column":8},"end":{"line":213,"column":8}},{"start":{"line":213,"column":8},"end":{"line":213,"column":8}}]},"22":{"line":217,"type":"if","locations":[{"start":{"line":217,"column":8},"end":{"line":217,"column":8}},{"start":{"line":217,"column":8},"end":{"line":217,"column":8}}]},"23":{"line":230,"type":"if","locations":[{"start":{"line":230,"column":8},"end":{"line":230,"column":8}},{"start":{"line":230,"column":8},"end":{"line":230,"column":8}}]},"24":{"line":231,"type":"if","locations":[{"start":{"line":231,"column":8},"end":{"line":231,"column":8}},{"start":{"line":231,"column":8},"end":{"line":231,"column":8}}]},"25":{"line":235,"type":"if","locations":[{"start":{"line":235,"column":8},"end":{"line":235,"column":8}},{"start":{"line":235,"column":8},"end":{"line":235,"column":8}}]},"26":{"line":248,"type":"if","locations":[{"start":{"line":248,"column":8},"end":{"line":248,"column":8}},{"start":{"line":248,"column":8},"end":{"line":248,"column":8}}]},"27":{"line":252,"type":"if","locations":[{"start":{"line":252,"column":8},"end":{"line":252,"column":8}},{"start":{"line":252,"column":8},"end":{"line":252,"column":8}}]},"28":{"line":256,"type":"if","locations":[{"start":{"line":256,"column":8},"end":{"line":256,"column":8}},{"start":{"line":256,"column":8},"end":{"line":256,"column":8}}]},"29":{"line":264,"type":"if","locations":[{"start":{"line":264,"column":8},"end":{"line":264,"column":8}},{"start":{"line":264,"column":8},"end":{"line":264,"column":8}}]},"30":{"line":265,"type":"if","locations":[{"start":{"line":265,"column":8},"end":{"line":265,"column":8}},{"start":{"line":265,"column":8},"end":{"line":265,"column":8}}]},"31":{"line":266,"type":"if","locations":[{"start":{"line":266,"column":8},"end":{"line":266,"column":8}},{"start":{"line":266,"column":8},"end":{"line":266,"column":8}}]},"32":{"line":280,"type":"if","locations":[{"start":{"line":280,"column":8},"end":{"line":280,"column":8}},{"start":{"line":280,"column":8},"end":{"line":280,"column":8}}]},"33":{"line":284,"type":"if","locations":[{"start":{"line":284,"column":8},"end":{"line":284,"column":8}},{"start":{"line":284,"column":8},"end":{"line":284,"column":8}}]}}},"contracts/WQInsuranceFactory.sol":{"l":{"51":0,"52":0,"54":0,"55":0,"69":0,"72":0,"73":0,"74":0,"75":0,"76":0,"77":0,"78":0,"79":0,"80":0,"82":0,"83":0,"91":0,"92":0,"93":0,"95":0,"97":0,"98":0,"99":0,"101":0,"103":0,"105":0,"108":0,"112":0},"path":"/home/des/Documents/WorkQuest/Contracts/contracts/WQInsuranceFactory.sol","s":{"1":0,"2":0,"3":0,"4":0,"5":0,"6":0,"7":0,"8":0,"9":0,"10":0,"11":0,"12":0,"13":0,"14":0,"15":0,"16":0,"17":0,"18":0,"19":0,"20":0,"21":0,"22":0,"23":0,"24":0,"25":0,"26":0,"27":0,"28":0,"29":0,"30":0},"b":{"1":[0,0],"2":[0,0],"3":[0,0],"4":[0,0],"5":[0,0],"6":[0,0]},"f":{"1":0,"2":0,"3":0,"4":0,"5":0},"fnMap":{"1":{"name":"initialize","line":50,"loc":{"start":{"line":50,"column":4},"end":{"line":56,"column":4}}},"2":{"name":"_authorizeUpgrade","line":61,"loc":{"start":{"line":58,"column":4},"end":{"line":62,"column":5}}},"3":{"name":"addUserToInsuarance","line":64,"loc":{"start":{"line":64,"column":4},"end":{"line":85,"column":4}}},"4":{"name":"_newInsurance","line":87,"loc":{"start":{"line":87,"column":4},"end":{"line":109,"column":4}}},"5":{"name":"getInsurances","line":111,"loc":{"start":{"line":111,"column":4},"end":{"line":113,"column":4}}}},"statementMap":{"1":{"start":{"line":51,"column":8},"end":{"line":51,"column":29}},"2":{"start":{"line":52,"column":8},"end":{"line":52,"column":31}},"3":{"start":{"line":54,"column":8},"end":{"line":54,"column":49}},"4":{"start":{"line":55,"column":8},"end":{"line":55,"column":44}},"5":{"start":{"line":69,"column":8},"end":{"line":69,"column":1766}},"6":{"start":{"line":72,"column":8},"end":{"line":72,"column":63}},"7":{"start":{"line":73,"column":8},"end":{"line":73,"column":1941}},"8":{"start":{"line":74,"column":12},"end":{"line":74,"column":66}},"9":{"start":{"line":75,"column":12},"end":{"line":75,"column":62}},"10":{"start":{"line":76,"column":12},"end":{"line":76,"column":72}},"11":{"start":{"line":77,"column":12},"end":{"line":77,"column":35}},"12":{"start":{"line":78,"column":12},"end":{"line":78,"column":35}},"13":{"start":{"line":79,"column":12},"end":{"line":79,"column":31}},"14":{"start":{"line":80,"column":12},"end":{"line":80,"column":67}},"15":{"start":{"line":82,"column":12},"end":{"line":82,"column":51}},"16":{"start":{"line":91,"column":8},"end":{"line":91,"column":35}},"17":{"start":{"line":92,"column":8},"end":{"line":92,"column":2683}},"18":{"start":{"line":93,"column":12},"end":{"line":93,"column":38}},"19":{"start":{"line":94,"column":15},"end":{"line":94,"column":2784}},"20":{"start":{"line":95,"column":12},"end":{"line":95,"column":37}},"21":{"start":{"line":97,"column":8},"end":{"line":97,"column":35}},"22":{"start":{"line":98,"column":8},"end":{"line":98,"column":2923}},"23":{"start":{"line":99,"column":12},"end":{"line":99,"column":52}},"24":{"start":{"line":100,"column":15},"end":{"line":100,"column":3033}},"25":{"start":{"line":101,"column":12},"end":{"line":101,"column":51}},"26":{"start":{"line":102,"column":15},"end":{"line":102,"column":3141}},"27":{"start":{"line":103,"column":12},"end":{"line":103,"column":52}},"28":{"start":{"line":105,"column":8},"end":{"line":105,"column":3254}},"29":{"start":{"line":108,"column":8},"end":{"line":108,"column":53}},"30":{"start":{"line":112,"column":8},"end":{"line":112,"column":25}}},"branchMap":{"1":{"line":73,"type":"if","locations":[{"start":{"line":73,"column":8},"end":{"line":73,"column":8}},{"start":{"line":73,"column":8},"end":{"line":73,"column":8}}]},"2":{"line":92,"type":"if","locations":[{"start":{"line":92,"column":8},"end":{"line":92,"column":8}},{"start":{"line":92,"column":8},"end":{"line":92,"column":8}}]},"3":{"line":94,"type":"if","locations":[{"start":{"line":94,"column":15},"end":{"line":94,"column":15}},{"start":{"line":94,"column":15},"end":{"line":94,"column":15}}]},"4":{"line":98,"type":"if","locations":[{"start":{"line":98,"column":8},"end":{"line":98,"column":8}},{"start":{"line":98,"column":8},"end":{"line":98,"column":8}}]},"5":{"line":100,"type":"if","locations":[{"start":{"line":100,"column":15},"end":{"line":100,"column":15}},{"start":{"line":100,"column":15},"end":{"line":100,"column":15}}]},"6":{"line":102,"type":"if","locations":[{"start":{"line":102,"column":15},"end":{"line":102,"column":15}},{"start":{"line":102,"column":15},"end":{"line":102,"column":15}}]}}},"contracts/WQLiquidityMining.sol":{"l":{"81":0,"82":0,"83":0,"85":0,"86":0,"87":0,"88":0,"89":0,"90":0,"91":0,"92":0,"93":0,"110":0,"111":0,"115":0,"116":0,"117":0,"119":0,"120":0,"121":0,"122":0,"123":0,"135":0,"136":0,"137":0,"141":0,"142":0,"143":0,"144":0,"145":0,"146":0,"153":0,"154":0,"155":0,"157":0,"158":0,"159":0,"160":0,"161":0,"163":0,"164":0,"175":0,"177":0,"183":0,"190":0,"191":0,"192":0,"193":0,"194":0,"195":0,"198":0,"200":0,"208":0,"215":0,"216":0,"217":0,"218":0,"219":0,"220":0,"222":0,"238":0,"239":0,"240":0,"241":0,"248":0,"257":0,"264":0,"265":0,"266":0,"273":0,"277":0,"285":0,"296":0,"307":0,"318":0,"329":0,"342":0,"344":0,"345":0,"346":0,"347":0,"354":0,"361":0,"368":0,"375":0,"389":0,"390":0},"path":"/home/des/Documents/WorkQuest/Contracts/contracts/WQLiquidityMining.sol","s":{"1":0,"2":0,"3":0,"4":0,"5":0,"6":0,"7":0,"8":0,"9":0,"10":0,"11":0,"12":0,"13":0,"14":0,"15":0,"16":0,"17":0,"18":0,"19":0,"20":0,"21":0,"22":0,"23":0,"24":0,"25":0,"26":0,"27":0,"28":0,"29":0,"30":0,"31":0,"32":0,"33":0,"34":0,"35":0,"36":0,"37":0,"38":0,"39":0,"40":0,"41":0,"42":0,"43":0,"44":0,"45":0,"46":0,"47":0,"48":0,"49":0,"50":0,"51":0,"52":0,"53":0,"54":0,"55":0,"56":0,"57":0,"58":0,"59":0,"60":0,"61":0,"62":0,"63":0,"64":0,"65":0,"66":0,"67":0,"68":0,"69":0,"70":0,"71":0,"72":0,"73":0,"74":0,"75":0,"76":0,"77":0,"78":0,"79":0,"80":0,"81":0,"82":0,"83":0,"84":0,"85":0,"86":0,"87":0},"b":{"1":[0,0],"2":[0,0],"3":[0,0],"4":[0,0],"5":[0,0],"6":[0,0],"7":[0,0],"8":[0,0],"9":[0,0],"10":[0,0],"11":[0,0],"12":[0,0],"13":[0,0],"14":[0,0],"15":[0,0]},"f":{"1":0,"2":0,"3":0,"4":0,"5":0,"6":0,"7":0,"8":0,"9":0,"10":0,"11":0,"12":0,"13":0,"14":0,"15":0,"16":0,"17":0,"18":0,"19":0,"20":0,"21":0,"22":0,"23":0,"24":0},"fnMap":{"1":{"name":"initialize","line":80,"loc":{"start":{"line":74,"column":4},"end":{"line":94,"column":4}}},"2":{"name":"_authorizeUpgrade","line":99,"loc":{"start":{"line":96,"column":4},"end":{"line":100,"column":5}}},"3":{"name":"stake","line":109,"loc":{"start":{"line":109,"column":4},"end":{"line":124,"column":4}}},"4":{"name":"unstake","line":134,"loc":{"start":{"line":134,"column":4},"end":{"line":147,"column":4}}},"5":{"name":"claim","line":152,"loc":{"start":{"line":152,"column":4},"end":{"line":165,"column":4}}},"6":{"name":"calcReward","line":170,"loc":{"start":{"line":170,"column":4},"end":{"line":184,"column":4}}},"7":{"name":"getClaim","line":189,"loc":{"start":{"line":189,"column":4},"end":{"line":201,"column":4}}},"8":{"name":"produced","line":207,"loc":{"start":{"line":207,"column":4},"end":{"line":212,"column":4}}},"9":{"name":"update","line":214,"loc":{"start":{"line":214,"column":4},"end":{"line":224,"column":4}}},"10":{"name":"getInfoByAddress","line":229,"loc":{"start":{"line":229,"column":4},"end":{"line":242,"column":4}}},"11":{"name":"getStakingInfo","line":247,"loc":{"start":{"line":247,"column":4},"end":{"line":258,"column":4}}},"12":{"name":"updateReward","line":263,"loc":{"start":{"line":263,"column":4},"end":{"line":267,"column":4}}},"13":{"name":"setStartTime","line":272,"loc":{"start":{"line":272,"column":4},"end":{"line":278,"column":4}}},"14":{"name":"updateTps","line":284,"loc":{"start":{"line":284,"column":4},"end":{"line":286,"column":4}}},"15":{"name":"updateRewardProduced","line":294,"loc":{"start":{"line":292,"column":4},"end":{"line":297,"column":4}}},"16":{"name":"updateRewardTotal","line":305,"loc":{"start":{"line":303,"column":4},"end":{"line":308,"column":4}}},"17":{"name":"updateTotalStaked","line":316,"loc":{"start":{"line":314,"column":4},"end":{"line":319,"column":4}}},"18":{"name":"updateTotalDistributed","line":327,"loc":{"start":{"line":325,"column":4},"end":{"line":330,"column":4}}},"19":{"name":"updateStakerInfo","line":341,"loc":{"start":{"line":335,"column":4},"end":{"line":348,"column":4}}},"20":{"name":"stakingPause","line":353,"loc":{"start":{"line":353,"column":4},"end":{"line":355,"column":4}}},"21":{"name":"unstakingPause","line":360,"loc":{"start":{"line":360,"column":4},"end":{"line":362,"column":4}}},"22":{"name":"claimingPause","line":367,"loc":{"start":{"line":367,"column":4},"end":{"line":369,"column":4}}},"23":{"name":"updatingPause","line":374,"loc":{"start":{"line":374,"column":4},"end":{"line":376,"column":4}}},"24":{"name":"removeTokenByAddress","line":388,"loc":{"start":{"line":384,"column":4},"end":{"line":391,"column":4}}}},"statementMap":{"1":{"start":{"line":81,"column":8},"end":{"line":81,"column":29}},"2":{"start":{"line":82,"column":8},"end":{"line":82,"column":31}},"3":{"start":{"line":83,"column":8},"end":{"line":83,"column":31}},"4":{"start":{"line":85,"column":8},"end":{"line":85,"column":29}},"5":{"start":{"line":86,"column":8},"end":{"line":86,"column":32}},"6":{"start":{"line":87,"column":8},"end":{"line":87,"column":33}},"7":{"start":{"line":88,"column":8},"end":{"line":88,"column":43}},"8":{"start":{"line":89,"column":8},"end":{"line":89,"column":52}},"9":{"start":{"line":90,"column":8},"end":{"line":90,"column":50}},"10":{"start":{"line":91,"column":8},"end":{"line":91,"column":49}},"11":{"start":{"line":92,"column":8},"end":{"line":92,"column":41}},"12":{"start":{"line":93,"column":8},"end":{"line":93,"column":44}},"13":{"start":{"line":110,"column":8},"end":{"line":110,"column":70}},"14":{"start":{"line":111,"column":8},"end":{"line":111,"column":3759}},"15":{"start":{"line":115,"column":8},"end":{"line":115,"column":50}},"16":{"start":{"line":116,"column":8},"end":{"line":116,"column":3943}},"17":{"start":{"line":117,"column":12},"end":{"line":117,"column":19}},"18":{"start":{"line":119,"column":8},"end":{"line":119,"column":61}},"19":{"start":{"line":120,"column":8},"end":{"line":120,"column":29}},"20":{"start":{"line":121,"column":8},"end":{"line":121,"column":31}},"21":{"start":{"line":122,"column":8},"end":{"line":122,"column":70}},"22":{"start":{"line":123,"column":8},"end":{"line":123,"column":57}},"23":{"start":{"line":135,"column":8},"end":{"line":135,"column":74}},"24":{"start":{"line":136,"column":8},"end":{"line":136,"column":50}},"25":{"start":{"line":137,"column":8},"end":{"line":137,"column":4593}},"26":{"start":{"line":141,"column":8},"end":{"line":141,"column":15}},"27":{"start":{"line":142,"column":8},"end":{"line":142,"column":64}},"28":{"start":{"line":143,"column":8},"end":{"line":143,"column":31}},"29":{"start":{"line":144,"column":8},"end":{"line":144,"column":29}},"30":{"start":{"line":145,"column":8},"end":{"line":145,"column":51}},"31":{"start":{"line":146,"column":8},"end":{"line":146,"column":59}},"32":{"start":{"line":153,"column":8},"end":{"line":153,"column":72}},"33":{"start":{"line":154,"column":8},"end":{"line":154,"column":5166}},"34":{"start":{"line":155,"column":12},"end":{"line":155,"column":19}},"35":{"start":{"line":157,"column":8},"end":{"line":157,"column":63}},"36":{"start":{"line":158,"column":8},"end":{"line":158,"column":65}},"37":{"start":{"line":159,"column":8},"end":{"line":159,"column":50}},"38":{"start":{"line":160,"column":8},"end":{"line":160,"column":35}},"39":{"start":{"line":161,"column":8},"end":{"line":161,"column":33}},"40":{"start":{"line":163,"column":8},"end":{"line":163,"column":51}},"41":{"start":{"line":164,"column":8},"end":{"line":164,"column":57}},"42":{"start":{"line":175,"column":8},"end":{"line":175,"column":47}},"43":{"start":{"line":177,"column":8},"end":{"line":177,"column":5871}},"44":{"start":{"line":183,"column":8},"end":{"line":183,"column":21}},"45":{"start":{"line":190,"column":8},"end":{"line":190,"column":37}},"46":{"start":{"line":191,"column":8},"end":{"line":191,"column":6238}},"47":{"start":{"line":192,"column":12},"end":{"line":192,"column":52}},"48":{"start":{"line":193,"column":12},"end":{"line":193,"column":6331}},"49":{"start":{"line":194,"column":16},"end":{"line":194,"column":74}},"50":{"start":{"line":195,"column":16},"end":{"line":195,"column":57}},"51":{"start":{"line":198,"column":8},"end":{"line":198,"column":41}},"52":{"start":{"line":200,"column":8},"end":{"line":200,"column":21}},"53":{"start":{"line":208,"column":8},"end":{"line":208,"column":6774}},"54":{"start":{"line":215,"column":8},"end":{"line":215,"column":64}},"55":{"start":{"line":216,"column":8},"end":{"line":216,"column":48}},"56":{"start":{"line":217,"column":8},"end":{"line":217,"column":7043}},"57":{"start":{"line":218,"column":12},"end":{"line":218,"column":70}},"58":{"start":{"line":219,"column":12},"end":{"line":219,"column":7175}},"59":{"start":{"line":220,"column":16},"end":{"line":220,"column":67}},"60":{"start":{"line":222,"column":12},"end":{"line":222,"column":47}},"61":{"start":{"line":238,"column":8},"end":{"line":238,"column":44}},"62":{"start":{"line":239,"column":8},"end":{"line":239,"column":30}},"63":{"start":{"line":240,"column":8},"end":{"line":240,"column":30}},"64":{"start":{"line":241,"column":8},"end":{"line":241,"column":60}},"65":{"start":{"line":248,"column":8},"end":{"line":248,"column":7954}},"66":{"start":{"line":257,"column":8},"end":{"line":257,"column":20}},"67":{"start":{"line":264,"column":8},"end":{"line":264,"column":31}},"68":{"start":{"line":265,"column":8},"end":{"line":265,"column":37}},"69":{"start":{"line":266,"column":8},"end":{"line":266,"column":33}},"70":{"start":{"line":273,"column":8},"end":{"line":273,"column":8764}},"71":{"start":{"line":277,"column":8},"end":{"line":277,"column":29}},"72":{"start":{"line":285,"column":8},"end":{"line":285,"column":28}},"73":{"start":{"line":296,"column":8},"end":{"line":296,"column":39}},"74":{"start":{"line":307,"column":8},"end":{"line":307,"column":33}},"75":{"start":{"line":318,"column":8},"end":{"line":318,"column":33}},"76":{"start":{"line":329,"column":8},"end":{"line":329,"column":43}},"77":{"start":{"line":342,"column":8},"end":{"line":342,"column":45}},"78":{"start":{"line":344,"column":8},"end":{"line":344,"column":30}},"79":{"start":{"line":345,"column":8},"end":{"line":345,"column":44}},"80":{"start":{"line":346,"column":8},"end":{"line":346,"column":38}},"81":{"start":{"line":347,"column":8},"end":{"line":347,"column":40}},"82":{"start":{"line":354,"column":8},"end":{"line":354,"column":30}},"83":{"start":{"line":361,"column":8},"end":{"line":361,"column":32}},"84":{"start":{"line":368,"column":8},"end":{"line":368,"column":31}},"85":{"start":{"line":375,"column":8},"end":{"line":375,"column":23}},"86":{"start":{"line":389,"column":8},"end":{"line":389,"column":62}},"87":{"start":{"line":390,"column":8},"end":{"line":390,"column":59}}},"branchMap":{"1":{"line":110,"type":"if","locations":[{"start":{"line":110,"column":8},"end":{"line":110,"column":8}},{"start":{"line":110,"column":8},"end":{"line":110,"column":8}}]},"2":{"line":111,"type":"if","locations":[{"start":{"line":111,"column":8},"end":{"line":111,"column":8}},{"start":{"line":111,"column":8},"end":{"line":111,"column":8}}]},"3":{"line":116,"type":"if","locations":[{"start":{"line":116,"column":8},"end":{"line":116,"column":8}},{"start":{"line":116,"column":8},"end":{"line":116,"column":8}}]},"4":{"line":135,"type":"if","locations":[{"start":{"line":135,"column":8},"end":{"line":135,"column":8}},{"start":{"line":135,"column":8},"end":{"line":135,"column":8}}]},"5":{"line":137,"type":"if","locations":[{"start":{"line":137,"column":8},"end":{"line":137,"column":8}},{"start":{"line":137,"column":8},"end":{"line":137,"column":8}}]},"6":{"line":153,"type":"if","locations":[{"start":{"line":153,"column":8},"end":{"line":153,"column":8}},{"start":{"line":153,"column":8},"end":{"line":153,"column":8}}]},"7":{"line":154,"type":"if","locations":[{"start":{"line":154,"column":8},"end":{"line":154,"column":8}},{"start":{"line":154,"column":8},"end":{"line":154,"column":8}}]},"8":{"line":158,"type":"if","locations":[{"start":{"line":158,"column":8},"end":{"line":158,"column":8}},{"start":{"line":158,"column":8},"end":{"line":158,"column":8}}]},"9":{"line":191,"type":"if","locations":[{"start":{"line":191,"column":8},"end":{"line":191,"column":8}},{"start":{"line":191,"column":8},"end":{"line":191,"column":8}}]},"10":{"line":193,"type":"if","locations":[{"start":{"line":193,"column":12},"end":{"line":193,"column":12}},{"start":{"line":193,"column":12},"end":{"line":193,"column":12}}]},"11":{"line":215,"type":"if","locations":[{"start":{"line":215,"column":8},"end":{"line":215,"column":8}},{"start":{"line":215,"column":8},"end":{"line":215,"column":8}}]},"12":{"line":217,"type":"if","locations":[{"start":{"line":217,"column":8},"end":{"line":217,"column":8}},{"start":{"line":217,"column":8},"end":{"line":217,"column":8}}]},"13":{"line":219,"type":"if","locations":[{"start":{"line":219,"column":12},"end":{"line":219,"column":12}},{"start":{"line":219,"column":12},"end":{"line":219,"column":12}}]},"14":{"line":273,"type":"if","locations":[{"start":{"line":273,"column":8},"end":{"line":273,"column":8}},{"start":{"line":273,"column":8},"end":{"line":273,"column":8}}]},"15":{"line":389,"type":"if","locations":[{"start":{"line":389,"column":8},"end":{"line":389,"column":8}},{"start":{"line":389,"column":8},"end":{"line":389,"column":8}}]}}},"contracts/WQPensionFund.sol":{"l":{"55":84,"56":84,"58":84,"59":84,"60":84,"61":84,"63":84,"64":84,"81":0,"82":0,"83":0,"84":0,"85":0,"87":0,"88":0,"89":0,"97":0,"98":0,"99":0,"100":0,"101":0,"102":0,"103":0,"104":0,"105":0,"106":0,"116":0,"117":0,"118":0,"119":0,"121":0,"125":0,"129":0,"133":0,"137":0,"138":0,"139":0,"143":0,"147":0,"148":0,"149":0,"150":0,"157":0},"path":"/home/des/Documents/WorkQuest/Contracts/contracts/WQPensionFund.sol","s":{"1":84,"2":84,"3":84,"4":84,"5":84,"6":84,"7":84,"8":84,"9":0,"10":0,"11":0,"12":0,"13":0,"14":0,"15":0,"16":0,"17":0,"18":0,"19":0,"20":0,"21":0,"22":0,"23":0,"24":0,"25":0,"26":0,"27":0,"28":0,"29":0,"30":0,"31":0,"32":0,"33":0,"34":0,"35":0,"36":0,"37":0,"38":0,"39":0,"40":0,"41":0,"42":0},"b":{"1":[0,0],"2":[0,0],"3":[0,0],"4":[0,0],"5":[0,0],"6":[0,0],"7":[0,0],"8":[0,0],"9":[0,0]},"f":{"1":84,"2":0,"3":0,"4":0,"5":0,"6":0,"7":0,"8":0,"9":0},"fnMap":{"1":{"name":"initialize","line":53,"loc":{"start":{"line":51,"column":4},"end":{"line":65,"column":4}}},"2":{"name":"_authorizeUpgrade","line":70,"loc":{"start":{"line":67,"column":4},"end":{"line":71,"column":5}}},"3":{"name":"contribute","line":80,"loc":{"start":{"line":80,"column":4},"end":{"line":90,"column":4}}},"4":{"name":"withdraw","line":96,"loc":{"start":{"line":96,"column":4},"end":{"line":107,"column":4}}},"5":{"name":"updateFee","line":115,"loc":{"start":{"line":115,"column":4},"end":{"line":122,"column":4}}},"6":{"name":"updateDefaultFee","line":124,"loc":{"start":{"line":124,"column":4},"end":{"line":130,"column":4}}},"7":{"name":"balanceOf","line":132,"loc":{"start":{"line":132,"column":4},"end":{"line":134,"column":4}}},"8":{"name":"borrow","line":136,"loc":{"start":{"line":136,"column":4},"end":{"line":151,"column":4}}},"9":{"name":"refund","line":154,"loc":{"start":{"line":154,"column":4},"end":{"line":154,"column":49}}}},"statementMap":{"1":{"start":{"line":55,"column":8},"end":{"line":55,"column":29}},"2":{"start":{"line":56,"column":8},"end":{"line":56,"column":31}},"3":{"start":{"line":58,"column":8},"end":{"line":58,"column":49}},"4":{"start":{"line":59,"column":8},"end":{"line":59,"column":41}},"5":{"start":{"line":60,"column":8},"end":{"line":60,"column
[...]
rt":{"line":47,"column":8},"end":{"line":47,"column":57}},"10":{"start":{"line":54,"column":8},"end":{"line":54,"column":35}},"11":{"start":{"line":55,"column":8},"end":{"line":55,"column":51}},"12":{"start":{"line":59,"column":8},"end":{"line":59,"column":28}},"13":{"start":{"line":63,"column":8},"end":{"line":63,"column":32}},"14":{"start":{"line":67,"column":8},"end":{"line":67,"column":15}},"15":{"start":{"line":71,"column":8},"end":{"line":71,"column":17}},"16":{"start":{"line":79,"column":8},"end":{"line":79,"column":50}}},"branchMap":{"1":{"line":27,"type":"if","locations":[{"start":{"line":27,"column":8},"end":{"line":27,"column":8}},{"start":{"line":27,"column":8},"end":{"line":27,"column":8}}]}}},"contracts/WQTInterface.sol":{"l":{},"path":"/home/des/Documents/WorkQuest/Contracts/contracts/WQTInterface.sol","s":{},"b":{},"f":{},"fnMap":{},"statementMap":{},"branchMap":{}},"contracts/WQToken.sol":{"l":{"91":84,"95":84,"96":84,"97":84,"98":84,"99":84,"100":84,"101":84,"108":0,"115":0,"125":0,"126":0,"141":0,"152":0,"153":0,"170":0,"172":0,"173":0,"177":0,"181":0,"193":0,"198":0,"211":0,"212":0,"216":0,"220":0,"231":0,"232":0,"241":0,"242":0,"253":0,"260":0,"267":0,"274":0,"275":0,"288":0,"289":0,"296":0,"300":0,"301":0,"305":0,"306":0,"307":0,"325":0,"329":0,"339":0,"343":0,"353":0,"357":0,"368":0,"372":0,"373":0,"381":0,"382":0,"384":0,"386":0,"387":0,"391":0,"394":0,"396":0,"404":0,"405":0,"407":0,"408":0,"419":0,"423":0,"427":0,"431":0,"432":0,"433":0,"434":0,"436":0,"438":0,"450":0,"451":0,"452":0,"457":0,"460":0,"461":0,"466":0,"479":0,"480":0,"481":0,"482":0,"483":0,"484":0,"486":0,"490":0,"498":0,"499":0,"500":0,"502":0,"503":0,"505":0,"515":0,"519":0,"523":0,"524":0,"527":0,"534":84,"547":84,"548":84,"553":84,"555":84,"556":84,"557":84,"572":0,"574":0,"576":0,"577":0,"578":0,"581":0,"583":0,"605":84},"path":"/home/des/Documents/WorkQuest/Contracts/contracts/WQToken.sol","s":{"1":84,"2":84,"3":84,"4":84,"5":84,"6":84,"7":84,"8":84,"9":0,"10":0,"11":0,"12":0,"13":0,"14":0,"15":0,"16":0,"17":0,"18":0,"19":0,"20":0,"21":0,"22":0,"23":0,"24":0,"25":0,"26":0,"27":0,"28":0,"29":0,"30":0,"31":0,"32":0,"33":0,"34":0,"35":0,"36":0,"37":0,"38":0,"39":0,"40":0,"41":0,"42":0,"43":0,"44":0,"45":0,"46":0,"47":0,"48":0,"49":0,"50":0,"51":0,"52":0,"53":0,"54":0,"55":0,"56":0,"57":0,"58":0,"59":0,"60":0,"61":0,"62":0,"63":0,"64":0,"65":0,"66":0,"67":0,"68":0,"69":0,"70":0,"71":0,"72":0,"73":0,"74":0,"75":0,"76":0,"77":0,"78":0,"79":0,"80":0,"81":0,"82":0,"83":0,"84":0,"85":0,"86":0,"87":0,"88":0,"89":0,"90":0,"91":0,"92":0,"93":0,"94":0,"95":0,"96":84,"97":84,"98":84,"99":84,"100":84,"101":84,"102":84,"103":0,"104":0,"105":0,"106":0,"107":0,"108":0,"109":84},"b":{"1":[84,0],"2":[0,0],"3":[0,0],"4":[0,0],"5":[0,0],"6":[0,0],"7":[0,0],"8":[0,0],"9":[0,0],"10":[0,0],"11":[0,0],"12":[0,0],"13":[0,0],"14":[0,0],"15":[0,0],"16":[0,0],"17":[0,0],"18":[0,0],"19":[0,0],"20":[0,0],"21":[0,0],"22":[0,0],"23":[0,0],"24":[0,0],"25":[0,0],"26":[84,0],"27":[84,0],"28":[0,0],"29":[0,0],"30":[84,0]},"f":{"1":84,"2":0,"3":0,"4":0,"5":0,"6":0,"7":0,"8":0,"9":0,"10":0,"11":0,"12":0,"13":0,"14":0,"15":0,"16":0,"17":0,"18":0,"19":0,"20":0,"21":0,"22":0,"23":0,"24":0,"25":0,"26":0,"27":0,"28":0,"29":0,"30":0,"31":0,"32":84,"33":84,"34":0,"35":84},"fnMap":{"1":{"name":"initialize","line":90,"loc":{"start":{"line":90,"column":4},"end":{"line":102,"column":4}}},"2":{"name":"balanceOf","line":107,"loc":{"start":{"line":107,"column":4},"end":{"line":109,"column":4}}},"3":{"name":"votePowerOf","line":114,"loc":{"start":{"line":114,"column":4},"end":{"line":116,"column":4}}},"4":{"name":"transfer","line":124,"loc":{"start":{"line":124,"column":4},"end":{"line":127,"column":4}}},"5":{"name":"allowance","line":136,"loc":{"start":{"line":136,"column":4},"end":{"line":142,"column":4}}},"6":{"name":"approve","line":151,"loc":{"start":{"line":151,"column":4},"end":{"line":154,"column":4}}},"7":{"name":"transferFrom","line":165,"loc":{"start":{"line":165,"column":4},"end":{"line":182,"column":4}}},"8":{"name":"increaseAllowance","line":189,"loc":{"start":{"line":189,"column":4},"end":{"line":199,"column":4}}},"9":{"name":"decreaseAllowance","line":207,"loc":{"start":{"line":207,"column":4},"end":{"line":221,"column":4}}},"10":{"name":"mint","line":230,"loc":{"start":{"line":230,"column":4},"end":{"line":233,"column":4}}},"11":{"name":"burn","line":240,"loc":{"start":{"line":240,"column":4},"end":{"line":243,"column":4}}},"12":{"name":"checkpoints","line":248,"loc":{"start":{"line":248,"column":4},"end":{"line":254,"column":4}}},"13":{"name":"numCheckpoints","line":259,"loc":{"start":{"line":259,"column":4},"end":{"line":261,"column":4}}},"14":{"name":"delegates","line":266,"loc":{"start":{"line":266,"column":4},"end":{"line":268,"column":4}}},"15":{"name":"getVotes","line":273,"loc":{"start":{"line":273,"column":4},"end":{"line":276,"column":4}}},"16":{"name":"getPastVotes","line":283,"loc":{"start":{"line":283,"column":4},"end":{"line":290,"column":4}}},"17":{"name":"delegate","line":295,"loc":{"start":{"line":295,"column":4},"end":{"line":297,"column":4}}},"18":{"name":"withdrawVotingRights","line":299,"loc":{"start":{"line":299,"column":4},"end":{"line":312,"column":4}}},"19":{"name":"setSaleContract","line":324,"loc":{"start":{"line":324,"column":4},"end":{"line":330,"column":4}}},"20":{"name":"lockTransfers","line":338,"loc":{"start":{"line":338,"column":4},"end":{"line":344,"column":4}}},"21":{"name":"unlockTransfers","line":352,"loc":{"start":{"line":352,"column":4},"end":{"line":358,"column":4}}},"22":{"name":"unlockTransfersPermanent","line":367,"loc":{"start":{"line":367,"column":4},"end":{"line":374,"column":4}}},"23":{"name":"_transfer","line":376,"loc":{"start":{"line":376,"column":4},"end":{"line":397,"column":4}}},"24":{"name":"_approve","line":399,"loc":{"start":{"line":399,"column":4},"end":{"line":409,"column":4}}},"25":{"name":"_delegate","line":414,"loc":{"start":{"line":414,"column":4},"end":{"line":443,"column":4}}},"26":{"name":"_moveVotingPower","line":445,"loc":{"start":{"line":445,"column":4},"end":{"line":469,"column":4}}},"27":{"name":"_checkpointsLookup","line":474,"loc":{"start":{"line":474,"column":4},"end":{"line":491,"column":4}}},"28":{"name":"_writeCheckpoint","line":493,"loc":{"start":{"line":493,"column":4},"end":{"line":512,"column":4}}},"29":{"name":"_add","line":514,"loc":{"start":{"line":514,"column":4},"end":{"line":516,"column":4}}},"30":{"name":"_subtract","line":518,"loc":{"start":{"line":518,"column":4},"end":{"line":520,"column":4}}},"31":{"name":"getChainId","line":522,"loc":{"start":{"line":522,"column":4},"end":{"line":528,"column":4}}},"32":{"name":"_maxSupply","line":533,"loc":{"start":{"line":533,"column":4},"end":{"line":535,"column":4}}},"33":{"name":"_mint","line":546,"loc":{"start":{"line":546,"column":4},"end":{"line":558,"column":4}}},"34":{"name":"_burn","line":571,"loc":{"start":{"line":571,"column":4},"end":{"line":584,"column":4}}},"35":{"name":"_beforeTokenTransfer","line":604,"loc":{"start":{"line":604,"column":4},"end":{"line":609,"column":4}}}},"statementMap":{"1":{"start":{"line":91,"column":8},"end":{"line":91,"column":2671}},"2":{"start":{"line":95,"column":8},"end":{"line":95,"column":26}},"3":{"start":{"line":96,"column":8},"end":{"line":96,"column":25}},"4":{"start":{"line":97,"column":8},"end":{"line":97,"column":34}},"5":{"start":{"line":98,"column":8},"end":{"line":98,"column":44}},"6":{"start":{"line":99,"column":8},"end":{"line":99,"column":36}},"7":{"start":{"line":100,"column":8},"end":{"line":100,"column":45}},"8":{"start":{"line":101,"column":8},"end":{"line":101,"column":45}},"9":{"start":{"line":108,"column":8},"end":{"line":108,"column":33}},"10":{"start":{"line":115,"column":8},"end":{"line":115,"column":47}},"11":{"start":{"line":125,"column":8},"end":{"line":125,"column":47}},"12":{"start":{"line":126,"column":8},"end":{"line":126,"column":19}},"13":{"start":{"line":141,"column":8},"end":{"line":141,"column":44}},"14":{"start":{"line":152,"column":8},"end":{"line":152,"column":44}},"15":{"start":{"line":153,"column":8},"end":{"line":153,"column":19}},"16":{"start":{"line":170,"column":8},"end":{"line":170,"column":43}},"17":{"start":{"line":172,"column":8},"end":{"line":172,"column":66}},"18":{"start":{"line":173,"column":8},"end":{"line":173,"column":5479}},"19":{"start":{"line":181,"column":8},"end":{"line":181,"column":19}},"20":{"start":{"line":193,"column":8},"end":{"line":193,"column":6083}},"21":{"start":{"line":198,"column":8},"end":{"line":198,"column":19}},"22":{"start":{"line":211,"column":8},"end":{"line":211,"column":67}},"23":{"start":{"line":212,"column":8},"end":{"line":212,"column":6759}},"24":{"start":{"line":220,"column":8},"end":{"line":220,"column":19}},"25":{"start":{"line":231,"column":8},"end":{"line":231,"column":82}},"26":{"start":{"line":232,"column":8},"end":{"line":232,"column":29}},"27":{"start":{"line":241,"column":8},"end":{"line":241,"column":82}},"28":{"start":{"line":242,"column":8},"end":{"line":242,"column":29}},"29":{"start":{"line":253,"column":8},"end":{"line":253,"column":41}},"30":{"start":{"line":260,"column":8},"end":{"line":260,"column":62}},"31":{"start":{"line":267,"column":8},"end":{"line":267,"column":34}},"32":{"start":{"line":274,"column":8},"end":{"line":274,"column":50}},"33":{"start":{"line":275,"column":8},"end":{"line":275,"column":66}},"34":{"start":{"line":288,"column":8},"end":{"line":288,"column":70}},"35":{"start":{"line":289,"column":8},"end":{"line":289,"column":69}},"36":{"start":{"line":296,"column":8},"end":{"line":296,"column":55}},"37":{"start":{"line":300,"column":8},"end":{"line":300,"column":60}},"38":{"start":{"line":301,"column":8},"end":{"line":301,"column":9550}},"39":{"start":{"line":305,"column":8},"end":{"line":305,"column":51}},"40":{"start":{"line":306,"column":8},"end":{"line":306,"column":38}},"41":{"start":{"line":307,"column":8},"end":{"line":307,"column":9767}},"42":{"start":{"line":325,"column":8},"end":{"line":325,"column":10277}},"43":{"start":{"line":329,"column":8},"end":{"line":329,"column":35}},"44":{"start":{"line":339,"column":8},"end":{"line":339,"column":10631}},"45":{"start":{"line":343,"column":8},"end":{"line":343,"column":21}},"46":{"start":{"line":353,"column":8},"end":{"line":353,"column":10956}},"47":{"start":{"line":357,"column":8},"end":{"line":357,"column":22}},"48":{"start":{"line":368,"column":8},"end":{"line":368,"column":11353}},"49":{"start":{"line":372,"column":8},"end":{"line":372,"column":22}},"50":{"start":{"line":373,"column":8},"end":{"line":373,"column":26}},"51":{"start":{"line":381,"column":8},"end":{"line":381,"column":75}},"52":{"start":{"line":382,"column":8},"end":{"line":382,"column":76}},"53":{"start":{"line":384,"column":8},"end":{"line":384,"column":29}},"54":{"start":{"line":386,"column":8},"end":{"line":386,"column":49}},"55":{"start":{"line":387,"column":8},"end":{"line":387,"column":11924}},"56":{"start":{"line":394,"column":8},"end":{"line":394,"column":37}},"57":{"start":{"line":396,"column":8},"end":{"line":396,"column":48}},"58":{"start":{"line":404,"column":8},"end":{"line":404,"column":75}},"59":{"start":{"line":405,"column":8},"end":{"line":405,"column":73}},"60":{"start":{"line":407,"column":8},"end":{"line":407,"column":45}},"61":{"start":{"line":408,"column":8},"end":{"line":408,"column":47}},"62":{"start":{"line":419,"column":8},"end":{"line":419,"column":12792}},"63":{"start":{"line":423,"column":8},"end":{"line":423,"column":12915}},"64":{"start":{"line":427,"column":8},"end":{"line":427,"column":13035}},"65":{"start":{"line":431,"column":8},"end":{"line":431,"column":54}},"66":{"start":{"line":432,"column":8},"end":{"line":432,"column":51}},"67":{"start":{"line":433,"column":8},"end":{"line":433,"column":37}},"68":{"start":{"line":434,"column":8},"end":{"line":434,"column":40}},"69":{"start":{"line":436,"column":8},"end":{"line":436,"column":67}},"70":{"start":{"line":438,"column":8},"end":{"line":438,"column":13421}},"71":{"start":{"line":450,"column":8},"end":{"line":450,"column":13676}},"72":{"start":{"line":451,"column":12},"end":{"line":451,"column":13724}},"73":{"start":{"line":452,"column":16},"end":{"line":452,"column":13770}},"74":{"start":{"line":457,"column":16},"end":{"line":457,"column":68}},"75":{"start":{"line":460,"column":12},"end":{"line":460,"column":14037}},"76":{"start":{"line":461,"column":16},"end":{"line":461,"column":14083}},"77":{"start":{"line":466,"column":16},"end":{"line":466,"column":68}},"78":{"start":{"line":479,"column":8},"end":{"line":479,"column":35}},"79":{"start":{"line":480,"column":8},"end":{"line":480,"column":23}},"80":{"start":{"line":481,"column":8},"end":{"line":481,"column":14635}},"81":{"start":{"line":482,"column":12},"end":{"line":482,"column":49}},"82":{"start":{"line":483,"column":12},"end":{"line":483,"column":14723}},"83":{"start":{"line":484,"column":16},"end":{"line":484,"column":25}},"84":{"start":{"line":486,"column":16},"end":{"line":486,"column":28}},"85":{"start":{"line":490,"column":8},"end":{"line":490,"column":52}},"86":{"start":{"line":498,"column":8},"end":{"line":498,"column":34}},"87":{"start":{"line":499,"column":8},"end":{"line":499,"column":54}},"88":{"start":{"line":500,"column":8},"end":{"line":500,"column":39}},"89":{"start":{"line":502,"column":8},"end":{"line":502,"column":15285}},"90":{"start":{"line":503,"column":12},"end":{"line":503,"column":63}},"91":{"start":{"line":505,"column":12},"end":{"line":505,"column":15443}},"92":{"start":{"line":515,"column":8},"end":{"line":515,"column":20}},"93":{"start":{"line":519,"column":8},"end":{"line":519,"column":20}},"94":{"start":{"line":523,"column":8},"end":{"line":523,"column":23}},"95":{"start":{"line":527,"column":8},"end":{"line":527,"column":22}},"96":{"start":{"line":534,"column":8},"end":{"line":534,"column":32}},"97":{"start":{"line":547,"column":8},"end":{"line":547,"column":70}},"98":{"start":{"line":548,"column":8},"end":{"line":548,"column":16653}},"99":{"start":{"line":553,"column":8},"end":{"line":553,"column":29}},"100":{"start":{"line":555,"column":8},"end":{"line":555,"column":28}},"101":{"start":{"line":556,"column":8},"end":{"line":556,"column":35}},"102":{"start":{"line":557,"column":8},"end":{"line":557,"column":50}},"103":{"start":{"line":572,"column":8},"end":{"line":572,"column":72}},"104":{"start":{"line":574,"column":8},"end":{"line":574,"column":29}},"105":{"start":{"line":576,"column":8},"end":{"line":576,"column":51}},"106":{"start":{"line":577,"column":8},"end":{"line":577,"column":76}},"107":{"start":{"line":581,"column":8},"end":{"line":581,"column":28}},"108":{"start":{"line":583,"column":8},"end":{"line":583,"column":50}},"109":{"start":{"line":605,"column":8},"end":{"line":605,"column":18442}}},"branchMap":{"1":{"line":91,"type":"if","locations":[{"start":{"line":91,"column":8},"end":{"line":91,"column":8}},{"start":{"line":91,"column":8},"end":{"line":91,"column":8}}]},"2":{"line":173,"type":"if","locations":[{"start":{"line":173,"column":8},"end":{"line":173,"column":8}},{"start":{"line":173,"column":8},"end":{"line":173,"column":8}}]},"3":{"line":212,"type":"if","locations":[{"start":{"line":212,"column":8},"end":{"line":212,"column":8}},{"start":{"line":212,"column":8},"end":{"line":212,"column":8}}]},"4":{"line":231,"type":"if","locations":[{"start":{"line":231,"column":8},"end":{"line":231,"column":8}},{"start":{"line":231,"column":8},"end":{"line":231,"column":8}}]},"5":{"line":241,"type":"if","locations":[{"start":{"line":241,"column":8},"end":{"line":241,"column":8}},{"start":{"line":241,"column":8},"end":{"line":241,"column":8}}]},"6":{"line":288,"type":"if","locations":[{"start":{"line":288,"column":8},"end":{"line":288,"column":8}},{"start":{"line":288,"column":8},"end":{"line":288,"column":8}}]},"7":{"line":300,"type":"if","locations":[{"start":{"line":300,"column":8},"end":{"line":300,"column":8}},{"start":{"line":300,"column":8},"end":{"line":300,"column":8}}]},"8":{"line":301,"type":"if","locations":[{"start":{"line":301,"column":8},"end":{"line":301,"column":8}},{"start":{"line":301,"column":8},"end":{"line":301,"column":8}}]},"9":{"line":325,"type":"if","locations":[{"start":{"line":325,"column":8},"end":{"line":325,"column":8}},{"start":{"line":325,"column":8},"end":{"line":325,"column":8}}]},"10":{"line":339,"type":"if","locations":[{"start":{"line":339,"column":8},"end":{"line":339,"column":8}},{"start":{"line":339,"column":8},"end":{"line":339,"column":8}}]},"11":{"line":353,"type":"if","locations":[{"start":{"line":353,"column":8},"end":{"line":353,"column":8}},{"start":{"line":353,"column":8},"end":{"line":353,"column":8}}]},"12":{"line":368,"type":"if","locations":[{"start":{"line":368,"column":8},"end":{"line":368,"column":8}},{"start":{"line":368,"column":8},"end":{"line":368,"column":8}}]},"13":{"line":381,"type":"if","locations":[{"start":{"line":381,"column":8},"end":{"line":381,"column":8}},{"start":{"line":381,"column":8},"end":{"line":381,"column":8}}]},"14":{"line":382,"type":"if","locations":[{"start":{"line":382,"column":8},"end":{"line":382,"column":8}},{"start":{"line":382,"column":8},"end":{"line":382,"column":8}}]},"15":{"line":387,"type":"if","locations":[{"start":{"line":387,"column":8},"end":{"line":387,"column":8}},{"start":{"line":387,"column":8},"end":{"line":387,"column":8}}]},"16":{"line":404,"type":"if","locations":[{"start":{"line":404,"column":8},"end":{"line":404,"column":8}},{"start":{"line":404,"column":8},"end":{"line":404,"column":8}}]},"17":{"line":405,"type":"if","locations":[{"start":{"line":405,"column":8},"end":{"line":405,"column":8}},{"start":{"line":405,"column":8},"end":{"line":405,"column":8}}]},"18":{"line":419,"type":"if","locations":[{"start":{"line":419,"column":8},"end":{"line":419,"column":8}},{"start":{"line":419,"column":8},"end":{"line":419,"column":8}}]},"19":{"line":423,"type":"if","locations":[{"start":{"line":423,"column":8},"end":{"line":423,"column":8}},{"start":{"line":423,"column":8},"end":{"line":423,"column":8}}]},"20":{"line":427,"type":"if","locations":[{"start":{"line":427,"column":8},"end":{"line":427,"column":8}},{"start":{"line":427,"column":8},"end":{"line":427,"column":8}}]},"21":{"line":450,"type":"if","locations":[{"start":{"line":450,"column":8},"end":{"line":450,"column":8}},{"start":{"line":450,"column":8},"end":{"line":450,"column":8}}]},"22":{"line":451,"type":"if","locations":[{"start":{"line":451,"column":12},"end":{"line":451,"column":12}},{"start":{"line":451,"column":12},"end":{"line":451,"column":12}}]},"23":{"line":460,"type":"if","locations":[{"start":{"line":460,"column":12},"end":{"line":460,"column":12}},{"start":{"line":460,"column":12},"end":{"line":460,"column":12}}]},"24":{"line":483,"type":"if","locations":[{"start":{"line":483,"column":12},"end":{"line":483,"column":12}},{"start":{"line":483,"column":12},"end":{"line":483,"column":12}}]},"25":{"line":502,"type":"if","locations":[{"start":{"line":502,"column":8},"end":{"line":502,"column":8}},{"start":{"line":502,"column":8},"end":{"line":502,"column":8}}]},"26":{"line":547,"type":"if","locations":[{"start":{"line":547,"column":8},"end":{"line":547,"column":8}},{"start":{"line":547,"column":8},"end":{"line":547,"column":8}}]},"27":{"line":548,"type":"if","locations":[{"start":{"line":548,"column":8},"end":{"line":548,"column":8}},{"start":{"line":548,"column":8},"end":{"line":548,"column":8}}]},"28":{"line":572,"type":"if","locations":[{"start":{"line":572,"column":8},"end":{"line":572,"column":8}},{"start":{"line":572,"column":8},"end":{"line":572,"column":8}}]},"29":{"line":577,"type":"if","locations":[{"start":{"line":577,"column":8},"end":{"line":577,"column":8}},{"start":{"line":577,"column":8},"end":{"line":577,"column":8}}]},"30":{"line":605,"type":"if","locations":[{"start":{"line":605,"column":8},"end":{"line":605,"column":8}},{"start":{"line":605,"column":8},"end":{"line":605,"column":8}}]}}}}